Warning: you requested the nanomsg event logger, but bmv2 was compiled without -DBMELOG, and the event logger cannot be activated
Calling target program-options parser
[06:38:45.929] [bmv2] [D] [thread 2254] Set default default entry for table 'MyIngress.pkt_forward': NoAction - 
Adding interface s1-eth1 as port 1
[06:38:45.931] [bmv2] [D] [thread 2254] Adding interface s1-eth1 as port 1
Adding interface s1-eth2 as port 2
[06:38:45.962] [bmv2] [D] [thread 2254] Adding interface s1-eth2 as port 2
Adding interface s1-eth3 as port 3
[06:38:45.994] [bmv2] [D] [thread 2254] Adding interface s1-eth3 as port 3
Adding interface s1-cpu-eth0 as port 4
[06:38:46.019] [bmv2] [D] [thread 2254] Adding interface s1-cpu-eth0 as port 4
[06:38:46.046] [bmv2] [I] [thread 2254] Starting Thrift server on port 9090
[06:38:46.050] [bmv2] [I] [thread 2254] Thrift server was started
[06:38:46.108] [bmv2] [D] [thread 2260] [0.0] [cxt 0] Processing packet received on port 4
[06:38:46.108] [bmv2] [D] [thread 2260] [0.0] [cxt 0] Parser 'parser': start
[06:38:46.108] [bmv2] [D] [thread 2260] [0.0] [cxt 0] Parser 'parser' entering state 'start'
[06:38:46.108] [bmv2] [D] [thread 2260] [0.0] [cxt 0] Extracting header 'ethernet'
[06:38:46.108] [bmv2] [D] [thread 2260] [0.0] [cxt 0] Parser state 'start': key is 86dd
[06:38:46.108] [bmv2] [T] [thread 2260] [0.0] [cxt 0] Bytes parsed: 14
[06:38:46.108] [bmv2] [D] [thread 2260] [0.0] [cxt 0] Parser 'parser': end
[06:38:46.108] [bmv2] [D] [thread 2260] [0.0] [cxt 0] Pipeline 'ingress': start
[06:38:46.108] [bmv2] [T] [thread 2260] [0.0] [cxt 0] Applying table 'MyIngress.pkt_forward'
[06:38:46.108] [bmv2] [D] [thread 2260] [0.0] [cxt 0] Looking up key:
* hdr.ipv4.dstAddr    : 00000000

[06:38:46.108] [bmv2] [D] [thread 2260] [0.0] [cxt 0] Table 'MyIngress.pkt_forward': miss
[06:38:46.108] [bmv2] [D] [thread 2260] [0.0] [cxt 0] Action entry is NoAction - 
[06:38:46.108] [bmv2] [T] [thread 2260] [0.0] [cxt 0] Action NoAction
[06:38:46.108] [bmv2] [D] [thread 2260] [0.0] [cxt 0] Pipeline 'ingress': end
[06:38:46.108] [bmv2] [D] [thread 2260] [0.0] [cxt 0] Egress port is 0
[06:38:46.109] [bmv2] [D] [thread 2261] [0.0] [cxt 0] Pipeline 'egress': start
[06:38:46.109] [bmv2] [D] [thread 2261] [0.0] [cxt 0] Pipeline 'egress': end
[06:38:46.109] [bmv2] [D] [thread 2261] [0.0] [cxt 0] Deparser 'deparser': start
[06:38:46.109] [bmv2] [D] [thread 2261] [0.0] [cxt 0] Deparsing header 'ethernet'
[06:38:46.109] [bmv2] [D] [thread 2261] [0.0] [cxt 0] Deparser 'deparser': end
[06:38:46.109] [bmv2] [D] [thread 2265] [0.0] [cxt 0] Transmitting packet of size 90 out of port 0
[06:38:46.155] [bmv2] [D] [thread 2260] [1.0] [cxt 0] Processing packet received on port 1
[06:38:46.155] [bmv2] [D] [thread 2260] [1.0] [cxt 0] Parser 'parser': start
[06:38:46.155] [bmv2] [D] [thread 2260] [1.0] [cxt 0] Parser 'parser' entering state 'start'
[06:38:46.155] [bmv2] [D] [thread 2260] [1.0] [cxt 0] Extracting header 'ethernet'
[06:38:46.156] [bmv2] [D] [thread 2260] [1.0] [cxt 0] Parser state 'start': key is 86dd
[06:38:46.156] [bmv2] [T] [thread 2260] [1.0] [cxt 0] Bytes parsed: 14
[06:38:46.156] [bmv2] [D] [thread 2260] [1.0] [cxt 0] Parser 'parser': end
[06:38:46.156] [bmv2] [D] [thread 2260] [1.0] [cxt 0] Pipeline 'ingress': start
[06:38:46.156] [bmv2] [T] [thread 2260] [1.0] [cxt 0] Applying table 'MyIngress.pkt_forward'
[06:38:46.156] [bmv2] [D] [thread 2260] [1.0] [cxt 0] Looking up key:
* hdr.ipv4.dstAddr    : 00000000

[06:38:46.156] [bmv2] [D] [thread 2260] [1.0] [cxt 0] Table 'MyIngress.pkt_forward': miss
[06:38:46.156] [bmv2] [D] [thread 2260] [1.0] [cxt 0] Action entry is NoAction - 
[06:38:46.156] [bmv2] [T] [thread 2260] [1.0] [cxt 0] Action NoAction
[06:38:46.156] [bmv2] [D] [thread 2260] [1.0] [cxt 0] Pipeline 'ingress': end
[06:38:46.156] [bmv2] [D] [thread 2260] [1.0] [cxt 0] Egress port is 0
[06:38:46.156] [bmv2] [D] [thread 2261] [1.0] [cxt 0] Pipeline 'egress': start
[06:38:46.156] [bmv2] [D] [thread 2261] [1.0] [cxt 0] Pipeline 'egress': end
[06:38:46.156] [bmv2] [D] [thread 2261] [1.0] [cxt 0] Deparser 'deparser': start
[06:38:46.156] [bmv2] [D] [thread 2261] [1.0] [cxt 0] Deparsing header 'ethernet'
[06:38:46.156] [bmv2] [D] [thread 2261] [1.0] [cxt 0] Deparser 'deparser': end
[06:38:46.156] [bmv2] [D] [thread 2265] [1.0] [cxt 0] Transmitting packet of size 78 out of port 0
[06:38:46.163] [bmv2] [D] [thread 2260] [2.0] [cxt 0] Processing packet received on port 4
[06:38:46.163] [bmv2] [D] [thread 2260] [2.0] [cxt 0] Parser 'parser': start
[06:38:46.163] [bmv2] [D] [thread 2260] [2.0] [cxt 0] Parser 'parser' entering state 'start'
[06:38:46.163] [bmv2] [D] [thread 2260] [2.0] [cxt 0] Extracting header 'ethernet'
[06:38:46.163] [bmv2] [D] [thread 2260] [2.0] [cxt 0] Parser state 'start': key is 86dd
[06:38:46.163] [bmv2] [T] [thread 2260] [2.0] [cxt 0] Bytes parsed: 14
[06:38:46.163] [bmv2] [D] [thread 2260] [2.0] [cxt 0] Parser 'parser': end
[06:38:46.163] [bmv2] [D] [thread 2260] [2.0] [cxt 0] Pipeline 'ingress': start
[06:38:46.163] [bmv2] [T] [thread 2260] [2.0] [cxt 0] Applying table 'MyIngress.pkt_forward'
[06:38:46.163] [bmv2] [D] [thread 2260] [2.0] [cxt 0] Looking up key:
* hdr.ipv4.dstAddr    : 00000000

[06:38:46.163] [bmv2] [D] [thread 2260] [2.0] [cxt 0] Table 'MyIngress.pkt_forward': miss
[06:38:46.163] [bmv2] [D] [thread 2260] [2.0] [cxt 0] Action entry is NoAction - 
[06:38:46.163] [bmv2] [T] [thread 2260] [2.0] [cxt 0] Action NoAction
[06:38:46.163] [bmv2] [D] [thread 2260] [2.0] [cxt 0] Pipeline 'ingress': end
[06:38:46.163] [bmv2] [D] [thread 2260] [2.0] [cxt 0] Egress port is 0
[06:38:46.164] [bmv2] [D] [thread 2261] [2.0] [cxt 0] Pipeline 'egress': start
[06:38:46.164] [bmv2] [D] [thread 2261] [2.0] [cxt 0] Pipeline 'egress': end
[06:38:46.164] [bmv2] [D] [thread 2261] [2.0] [cxt 0] Deparser 'deparser': start
[06:38:46.164] [bmv2] [D] [thread 2261] [2.0] [cxt 0] Deparsing header 'ethernet'
[06:38:46.164] [bmv2] [D] [thread 2261] [2.0] [cxt 0] Deparser 'deparser': end
[06:38:46.164] [bmv2] [D] [thread 2265] [2.0] [cxt 0] Transmitting packet of size 78 out of port 0
[06:38:46.306] [bmv2] [D] [thread 2260] [3.0] [cxt 0] Processing packet received on port 1
[06:38:46.306] [bmv2] [D] [thread 2260] [3.0] [cxt 0] Parser 'parser': start
[06:38:46.306] [bmv2] [D] [thread 2260] [3.0] [cxt 0] Parser 'parser' entering state 'start'
[06:38:46.306] [bmv2] [D] [thread 2260] [3.0] [cxt 0] Extracting header 'ethernet'
[06:38:46.306] [bmv2] [D] [thread 2260] [3.0] [cxt 0] Parser state 'start': key is 86dd
[06:38:46.306] [bmv2] [T] [thread 2260] [3.0] [cxt 0] Bytes parsed: 14
[06:38:46.306] [bmv2] [D] [thread 2260] [3.0] [cxt 0] Parser 'parser': end
[06:38:46.306] [bmv2] [D] [thread 2260] [3.0] [cxt 0] Pipeline 'ingress': start
[06:38:46.306] [bmv2] [T] [thread 2260] [3.0] [cxt 0] Applying table 'MyIngress.pkt_forward'
[06:38:46.306] [bmv2] [D] [thread 2260] [3.0] [cxt 0] Looking up key:
* hdr.ipv4.dstAddr    : 00000000

[06:38:46.306] [bmv2] [D] [thread 2260] [3.0] [cxt 0] Table 'MyIngress.pkt_forward': miss
[06:38:46.306] [bmv2] [D] [thread 2260] [3.0] [cxt 0] Action entry is NoAction - 
[06:38:46.306] [bmv2] [T] [thread 2260] [3.0] [cxt 0] Action NoAction
[06:38:46.306] [bmv2] [D] [thread 2260] [3.0] [cxt 0] Pipeline 'ingress': end
[06:38:46.306] [bmv2] [D] [thread 2260] [3.0] [cxt 0] Egress port is 0
[06:38:46.307] [bmv2] [D] [thread 2261] [3.0] [cxt 0] Pipeline 'egress': start
[06:38:46.307] [bmv2] [D] [thread 2261] [3.0] [cxt 0] Pipeline 'egress': end
[06:38:46.307] [bmv2] [D] [thread 2261] [3.0] [cxt 0] Deparser 'deparser': start
[06:38:46.307] [bmv2] [D] [thread 2261] [3.0] [cxt 0] Deparsing header 'ethernet'
[06:38:46.307] [bmv2] [D] [thread 2261] [3.0] [cxt 0] Deparser 'deparser': end
[06:38:46.307] [bmv2] [D] [thread 2265] [3.0] [cxt 0] Transmitting packet of size 90 out of port 0
[06:38:46.351] [bmv2] [D] [thread 2260] [4.0] [cxt 0] Processing packet received on port 2
[06:38:46.351] [bmv2] [D] [thread 2260] [4.0] [cxt 0] Parser 'parser': start
[06:38:46.351] [bmv2] [D] [thread 2260] [4.0] [cxt 0] Parser 'parser' entering state 'start'
[06:38:46.351] [bmv2] [D] [thread 2260] [4.0] [cxt 0] Extracting header 'ethernet'
[06:38:46.351] [bmv2] [D] [thread 2260] [4.0] [cxt 0] Parser state 'start': key is 86dd
[06:38:46.351] [bmv2] [T] [thread 2260] [4.0] [cxt 0] Bytes parsed: 14
[06:38:46.351] [bmv2] [D] [thread 2260] [4.0] [cxt 0] Parser 'parser': end
[06:38:46.351] [bmv2] [D] [thread 2260] [4.0] [cxt 0] Pipeline 'ingress': start
[06:38:46.351] [bmv2] [T] [thread 2260] [4.0] [cxt 0] Applying table 'MyIngress.pkt_forward'
[06:38:46.351] [bmv2] [D] [thread 2260] [4.0] [cxt 0] Looking up key:
* hdr.ipv4.dstAddr    : 00000000

[06:38:46.351] [bmv2] [D] [thread 2260] [4.0] [cxt 0] Table 'MyIngress.pkt_forward': miss
[06:38:46.351] [bmv2] [D] [thread 2260] [4.0] [cxt 0] Action entry is NoAction - 
[06:38:46.351] [bmv2] [T] [thread 2260] [4.0] [cxt 0] Action NoAction
[06:38:46.351] [bmv2] [D] [thread 2260] [4.0] [cxt 0] Pipeline 'ingress': end
[06:38:46.351] [bmv2] [D] [thread 2260] [4.0] [cxt 0] Egress port is 0
[06:38:46.352] [bmv2] [D] [thread 2261] [4.0] [cxt 0] Pipeline 'egress': start
[06:38:46.352] [bmv2] [D] [thread 2261] [4.0] [cxt 0] Pipeline 'egress': end
[06:38:46.352] [bmv2] [D] [thread 2261] [4.0] [cxt 0] Deparser 'deparser': start
[06:38:46.352] [bmv2] [D] [thread 2261] [4.0] [cxt 0] Deparsing header 'ethernet'
[06:38:46.352] [bmv2] [D] [thread 2261] [4.0] [cxt 0] Deparser 'deparser': end
[06:38:46.352] [bmv2] [D] [thread 2265] [4.0] [cxt 0] Transmitting packet of size 90 out of port 0
[06:38:46.654] [bmv2] [D] [thread 2260] [5.0] [cxt 0] Processing packet received on port 3
[06:38:46.654] [bmv2] [D] [thread 2260] [5.0] [cxt 0] Parser 'parser': start
[06:38:46.654] [bmv2] [D] [thread 2260] [5.0] [cxt 0] Parser 'parser' entering state 'start'
[06:38:46.654] [bmv2] [D] [thread 2260] [5.0] [cxt 0] Extracting header 'ethernet'
[06:38:46.654] [bmv2] [D] [thread 2260] [5.0] [cxt 0] Parser state 'start': key is 86dd
[06:38:46.654] [bmv2] [T] [thread 2260] [5.0] [cxt 0] Bytes parsed: 14
[06:38:46.654] [bmv2] [D] [thread 2260] [5.0] [cxt 0] Parser 'parser': end
[06:38:46.654] [bmv2] [D] [thread 2260] [5.0] [cxt 0] Pipeline 'ingress': start
[06:38:46.654] [bmv2] [T] [thread 2260] [5.0] [cxt 0] Applying table 'MyIngress.pkt_forward'
[06:38:46.654] [bmv2] [D] [thread 2260] [5.0] [cxt 0] Looking up key:
* hdr.ipv4.dstAddr    : 00000000

[06:38:46.654] [bmv2] [D] [thread 2260] [5.0] [cxt 0] Table 'MyIngress.pkt_forward': miss
[06:38:46.654] [bmv2] [D] [thread 2260] [5.0] [cxt 0] Action entry is NoAction - 
[06:38:46.654] [bmv2] [T] [thread 2260] [5.0] [cxt 0] Action NoAction
[06:38:46.654] [bmv2] [D] [thread 2260] [5.0] [cxt 0] Pipeline 'ingress': end
[06:38:46.654] [bmv2] [D] [thread 2260] [5.0] [cxt 0] Egress port is 0
[06:38:46.655] [bmv2] [D] [thread 2261] [5.0] [cxt 0] Pipeline 'egress': start
[06:38:46.655] [bmv2] [D] [thread 2261] [5.0] [cxt 0] Pipeline 'egress': end
[06:38:46.656] [bmv2] [D] [thread 2261] [5.0] [cxt 0] Deparser 'deparser': start
[06:38:46.656] [bmv2] [D] [thread 2261] [5.0] [cxt 0] Deparsing header 'ethernet'
[06:38:46.656] [bmv2] [D] [thread 2261] [5.0] [cxt 0] Deparser 'deparser': end
[06:38:46.656] [bmv2] [D] [thread 2265] [5.0] [cxt 0] Transmitting packet of size 90 out of port 0
[06:38:46.755] [bmv2] [D] [thread 2260] [6.0] [cxt 0] Processing packet received on port 4
[06:38:46.755] [bmv2] [D] [thread 2260] [6.0] [cxt 0] Parser 'parser': start
[06:38:46.755] [bmv2] [D] [thread 2260] [6.0] [cxt 0] Parser 'parser' entering state 'start'
[06:38:46.755] [bmv2] [D] [thread 2260] [6.0] [cxt 0] Extracting header 'ethernet'
[06:38:46.755] [bmv2] [D] [thread 2260] [6.0] [cxt 0] Parser state 'start': key is 86dd
[06:38:46.755] [bmv2] [T] [thread 2260] [6.0] [cxt 0] Bytes parsed: 14
[06:38:46.755] [bmv2] [D] [thread 2260] [6.0] [cxt 0] Parser 'parser': end
[06:38:46.755] [bmv2] [D] [thread 2260] [6.0] [cxt 0] Pipeline 'ingress': start
[06:38:46.755] [bmv2] [T] [thread 2260] [6.0] [cxt 0] Applying table 'MyIngress.pkt_forward'
[06:38:46.755] [bmv2] [D] [thread 2260] [6.0] [cxt 0] Looking up key:
* hdr.ipv4.dstAddr    : 00000000

[06:38:46.756] [bmv2] [D] [thread 2260] [6.0] [cxt 0] Table 'MyIngress.pkt_forward': miss
[06:38:46.756] [bmv2] [D] [thread 2260] [6.0] [cxt 0] Action entry is NoAction - 
[06:38:46.756] [bmv2] [T] [thread 2260] [6.0] [cxt 0] Action NoAction
[06:38:46.756] [bmv2] [D] [thread 2260] [6.0] [cxt 0] Pipeline 'ingress': end
[06:38:46.756] [bmv2] [D] [thread 2260] [6.0] [cxt 0] Egress port is 0
[06:38:46.756] [bmv2] [D] [thread 2260] [7.0] [cxt 0] Processing packet received on port 4
[06:38:46.756] [bmv2] [D] [thread 2260] [7.0] [cxt 0] Parser 'parser': start
[06:38:46.756] [bmv2] [D] [thread 2260] [7.0] [cxt 0] Parser 'parser' entering state 'start'
[06:38:46.756] [bmv2] [D] [thread 2260] [7.0] [cxt 0] Extracting header 'ethernet'
[06:38:46.756] [bmv2] [D] [thread 2260] [7.0] [cxt 0] Parser state 'start': key is 86dd
[06:38:46.756] [bmv2] [T] [thread 2260] [7.0] [cxt 0] Bytes parsed: 14
[06:38:46.756] [bmv2] [D] [thread 2260] [7.0] [cxt 0] Parser 'parser': end
[06:38:46.756] [bmv2] [D] [thread 2260] [7.0] [cxt 0] Pipeline 'ingress': start
[06:38:46.756] [bmv2] [T] [thread 2260] [7.0] [cxt 0] Applying table 'MyIngress.pkt_forward'
[06:38:46.756] [bmv2] [D] [thread 2260] [7.0] [cxt 0] Looking up key:
* hdr.ipv4.dstAddr    : 00000000

[06:38:46.756] [bmv2] [D] [thread 2260] [7.0] [cxt 0] Table 'MyIngress.pkt_forward': miss
[06:38:46.756] [bmv2] [D] [thread 2260] [7.0] [cxt 0] Action entry is NoAction - 
[06:38:46.756] [bmv2] [T] [thread 2260] [7.0] [cxt 0] Action NoAction
[06:38:46.756] [bmv2] [D] [thread 2260] [7.0] [cxt 0] Pipeline 'ingress': end
[06:38:46.756] [bmv2] [D] [thread 2260] [7.0] [cxt 0] Egress port is 0
[06:38:46.758] [bmv2] [D] [thread 2261] [6.0] [cxt 0] Pipeline 'egress': start
[06:38:46.758] [bmv2] [D] [thread 2261] [6.0] [cxt 0] Pipeline 'egress': end
[06:38:46.758] [bmv2] [D] [thread 2261] [6.0] [cxt 0] Deparser 'deparser': start
[06:38:46.758] [bmv2] [D] [thread 2261] [6.0] [cxt 0] Deparsing header 'ethernet'
[06:38:46.758] [bmv2] [D] [thread 2261] [6.0] [cxt 0] Deparser 'deparser': end
[06:38:46.758] [bmv2] [D] [thread 2261] [7.0] [cxt 0] Pipeline 'egress': start
[06:38:46.758] [bmv2] [D] [thread 2261] [7.0] [cxt 0] Pipeline 'egress': end
[06:38:46.758] [bmv2] [D] [thread 2261] [7.0] [cxt 0] Deparser 'deparser': start
[06:38:46.758] [bmv2] [D] [thread 2261] [7.0] [cxt 0] Deparsing header 'ethernet'
[06:38:46.758] [bmv2] [D] [thread 2261] [7.0] [cxt 0] Deparser 'deparser': end
[06:38:46.758] [bmv2] [D] [thread 2265] [6.0] [cxt 0] Transmitting packet of size 90 out of port 0
[06:38:46.758] [bmv2] [D] [thread 2265] [7.0] [cxt 0] Transmitting packet of size 70 out of port 0
[06:38:46.883] [bmv2] [D] [thread 2260] [8.0] [cxt 0] Processing packet received on port 3
[06:38:46.883] [bmv2] [D] [thread 2260] [8.0] [cxt 0] Parser 'parser': start
[06:38:46.883] [bmv2] [D] [thread 2260] [8.0] [cxt 0] Parser 'parser' entering state 'start'
[06:38:46.883] [bmv2] [D] [thread 2260] [8.0] [cxt 0] Extracting header 'ethernet'
[06:38:46.883] [bmv2] [D] [thread 2260] [8.0] [cxt 0] Parser state 'start': key is 86dd
[06:38:46.883] [bmv2] [T] [thread 2260] [8.0] [cxt 0] Bytes parsed: 14
[06:38:46.883] [bmv2] [D] [thread 2260] [8.0] [cxt 0] Parser 'parser': end
[06:38:46.883] [bmv2] [D] [thread 2260] [8.0] [cxt 0] Pipeline 'ingress': start
[06:38:46.883] [bmv2] [T] [thread 2260] [8.0] [cxt 0] Applying table 'MyIngress.pkt_forward'
[06:38:46.883] [bmv2] [D] [thread 2260] [8.0] [cxt 0] Looking up key:
* hdr.ipv4.dstAddr    : 00000000

[06:38:46.883] [bmv2] [D] [thread 2260] [8.0] [cxt 0] Table 'MyIngress.pkt_forward': miss
[06:38:46.883] [bmv2] [D] [thread 2260] [8.0] [cxt 0] Action entry is NoAction - 
[06:38:46.883] [bmv2] [T] [thread 2260] [8.0] [cxt 0] Action NoAction
[06:38:46.883] [bmv2] [D] [thread 2260] [8.0] [cxt 0] Pipeline 'ingress': end
[06:38:46.883] [bmv2] [D] [thread 2260] [8.0] [cxt 0] Egress port is 0
[06:38:46.883] [bmv2] [D] [thread 2260] [9.0] [cxt 0] Processing packet received on port 3
[06:38:46.883] [bmv2] [D] [thread 2260] [9.0] [cxt 0] Parser 'parser': start
[06:38:46.883] [bmv2] [D] [thread 2260] [9.0] [cxt 0] Parser 'parser' entering state 'start'
[06:38:46.883] [bmv2] [D] [thread 2260] [9.0] [cxt 0] Extracting header 'ethernet'
[06:38:46.883] [bmv2] [D] [thread 2260] [9.0] [cxt 0] Parser state 'start': key is 86dd
[06:38:46.883] [bmv2] [T] [thread 2260] [9.0] [cxt 0] Bytes parsed: 14
[06:38:46.883] [bmv2] [D] [thread 2260] [9.0] [cxt 0] Parser 'parser': end
[06:38:46.883] [bmv2] [D] [thread 2260] [9.0] [cxt 0] Pipeline 'ingress': start
[06:38:46.883] [bmv2] [T] [thread 2260] [9.0] [cxt 0] Applying table 'MyIngress.pkt_forward'
[06:38:46.883] [bmv2] [D] [thread 2260] [9.0] [cxt 0] Looking up key:
* hdr.ipv4.dstAddr    : 00000000

[06:38:46.883] [bmv2] [D] [thread 2260] [9.0] [cxt 0] Table 'MyIngress.pkt_forward': miss
[06:38:46.883] [bmv2] [D] [thread 2260] [9.0] [cxt 0] Action entry is NoAction - 
[06:38:46.883] [bmv2] [T] [thread 2260] [9.0] [cxt 0] Action NoAction
[06:38:46.883] [bmv2] [D] [thread 2260] [9.0] [cxt 0] Pipeline 'ingress': end
[06:38:46.883] [bmv2] [D] [thread 2260] [9.0] [cxt 0] Egress port is 0
[06:38:46.883] [bmv2] [D] [thread 2261] [8.0] [cxt 0] Pipeline 'egress': start
[06:38:46.883] [bmv2] [D] [thread 2261] [8.0] [cxt 0] Pipeline 'egress': end
[06:38:46.883] [bmv2] [D] [thread 2261] [8.0] [cxt 0] Deparser 'deparser': start
[06:38:46.883] [bmv2] [D] [thread 2261] [8.0] [cxt 0] Deparsing header 'ethernet'
[06:38:46.883] [bmv2] [D] [thread 2261] [8.0] [cxt 0] Deparser 'deparser': end
[06:38:46.883] [bmv2] [D] [thread 2261] [9.0] [cxt 0] Pipeline 'egress': start
[06:38:46.883] [bmv2] [D] [thread 2261] [9.0] [cxt 0] Pipeline 'egress': end
[06:38:46.883] [bmv2] [D] [thread 2261] [9.0] [cxt 0] Deparser 'deparser': start
[06:38:46.883] [bmv2] [D] [thread 2261] [9.0] [cxt 0] Deparsing header 'ethernet'
[06:38:46.883] [bmv2] [D] [thread 2261] [9.0] [cxt 0] Deparser 'deparser': end
[06:38:46.884] [bmv2] [D] [thread 2265] [8.0] [cxt 0] Transmitting packet of size 90 out of port 0
[06:38:46.884] [bmv2] [D] [thread 2265] [9.0] [cxt 0] Transmitting packet of size 70 out of port 0
[06:38:46.890] [bmv2] [D] [thread 2260] [10.0] [cxt 0] Processing packet received on port 2
[06:38:46.890] [bmv2] [D] [thread 2260] [10.0] [cxt 0] Parser 'parser': start
[06:38:46.890] [bmv2] [D] [thread 2260] [10.0] [cxt 0] Parser 'parser' entering state 'start'
[06:38:46.890] [bmv2] [D] [thread 2260] [10.0] [cxt 0] Extracting header 'ethernet'
[06:38:46.890] [bmv2] [D] [thread 2260] [10.0] [cxt 0] Parser state 'start': key is 86dd
[06:38:46.890] [bmv2] [T] [thread 2260] [10.0] [cxt 0] Bytes parsed: 14
[06:38:46.890] [bmv2] [D] [thread 2260] [10.0] [cxt 0] Parser 'parser': end
[06:38:46.890] [bmv2] [D] [thread 2260] [10.0] [cxt 0] Pipeline 'ingress': start
[06:38:46.890] [bmv2] [T] [thread 2260] [10.0] [cxt 0] Applying table 'MyIngress.pkt_forward'
[06:38:46.890] [bmv2] [D] [thread 2260] [10.0] [cxt 0] Looking up key:
* hdr.ipv4.dstAddr    : 00000000

[06:38:46.890] [bmv2] [D] [thread 2260] [10.0] [cxt 0] Table 'MyIngress.pkt_forward': miss
[06:38:46.890] [bmv2] [D] [thread 2260] [10.0] [cxt 0] Action entry is NoAction - 
[06:38:46.890] [bmv2] [T] [thread 2260] [10.0] [cxt 0] Action NoAction
[06:38:46.890] [bmv2] [D] [thread 2260] [10.0] [cxt 0] Pipeline 'ingress': end
[06:38:46.890] [bmv2] [D] [thread 2260] [10.0] [cxt 0] Egress port is 0
[06:38:46.890] [bmv2] [D] [thread 2260] [11.0] [cxt 0] Processing packet received on port 2
[06:38:46.890] [bmv2] [D] [thread 2260] [11.0] [cxt 0] Parser 'parser': start
[06:38:46.890] [bmv2] [D] [thread 2260] [11.0] [cxt 0] Parser 'parser' entering state 'start'
[06:38:46.890] [bmv2] [D] [thread 2260] [11.0] [cxt 0] Extracting header 'ethernet'
[06:38:46.890] [bmv2] [D] [thread 2260] [11.0] [cxt 0] Parser state 'start': key is 86dd
[06:38:46.890] [bmv2] [T] [thread 2260] [11.0] [cxt 0] Bytes parsed: 14
[06:38:46.890] [bmv2] [D] [thread 2260] [11.0] [cxt 0] Parser 'parser': end
[06:38:46.890] [bmv2] [D] [thread 2260] [11.0] [cxt 0] Pipeline 'ingress': start
[06:38:46.890] [bmv2] [T] [thread 2260] [11.0] [cxt 0] Applying table 'MyIngress.pkt_forward'
[06:38:46.890] [bmv2] [D] [thread 2260] [11.0] [cxt 0] Looking up key:
* hdr.ipv4.dstAddr    : 00000000

[06:38:46.890] [bmv2] [D] [thread 2260] [11.0] [cxt 0] Table 'MyIngress.pkt_forward': miss
[06:38:46.890] [bmv2] [D] [thread 2260] [11.0] [cxt 0] Action entry is NoAction - 
[06:38:46.890] [bmv2] [T] [thread 2260] [11.0] [cxt 0] Action NoAction
[06:38:46.890] [bmv2] [D] [thread 2260] [11.0] [cxt 0] Pipeline 'ingress': end
[06:38:46.890] [bmv2] [D] [thread 2260] [11.0] [cxt 0] Egress port is 0
[06:38:46.890] [bmv2] [D] [thread 2261] [10.0] [cxt 0] Pipeline 'egress': start
[06:38:46.890] [bmv2] [D] [thread 2261] [10.0] [cxt 0] Pipeline 'egress': end
[06:38:46.890] [bmv2] [D] [thread 2261] [10.0] [cxt 0] Deparser 'deparser': start
[06:38:46.890] [bmv2] [D] [thread 2261] [10.0] [cxt 0] Deparsing header 'ethernet'
[06:38:46.890] [bmv2] [D] [thread 2261] [10.0] [cxt 0] Deparser 'deparser': end
[06:38:46.890] [bmv2] [D] [thread 2261] [11.0] [cxt 0] Pipeline 'egress': start
[06:38:46.890] [bmv2] [D] [thread 2261] [11.0] [cxt 0] Pipeline 'egress': end
[06:38:46.890] [bmv2] [D] [thread 2261] [11.0] [cxt 0] Deparser 'deparser': start
[06:38:46.890] [bmv2] [D] [thread 2261] [11.0] [cxt 0] Deparsing header 'ethernet'
[06:38:46.890] [bmv2] [D] [thread 2261] [11.0] [cxt 0] Deparser 'deparser': end
[06:38:46.890] [bmv2] [D] [thread 2265] [10.0] [cxt 0] Transmitting packet of size 90 out of port 0
[06:38:46.890] [bmv2] [D] [thread 2265] [11.0] [cxt 0] Transmitting packet of size 70 out of port 0
[06:38:48.319] [bmv2] [T] [thread 2339] bm_get_config
[06:38:48.325] [bmv2] [T] [thread 2339] bm_table_add_entry
[06:38:48.327] [bmv2] [D] [thread 2339] Entry 0 added to table 'MyIngress.pkt_forward'
[06:38:48.327] [bmv2] [D] [thread 2339] Dumping entry 0
Match key:
* hdr.ipv4.dstAddr    : EXACT     0a000101
Action entry: MyIngress.ipv4_forward - a000101,1,

[06:38:48.327] [bmv2] [T] [thread 2339] bm_table_add_entry
[06:38:48.328] [bmv2] [D] [thread 2339] Entry 1 added to table 'MyIngress.pkt_forward'
[06:38:48.328] [bmv2] [D] [thread 2339] Dumping entry 1
Match key:
* hdr.ipv4.dstAddr    : EXACT     0a000102
Action entry: MyIngress.ipv4_forward - a000102,2,

[06:38:48.329] [bmv2] [T] [thread 2339] bm_table_add_entry
[06:38:48.329] [bmv2] [D] [thread 2339] Entry 2 added to table 'MyIngress.pkt_forward'
[06:38:48.329] [bmv2] [D] [thread 2339] Dumping entry 2
Match key:
* hdr.ipv4.dstAddr    : EXACT     0a000103
Action entry: MyIngress.ipv4_forward - a000103,3,

open: No such file or directory
