Warning: you requested the nanomsg event logger, but bmv2 was compiled without -DBMELOG, and the event logger cannot be activated
Calling target program-options parser
[23:21:00.210] [bmv2] [D] [thread 1658] Set default default entry for table 'MyIngress.ipv4_lpm': NoAction - 
Adding interface s3-eth1 as port 1
[23:21:00.211] [bmv2] [D] [thread 1658] Adding interface s3-eth1 as port 1
Adding interface s3-eth2 as port 2
[23:21:00.240] [bmv2] [D] [thread 1658] Adding interface s3-eth2 as port 2
Adding interface s3-eth3 as port 3
[23:21:00.271] [bmv2] [D] [thread 1658] Adding interface s3-eth3 as port 3
[23:21:00.295] [bmv2] [I] [thread 1658] Starting Thrift server on port 9092
[23:21:00.295] [bmv2] [I] [thread 1658] Thrift server was started
[23:21:00.609] [bmv2] [T] [thread 1728] bm_get_config
[23:21:00.610] [bmv2] [T] [thread 1728] bm_set_default_action
[23:21:00.610] [bmv2] [D] [thread 1728] Set default entry for table 'MyIngress.ipv4_lpm': MyIngress.drop - 
[23:21:00.610] [bmv2] [T] [thread 1728] bm_table_add_entry
[23:21:00.610] [bmv2] [D] [thread 1728] Entry 0 added to table 'MyIngress.ipv4_lpm'
[23:21:00.611] [bmv2] [D] [thread 1728] Dumping entry 0
Match key:
* hdr.ipv4.dstAddr    : LPM       0a000303/32
Action entry: MyIngress.ipv4_forward - a000303,1,

[23:21:00.611] [bmv2] [T] [thread 1728] bm_table_add_entry
[23:21:00.611] [bmv2] [D] [thread 1728] Entry 1 added to table 'MyIngress.ipv4_lpm'
[23:21:00.611] [bmv2] [D] [thread 1728] Dumping entry 1
Match key:
* hdr.ipv4.dstAddr    : LPM       0a000304/32
Action entry: MyIngress.ipv4_forward - a000304,2,

[23:21:00.612] [bmv2] [T] [thread 1728] bm_table_add_entry
[23:21:00.612] [bmv2] [D] [thread 1728] Entry 2 added to table 'MyIngress.ipv4_lpm'
[23:21:00.612] [bmv2] [D] [thread 1728] Dumping entry 2
Match key:
* hdr.ipv4.dstAddr    : LPM       0a000000/16
Action entry: MyIngress.ipv4_forward - 10300,3,

open: No such file or directory
