Warning: you requested the nanomsg event logger, but bmv2 was compiled without -DBMELOG, and the event logger cannot be activated
Calling target program-options parser
[23:21:00.129] [bmv2] [D] [thread 1645] Set default default entry for table 'MyIngress.ipv4_lpm': NoAction - 
Adding interface s2-eth1 as port 1
[23:21:00.131] [bmv2] [D] [thread 1645] Adding interface s2-eth1 as port 1
Adding interface s2-eth2 as port 2
[23:21:00.159] [bmv2] [D] [thread 1645] Adding interface s2-eth2 as port 2
[23:21:00.195] [bmv2] [I] [thread 1645] Starting Thrift server on port 9091
[23:21:00.195] [bmv2] [I] [thread 1645] Thrift server was started
[23:21:00.235] [bmv2] [D] [thread 1651] [0.0] [cxt 0] Processing packet received on port 1
[23:21:00.235] [bmv2] [D] [thread 1651] [0.0] [cxt 0] Parser 'parser': start
[23:21:00.235] [bmv2] [D] [thread 1651] [0.0] [cxt 0] Parser 'parser' entering state 'start'
[23:21:00.235] [bmv2] [D] [thread 1651] [0.0] [cxt 0] Extracting header 'ethernet'
[23:21:00.235] [bmv2] [D] [thread 1651] [0.0] [cxt 0] Parser state 'start': key is 86dd
[23:21:00.235] [bmv2] [T] [thread 1651] [0.0] [cxt 0] Bytes parsed: 14
[23:21:00.235] [bmv2] [D] [thread 1651] [0.0] [cxt 0] Parser 'parser': end
[23:21:00.235] [bmv2] [D] [thread 1651] [0.0] [cxt 0] Pipeline 'ingress': start
[23:21:00.235] [bmv2] [T] [thread 1651] [0.0] [cxt 0] /home/p4/p4-tools/p4-learning/examples/ip_forwarding/forwarding.p4(128) Condition "hdr.ipv4.isValid()" (node_2) is false
[23:21:00.235] [bmv2] [D] [thread 1651] [0.0] [cxt 0] Pipeline 'ingress': end
[23:21:00.235] [bmv2] [D] [thread 1651] [0.0] [cxt 0] Egress port is 0
[23:21:00.235] [bmv2] [D] [thread 1652] [0.0] [cxt 0] Pipeline 'egress': start
[23:21:00.235] [bmv2] [D] [thread 1652] [0.0] [cxt 0] Pipeline 'egress': end
[23:21:00.235] [bmv2] [D] [thread 1652] [0.0] [cxt 0] Deparser 'deparser': start
[23:21:00.235] [bmv2] [T] [thread 1652] [0.0] [cxt 0] Skipping checksum 'cksum' update because condition not met
[23:21:00.235] [bmv2] [D] [thread 1652] [0.0] [cxt 0] Deparsing header 'ethernet'
[23:21:00.235] [bmv2] [D] [thread 1652] [0.0] [cxt 0] Deparser 'deparser': end
[23:21:00.235] [bmv2] [D] [thread 1656] [0.0] [cxt 0] Transmitting packet of size 90 out of port 0
[23:21:00.537] [bmv2] [T] [thread 1726] bm_get_config
[23:21:00.538] [bmv2] [T] [thread 1726] bm_set_default_action
[23:21:00.538] [bmv2] [D] [thread 1726] Set default entry for table 'MyIngress.ipv4_lpm': MyIngress.drop - 
[23:21:00.539] [bmv2] [T] [thread 1726] bm_table_add_entry
[23:21:00.539] [bmv2] [D] [thread 1726] Entry 0 added to table 'MyIngress.ipv4_lpm'
[23:21:00.539] [bmv2] [D] [thread 1726] Dumping entry 0
Match key:
* hdr.ipv4.dstAddr    : LPM       0a000202/32
Action entry: MyIngress.ipv4_forward - a000202,1,

[23:21:00.539] [bmv2] [T] [thread 1726] bm_table_add_entry
[23:21:00.539] [bmv2] [D] [thread 1726] Entry 1 added to table 'MyIngress.ipv4_lpm'
[23:21:00.539] [bmv2] [D] [thread 1726] Dumping entry 1
Match key:
* hdr.ipv4.dstAddr    : LPM       0a000000/16
Action entry: MyIngress.ipv4_forward - 10200,2,

open: No such file or directory
open: No such file or directory
