Warning: you requested the nanomsg event logger, but bmv2 was compiled without -DBMELOG, and the event logger cannot be activated
Calling target program-options parser
[06:06:01.786] [bmv2] [D] [thread 16268] Set default default entry for table 'MyIngress.pkt_forward': NoAction - 
[06:06:01.786] [bmv2] [D] [thread 16268] Set default default entry for table 'tbl_get_flowId': MyIngress.get_flowId - 
[06:06:01.786] [bmv2] [D] [thread 16268] Set default default entry for table 'tbl_forwarding185': forwarding185 - 
[06:06:01.786] [bmv2] [D] [thread 16268] Set default default entry for table 'tbl_forwarding187': forwarding187 - 
[06:06:01.786] [bmv2] [D] [thread 16268] Set default default entry for table 'tbl_forwarding188': forwarding188 - 
[06:06:01.786] [bmv2] [D] [thread 16268] Set default default entry for table 'tbl_forwarding195': forwarding195 - 
[06:06:01.786] [bmv2] [D] [thread 16268] Set default default entry for table 'tbl_forwarding202': forwarding202 - 
[06:06:01.787] [bmv2] [D] [thread 16268] Set default default entry for table 'tbl_forwarding214': forwarding214 - 
[06:06:01.787] [bmv2] [D] [thread 16268] Set default default entry for table 'tbl_drop': MyIngress.drop - 
[06:06:01.787] [bmv2] [D] [thread 16268] Set default default entry for table 'tbl_forwarding235': forwarding235 - 
Adding interface s1-eth1 as port 1
[06:06:01.792] [bmv2] [D] [thread 16268] Adding interface s1-eth1 as port 1
Adding interface s1-eth2 as port 2
[06:06:01.818] [bmv2] [D] [thread 16268] Adding interface s1-eth2 as port 2
Adding interface s1-eth3 as port 3
[06:06:01.835] [bmv2] [D] [thread 16268] Adding interface s1-eth3 as port 3
Adding interface s1-cpu-eth0 as port 4
[06:06:01.865] [bmv2] [D] [thread 16268] Adding interface s1-cpu-eth0 as port 4
[06:06:01.894] [bmv2] [I] [thread 16268] Starting Thrift server on port 9090
[06:06:01.896] [bmv2] [I] [thread 16268] Thrift server was started
[06:06:01.928] [bmv2] [D] [thread 16274] [0.0] [cxt 0] Processing packet received on port 1
[06:06:01.928] [bmv2] [D] [thread 16274] [0.0] [cxt 0] Parser 'parser': start
[06:06:01.928] [bmv2] [D] [thread 16274] [0.0] [cxt 0] Parser 'parser' entering state 'start'
[06:06:01.928] [bmv2] [D] [thread 16274] [0.0] [cxt 0] Extracting header 'ethernet'
[06:06:01.929] [bmv2] [D] [thread 16274] [0.0] [cxt 0] Parser state 'start': key is 86dd
[06:06:01.929] [bmv2] [T] [thread 16274] [0.0] [cxt 0] Bytes parsed: 14
[06:06:01.929] [bmv2] [T] [thread 16274] [0.0] [cxt 0] Skipping checksum 'cksum_0' verification because target field invalid
[06:06:01.929] [bmv2] [D] [thread 16274] [0.0] [cxt 0] Parser 'parser': end
[06:06:01.929] [bmv2] [D] [thread 16274] [0.0] [cxt 0] Pipeline 'ingress': start
[06:06:01.930] [bmv2] [T] [thread 16274] [0.0] [cxt 0] Applying table 'MyIngress.pkt_forward'
[06:06:01.930] [bmv2] [D] [thread 16274] [0.0] [cxt 0] Looking up key:
* hdr.ipv4.dstAddr    : 00000000

[06:06:01.930] [bmv2] [D] [thread 16274] [0.0] [cxt 0] Table 'MyIngress.pkt_forward': miss
[06:06:01.930] [bmv2] [D] [thread 16274] [0.0] [cxt 0] Action entry is NoAction - 
[06:06:01.930] [bmv2] [T] [thread 16274] [0.0] [cxt 0] Action NoAction
[06:06:01.930] [bmv2] [T] [thread 16274] [0.0] [cxt 0] Applying table 'tbl_get_flowId'
[06:06:01.930] [bmv2] [D] [thread 16274] [0.0] [cxt 0] Looking up key:

[06:06:01.930] [bmv2] [D] [thread 16274] [0.0] [cxt 0] Table 'tbl_get_flowId': miss
[06:06:01.930] [bmv2] [D] [thread 16274] [0.0] [cxt 0] Action entry is MyIngress.get_flowId - 
[06:06:01.930] [bmv2] [T] [thread 16274] [0.0] [cxt 0] Action MyIngress.get_flowId
[06:06:01.930] [bmv2] [T] [thread 16274] [0.0] [cxt 0] forwarding.p4(157) Primitive hash(flowId, HashAlgorithm.crc32, 32w0, {hdr.ipv4.srcAddr,hdr.ipv4.dstAddr, meta.l4_ports.src_port, meta.l4_ports.dst_port, hdr.ipv4.protocol}, maxFlows)
[06:06:01.930] [bmv2] [T] [thread 16274] [0.0] [cxt 0] hash(base=0, max=10) = 2
[06:06:01.930] [bmv2] [T] [thread 16274] [0.0] [cxt 0] forwarding.p4(158) Primitive meta.flowid=flowId
[06:06:01.930] [bmv2] [T] [thread 16274] [0.0] [cxt 0] forwarding.p4(159) Primitive clone3(CloneType.I2E, MIRROR_SESSION_ID, meta)
[06:06:01.930] [bmv2] [T] [thread 16274] [0.0] [cxt 0] Applying table 'tbl_forwarding185'
[06:06:01.930] [bmv2] [D] [thread 16274] [0.0] [cxt 0] Looking up key:

[06:06:01.930] [bmv2] [D] [thread 16274] [0.0] [cxt 0] Table 'tbl_forwarding185': miss
[06:06:01.930] [bmv2] [D] [thread 16274] [0.0] [cxt 0] Action entry is forwarding185 - 
[06:06:01.930] [bmv2] [T] [thread 16274] [0.0] [cxt 0] Action forwarding185
[06:06:01.930] [bmv2] [T] [thread 16274] [0.0] [cxt 0] forwarding.p4(185) Primitive isSeen.read(_isSeen, flowId)
[06:06:01.930] [bmv2] [T] [thread 16274] [0.0] [cxt 0] Read register 'MyIngress.isSeen' at index 2 read value 0
[06:06:01.930] [bmv2] [T] [thread 16274] [0.0] [cxt 0] forwarding.p4(186) Condition "_isSeen==0" (node_5) is true
[06:06:01.930] [bmv2] [T] [thread 16274] [0.0] [cxt 0] Applying table 'tbl_forwarding187'
[06:06:01.930] [bmv2] [D] [thread 16274] [0.0] [cxt 0] Looking up key:

[06:06:01.930] [bmv2] [D] [thread 16274] [0.0] [cxt 0] Table 'tbl_forwarding187': miss
[06:06:01.930] [bmv2] [D] [thread 16274] [0.0] [cxt 0] Action entry is forwarding187 - 
[06:06:01.930] [bmv2] [T] [thread 16274] [0.0] [cxt 0] Action forwarding187
[06:06:01.930] [bmv2] [T] [thread 16274] [0.0] [cxt 0] forwarding.p4(187) Primitive startTime.write(flowId, standard_metadata.ingress_global_timestamp)
[06:06:01.930] [bmv2] [T] [thread 16274] [0.0] [cxt 0] Wrote register 'MyIngress.startTime' at index 2 with value 154535
[06:06:01.930] [bmv2] [T] [thread 16274] [0.0] [cxt 0] Applying table 'tbl_forwarding188'
[06:06:01.930] [bmv2] [D] [thread 16274] [0.0] [cxt 0] Looking up key:

[06:06:01.931] [bmv2] [D] [thread 16274] [0.0] [cxt 0] Table 'tbl_forwarding188': miss
[06:06:01.931] [bmv2] [D] [thread 16274] [0.0] [cxt 0] Action entry is forwarding188 - 
[06:06:01.931] [bmv2] [T] [thread 16274] [0.0] [cxt 0] Action forwarding188
[06:06:01.931] [bmv2] [T] [thread 16274] [0.0] [cxt 0] forwarding.p4(188) Primitive isSeen.write(flowId,1)
[06:06:01.931] [bmv2] [T] [thread 16274] [0.0] [cxt 0] Wrote register 'MyIngress.isSeen' at index 2 with value 1
[06:06:01.931] [bmv2] [T] [thread 16274] [0.0] [cxt 0] forwarding.p4(191) Primitive startTime.read(_startTime, flowId)
[06:06:01.931] [bmv2] [T] [thread 16274] [0.0] [cxt 0] Read register 'MyIngress.startTime' at index 2 read value 154535
[06:06:01.931] [bmv2] [T] [thread 16274] [0.0] [cxt 0] forwarding.p4(192) Condition "standard_metadata.ingress_global_timestamp - _startTime>=window" (node_8) is false
[06:06:01.931] [bmv2] [T] [thread 16274] [0.0] [cxt 0] Applying table 'tbl_forwarding202'
[06:06:01.931] [bmv2] [D] [thread 16274] [0.0] [cxt 0] Looking up key:

[06:06:01.931] [bmv2] [D] [thread 16274] [0.0] [cxt 0] Table 'tbl_forwarding202': miss
[06:06:01.931] [bmv2] [D] [thread 16274] [0.0] [cxt 0] Action entry is forwarding202 - 
[06:06:01.931] [bmv2] [T] [thread 16274] [0.0] [cxt 0] Action forwarding202
[06:06:01.931] [bmv2] [T] [thread 16274] [0.0] [cxt 0] forwarding.p4(202) Primitive bytesReceived.read(_byteCnt,flowId)
[06:06:01.931] [bmv2] [T] [thread 16274] [0.0] [cxt 0] Read register 'MyIngress.bytesReceived' at index 2 read value 0
[06:06:01.931] [bmv2] [T] [thread 16274] [0.0] [cxt 0] forwarding.p4(203) Primitive _byteCnt+standard_metadata.packet_length
[06:06:01.931] [bmv2] [T] [thread 16274] [0.0] [cxt 0] forwarding.p4(203) Primitive bytesReceived.write(flowId,_byteCnt+standard_metadata.packet_length)
[06:06:01.931] [bmv2] [T] [thread 16274] [0.0] [cxt 0] Wrote register 'MyIngress.bytesReceived' at index 2 with value 78
[06:06:01.931] [bmv2] [T] [thread 16274] [0.0] [cxt 0] forwarding.p4(206) Primitive bytesReceived.read(_byteCnt,flowId)
[06:06:01.931] [bmv2] [T] [thread 16274] [0.0] [cxt 0] Read register 'MyIngress.bytesReceived' at index 2 read value 78
[06:06:01.931] [bmv2] [T] [thread 16274] [0.0] [cxt 0] forwarding.p4(207) Condition "_byteCnt > maxBytes" (node_11) is false
[06:06:01.931] [bmv2] [D] [thread 16274] [0.0] [cxt 0] Pipeline 'ingress': end
[06:06:01.931] [bmv2] [D] [thread 16274] [0.0] [cxt 0] Cloning packet at ingress
[06:06:01.931] [bmv2] [D] [thread 16274] [0.0] [cxt 0] Egress port is 0
[06:06:01.932] [bmv2] [D] [thread 16275] [0.0] [cxt 0] Pipeline 'egress': start
[06:06:01.932] [bmv2] [T] [thread 16275] [0.0] [cxt 0] forwarding.p4(233) Condition "standard_metadata.instance_type == 1" (node_17) is false
[06:06:01.932] [bmv2] [D] [thread 16275] [0.0] [cxt 0] Pipeline 'egress': end
[06:06:01.932] [bmv2] [D] [thread 16275] [0.0] [cxt 0] Deparser 'deparser': start
[06:06:01.932] [bmv2] [T] [thread 16275] [0.0] [cxt 0] Skipping checksum 'cksum' update because condition not met
[06:06:01.932] [bmv2] [D] [thread 16275] [0.0] [cxt 0] Deparsing header 'ethernet'
[06:06:01.932] [bmv2] [D] [thread 16275] [0.0] [cxt 0] Deparser 'deparser': end
[06:06:01.932] [bmv2] [D] [thread 16279] [0.0] [cxt 0] Transmitting packet of size 78 out of port 0
[06:06:01.934] [bmv2] [D] [thread 16274] [1.0] [cxt 0] Processing packet received on port 2
[06:06:01.934] [bmv2] [D] [thread 16274] [1.0] [cxt 0] Parser 'parser': start
[06:06:01.935] [bmv2] [D] [thread 16274] [1.0] [cxt 0] Parser 'parser' entering state 'start'
[06:06:01.935] [bmv2] [D] [thread 16274] [1.0] [cxt 0] Extracting header 'ethernet'
[06:06:01.935] [bmv2] [D] [thread 16274] [1.0] [cxt 0] Parser state 'start': key is 86dd
[06:06:01.935] [bmv2] [T] [thread 16274] [1.0] [cxt 0] Bytes parsed: 14
[06:06:01.935] [bmv2] [T] [thread 16274] [1.0] [cxt 0] Skipping checksum 'cksum_0' verification because target field invalid
[06:06:01.935] [bmv2] [D] [thread 16274] [1.0] [cxt 0] Parser 'parser': end
[06:06:01.935] [bmv2] [D] [thread 16274] [1.0] [cxt 0] Pipeline 'ingress': start
[06:06:01.935] [bmv2] [T] [thread 16274] [1.0] [cxt 0] Applying table 'MyIngress.pkt_forward'
[06:06:01.935] [bmv2] [D] [thread 16274] [1.0] [cxt 0] Looking up key:
* hdr.ipv4.dstAddr    : 00000000

[06:06:01.935] [bmv2] [D] [thread 16274] [1.0] [cxt 0] Table 'MyIngress.pkt_forward': miss
[06:06:01.935] [bmv2] [D] [thread 16274] [1.0] [cxt 0] Action entry is NoAction - 
[06:06:01.935] [bmv2] [T] [thread 16274] [1.0] [cxt 0] Action NoAction
[06:06:01.935] [bmv2] [T] [thread 16274] [1.0] [cxt 0] Applying table 'tbl_get_flowId'
[06:06:01.935] [bmv2] [D] [thread 16274] [1.0] [cxt 0] Looking up key:

[06:06:01.935] [bmv2] [D] [thread 16274] [1.0] [cxt 0] Table 'tbl_get_flowId': miss
[06:06:01.935] [bmv2] [D] [thread 16274] [1.0] [cxt 0] Action entry is MyIngress.get_flowId - 
[06:06:01.935] [bmv2] [T] [thread 16274] [1.0] [cxt 0] Action MyIngress.get_flowId
[06:06:01.935] [bmv2] [T] [thread 16274] [1.0] [cxt 0] forwarding.p4(157) Primitive hash(flowId, HashAlgorithm.crc32, 32w0, {hdr.ipv4.srcAddr,hdr.ipv4.dstAddr, meta.l4_ports.src_port, meta.l4_ports.dst_port, hdr.ipv4.protocol}, maxFlows)
[06:06:01.935] [bmv2] [T] [thread 16274] [1.0] [cxt 0] hash(base=0, max=10) = 2
[06:06:01.935] [bmv2] [T] [thread 16274] [1.0] [cxt 0] forwarding.p4(158) Primitive meta.flowid=flowId
[06:06:01.935] [bmv2] [T] [thread 16274] [1.0] [cxt 0] forwarding.p4(159) Primitive clone3(CloneType.I2E, MIRROR_SESSION_ID, meta)
[06:06:01.935] [bmv2] [T] [thread 16274] [1.0] [cxt 0] Applying table 'tbl_forwarding185'
[06:06:01.935] [bmv2] [D] [thread 16274] [1.0] [cxt 0] Looking up key:

[06:06:01.935] [bmv2] [D] [thread 16274] [1.0] [cxt 0] Table 'tbl_forwarding185': miss
[06:06:01.935] [bmv2] [D] [thread 16274] [1.0] [cxt 0] Action entry is forwarding185 - 
[06:06:01.935] [bmv2] [T] [thread 16274] [1.0] [cxt 0] Action forwarding185
[06:06:01.935] [bmv2] [T] [thread 16274] [1.0] [cxt 0] forwarding.p4(185) Primitive isSeen.read(_isSeen, flowId)
[06:06:01.935] [bmv2] [T] [thread 16274] [1.0] [cxt 0] Read register 'MyIngress.isSeen' at index 2 read value 1
[06:06:01.935] [bmv2] [T] [thread 16274] [1.0] [cxt 0] forwarding.p4(186) Condition "_isSeen==0" (node_5) is false
[06:06:01.935] [bmv2] [T] [thread 16274] [1.0] [cxt 0] Applying table 'tbl_forwarding188'
[06:06:01.935] [bmv2] [D] [thread 16274] [1.0] [cxt 0] Looking up key:

[06:06:01.935] [bmv2] [D] [thread 16274] [1.0] [cxt 0] Table 'tbl_forwarding188': miss
[06:06:01.935] [bmv2] [D] [thread 16274] [1.0] [cxt 0] Action entry is forwarding188 - 
[06:06:01.936] [bmv2] [T] [thread 16274] [1.0] [cxt 0] Action forwarding188
[06:06:01.936] [bmv2] [T] [thread 16274] [1.0] [cxt 0] forwarding.p4(188) Primitive isSeen.write(flowId,1)
[06:06:01.936] [bmv2] [T] [thread 16274] [1.0] [cxt 0] Wrote register 'MyIngress.isSeen' at index 2 with value 1
[06:06:01.936] [bmv2] [T] [thread 16274] [1.0] [cxt 0] forwarding.p4(191) Primitive startTime.read(_startTime, flowId)
[06:06:01.936] [bmv2] [T] [thread 16274] [1.0] [cxt 0] Read register 'MyIngress.startTime' at index 2 read value 154535
[06:06:01.936] [bmv2] [T] [thread 16274] [1.0] [cxt 0] forwarding.p4(192) Condition "standard_metadata.ingress_global_timestamp - _startTime>=window" (node_8) is false
[06:06:01.936] [bmv2] [T] [thread 16274] [1.0] [cxt 0] Applying table 'tbl_forwarding202'
[06:06:01.936] [bmv2] [D] [thread 16274] [1.0] [cxt 0] Looking up key:

[06:06:01.936] [bmv2] [D] [thread 16274] [1.0] [cxt 0] Table 'tbl_forwarding202': miss
[06:06:01.936] [bmv2] [D] [thread 16274] [1.0] [cxt 0] Action entry is forwarding202 - 
[06:06:01.936] [bmv2] [T] [thread 16274] [1.0] [cxt 0] Action forwarding202
[06:06:01.936] [bmv2] [T] [thread 16274] [1.0] [cxt 0] forwarding.p4(202) Primitive bytesReceived.read(_byteCnt,flowId)
[06:06:01.936] [bmv2] [T] [thread 16274] [1.0] [cxt 0] Read register 'MyIngress.bytesReceived' at index 2 read value 78
[06:06:01.936] [bmv2] [T] [thread 16274] [1.0] [cxt 0] forwarding.p4(203) Primitive _byteCnt+standard_metadata.packet_length
[06:06:01.936] [bmv2] [T] [thread 16274] [1.0] [cxt 0] forwarding.p4(203) Primitive bytesReceived.write(flowId,_byteCnt+standard_metadata.packet_length)
[06:06:01.936] [bmv2] [T] [thread 16274] [1.0] [cxt 0] Wrote register 'MyIngress.bytesReceived' at index 2 with value 156
[06:06:01.936] [bmv2] [T] [thread 16274] [1.0] [cxt 0] forwarding.p4(206) Primitive bytesReceived.read(_byteCnt,flowId)
[06:06:01.936] [bmv2] [T] [thread 16274] [1.0] [cxt 0] Read register 'MyIngress.bytesReceived' at index 2 read value 156
[06:06:01.936] [bmv2] [T] [thread 16274] [1.0] [cxt 0] forwarding.p4(207) Condition "_byteCnt > maxBytes" (node_11) is true
[06:06:01.936] [bmv2] [T] [thread 16274] [1.0] [cxt 0] Applying table 'tbl_forwarding214'
[06:06:01.936] [bmv2] [D] [thread 16274] [1.0] [cxt 0] Looking up key:

[06:06:01.936] [bmv2] [D] [thread 16274] [1.0] [cxt 0] Table 'tbl_forwarding214': miss
[06:06:01.936] [bmv2] [D] [thread 16274] [1.0] [cxt 0] Action entry is forwarding214 - 
[06:06:01.936] [bmv2] [T] [thread 16274] [1.0] [cxt 0] Action forwarding214
[06:06:01.936] [bmv2] [T] [thread 16274] [1.0] [cxt 0] forwarding.p4(214) Primitive random<bit<32>>(probability, 32w0, 32w100)
[06:06:01.936] [bmv2] [T] [thread 16274] [1.0] [cxt 0] random(lo=0, hi=100) = 9
[06:06:01.936] [bmv2] [T] [thread 16274] [1.0] [cxt 0] forwarding.p4(215) Primitive dropRates.read(DROP_RATE, flowId)
[06:06:01.936] [bmv2] [T] [thread 16274] [1.0] [cxt 0] Read register 'MyIngress.dropRates' at index 2 read value 0
[06:06:01.936] [bmv2] [T] [thread 16274] [1.0] [cxt 0] forwarding.p4(216) Condition "probability <= DROP_RATE" (node_13) is false
[06:06:01.936] [bmv2] [D] [thread 16274] [1.0] [cxt 0] Pipeline 'ingress': end
[06:06:01.936] [bmv2] [D] [thread 16274] [1.0] [cxt 0] Cloning packet at ingress
[06:06:01.936] [bmv2] [D] [thread 16274] [1.0] [cxt 0] Egress port is 0
[06:06:01.937] [bmv2] [D] [thread 16275] [1.0] [cxt 0] Pipeline 'egress': start
[06:06:01.937] [bmv2] [T] [thread 16275] [1.0] [cxt 0] forwarding.p4(233) Condition "standard_metadata.instance_type == 1" (node_17) is false
[06:06:01.937] [bmv2] [D] [thread 16275] [1.0] [cxt 0] Pipeline 'egress': end
[06:06:01.937] [bmv2] [D] [thread 16275] [1.0] [cxt 0] Deparser 'deparser': start
[06:06:01.937] [bmv2] [T] [thread 16275] [1.0] [cxt 0] Skipping checksum 'cksum' update because condition not met
[06:06:01.937] [bmv2] [D] [thread 16275] [1.0] [cxt 0] Deparsing header 'ethernet'
[06:06:01.938] [bmv2] [D] [thread 16275] [1.0] [cxt 0] Deparser 'deparser': end
[06:06:01.938] [bmv2] [D] [thread 16279] [1.0] [cxt 0] Transmitting packet of size 78 out of port 0
[06:06:01.958] [bmv2] [D] [thread 16274] [2.0] [cxt 0] Processing packet received on port 3
[06:06:01.958] [bmv2] [D] [thread 16274] [2.0] [cxt 0] Parser 'parser': start
[06:06:01.958] [bmv2] [D] [thread 16274] [2.0] [cxt 0] Parser 'parser' entering state 'start'
[06:06:01.958] [bmv2] [D] [thread 16274] [2.0] [cxt 0] Extracting header 'ethernet'
[06:06:01.958] [bmv2] [D] [thread 16274] [2.0] [cxt 0] Parser state 'start': key is 86dd
[06:06:01.958] [bmv2] [T] [thread 16274] [2.0] [cxt 0] Bytes parsed: 14
[06:06:01.958] [bmv2] [T] [thread 16274] [2.0] [cxt 0] Skipping checksum 'cksum_0' verification because target field invalid
[06:06:01.958] [bmv2] [D] [thread 16274] [2.0] [cxt 0] Parser 'parser': end
[06:06:01.958] [bmv2] [D] [thread 16274] [2.0] [cxt 0] Pipeline 'ingress': start
[06:06:01.958] [bmv2] [T] [thread 16274] [2.0] [cxt 0] Applying table 'MyIngress.pkt_forward'
[06:06:01.958] [bmv2] [D] [thread 16274] [2.0] [cxt 0] Looking up key:
* hdr.ipv4.dstAddr    : 00000000

[06:06:01.958] [bmv2] [D] [thread 16274] [2.0] [cxt 0] Table 'MyIngress.pkt_forward': miss
[06:06:01.959] [bmv2] [D] [thread 16274] [2.0] [cxt 0] Action entry is NoAction - 
[06:06:01.959] [bmv2] [T] [thread 16274] [2.0] [cxt 0] Action NoAction
[06:06:01.959] [bmv2] [T] [thread 16274] [2.0] [cxt 0] Applying table 'tbl_get_flowId'
[06:06:01.959] [bmv2] [D] [thread 16274] [2.0] [cxt 0] Looking up key:

[06:06:01.959] [bmv2] [D] [thread 16274] [2.0] [cxt 0] Table 'tbl_get_flowId': miss
[06:06:01.959] [bmv2] [D] [thread 16274] [2.0] [cxt 0] Action entry is MyIngress.get_flowId - 
[06:06:01.959] [bmv2] [T] [thread 16274] [2.0] [cxt 0] Action MyIngress.get_flowId
[06:06:01.959] [bmv2] [T] [thread 16274] [2.0] [cxt 0] forwarding.p4(157) Primitive hash(flowId, HashAlgorithm.crc32, 32w0, {hdr.ipv4.srcAddr,hdr.ipv4.dstAddr, meta.l4_ports.src_port, meta.l4_ports.dst_port, hdr.ipv4.protocol}, maxFlows)
[06:06:01.959] [bmv2] [T] [thread 16274] [2.0] [cxt 0] hash(base=0, max=10) = 2
[06:06:01.959] [bmv2] [T] [thread 16274] [2.0] [cxt 0] forwarding.p4(158) Primitive meta.flowid=flowId
[06:06:01.959] [bmv2] [T] [thread 16274] [2.0] [cxt 0] forwarding.p4(159) Primitive clone3(CloneType.I2E, MIRROR_SESSION_ID, meta)
[06:06:01.959] [bmv2] [T] [thread 16274] [2.0] [cxt 0] Applying table 'tbl_forwarding185'
[06:06:01.959] [bmv2] [D] [thread 16274] [2.0] [cxt 0] Looking up key:

[06:06:01.959] [bmv2] [D] [thread 16274] [2.0] [cxt 0] Table 'tbl_forwarding185': miss
[06:06:01.959] [bmv2] [D] [thread 16274] [2.0] [cxt 0] Action entry is forwarding185 - 
[06:06:01.959] [bmv2] [T] [thread 16274] [2.0] [cxt 0] Action forwarding185
[06:06:01.959] [bmv2] [T] [thread 16274] [2.0] [cxt 0] forwarding.p4(185) Primitive isSeen.read(_isSeen, flowId)
[06:06:01.959] [bmv2] [T] [thread 16274] [2.0] [cxt 0] Read register 'MyIngress.isSeen' at index 2 read value 1
[06:06:01.959] [bmv2] [T] [thread 16274] [2.0] [cxt 0] forwarding.p4(186) Condition "_isSeen==0" (node_5) is false
[06:06:01.959] [bmv2] [T] [thread 16274] [2.0] [cxt 0] Applying table 'tbl_forwarding188'
[06:06:01.959] [bmv2] [D] [thread 16274] [2.0] [cxt 0] Looking up key:

[06:06:01.959] [bmv2] [D] [thread 16274] [2.0] [cxt 0] Table 'tbl_forwarding188': miss
[06:06:01.959] [bmv2] [D] [thread 16274] [2.0] [cxt 0] Action entry is forwarding188 - 
[06:06:01.959] [bmv2] [T] [thread 16274] [2.0] [cxt 0] Action forwarding188
[06:06:01.959] [bmv2] [T] [thread 16274] [2.0] [cxt 0] forwarding.p4(188) Primitive isSeen.write(flowId,1)
[06:06:01.959] [bmv2] [T] [thread 16274] [2.0] [cxt 0] Wrote register 'MyIngress.isSeen' at index 2 with value 1
[06:06:01.959] [bmv2] [T] [thread 16274] [2.0] [cxt 0] forwarding.p4(191) Primitive startTime.read(_startTime, flowId)
[06:06:01.959] [bmv2] [T] [thread 16274] [2.0] [cxt 0] Read register 'MyIngress.startTime' at index 2 read value 154535
[06:06:01.959] [bmv2] [T] [thread 16274] [2.0] [cxt 0] forwarding.p4(192) Condition "standard_metadata.ingress_global_timestamp - _startTime>=window" (node_8) is false
[06:06:01.959] [bmv2] [T] [thread 16274] [2.0] [cxt 0] Applying table 'tbl_forwarding202'
[06:06:01.960] [bmv2] [D] [thread 16274] [2.0] [cxt 0] Looking up key:

[06:06:01.960] [bmv2] [D] [thread 16274] [2.0] [cxt 0] Table 'tbl_forwarding202': miss
[06:06:01.960] [bmv2] [D] [thread 16274] [2.0] [cxt 0] Action entry is forwarding202 - 
[06:06:01.960] [bmv2] [T] [thread 16274] [2.0] [cxt 0] Action forwarding202
[06:06:01.960] [bmv2] [T] [thread 16274] [2.0] [cxt 0] forwarding.p4(202) Primitive bytesReceived.read(_byteCnt,flowId)
[06:06:01.960] [bmv2] [T] [thread 16274] [2.0] [cxt 0] Read register 'MyIngress.bytesReceived' at index 2 read value 156
[06:06:01.960] [bmv2] [T] [thread 16274] [2.0] [cxt 0] forwarding.p4(203) Primitive _byteCnt+standard_metadata.packet_length
[06:06:01.960] [bmv2] [T] [thread 16274] [2.0] [cxt 0] forwarding.p4(203) Primitive bytesReceived.write(flowId,_byteCnt+standard_metadata.packet_length)
[06:06:01.960] [bmv2] [T] [thread 16274] [2.0] [cxt 0] Wrote register 'MyIngress.bytesReceived' at index 2 with value 234
[06:06:01.960] [bmv2] [T] [thread 16274] [2.0] [cxt 0] forwarding.p4(206) Primitive bytesReceived.read(_byteCnt,flowId)
[06:06:01.960] [bmv2] [T] [thread 16274] [2.0] [cxt 0] Read register 'MyIngress.bytesReceived' at index 2 read value 234
[06:06:01.960] [bmv2] [T] [thread 16274] [2.0] [cxt 0] forwarding.p4(207) Condition "_byteCnt > maxBytes" (node_11) is true
[06:06:01.960] [bmv2] [T] [thread 16274] [2.0] [cxt 0] Applying table 'tbl_forwarding214'
[06:06:01.960] [bmv2] [D] [thread 16274] [2.0] [cxt 0] Looking up key:

[06:06:01.960] [bmv2] [D] [thread 16274] [2.0] [cxt 0] Table 'tbl_forwarding214': miss
[06:06:01.960] [bmv2] [D] [thread 16274] [2.0] [cxt 0] Action entry is forwarding214 - 
[06:06:01.960] [bmv2] [T] [thread 16274] [2.0] [cxt 0] Action forwarding214
[06:06:01.960] [bmv2] [T] [thread 16274] [2.0] [cxt 0] forwarding.p4(214) Primitive random<bit<32>>(probability, 32w0, 32w100)
[06:06:01.960] [bmv2] [T] [thread 16274] [2.0] [cxt 0] random(lo=0, hi=100) = 12
[06:06:01.960] [bmv2] [T] [thread 16274] [2.0] [cxt 0] forwarding.p4(215) Primitive dropRates.read(DROP_RATE, flowId)
[06:06:01.960] [bmv2] [T] [thread 16274] [2.0] [cxt 0] Read register 'MyIngress.dropRates' at index 2 read value 0
[06:06:01.960] [bmv2] [T] [thread 16274] [2.0] [cxt 0] forwarding.p4(216) Condition "probability <= DROP_RATE" (node_13) is false
[06:06:01.960] [bmv2] [D] [thread 16274] [2.0] [cxt 0] Pipeline 'ingress': end
[06:06:01.960] [bmv2] [D] [thread 16274] [2.0] [cxt 0] Cloning packet at ingress
[06:06:01.960] [bmv2] [D] [thread 16274] [2.0] [cxt 0] Egress port is 0
[06:06:01.961] [bmv2] [D] [thread 16275] [2.0] [cxt 0] Pipeline 'egress': start
[06:06:01.961] [bmv2] [T] [thread 16275] [2.0] [cxt 0] forwarding.p4(233) Condition "standard_metadata.instance_type == 1" (node_17) is false
[06:06:01.961] [bmv2] [D] [thread 16275] [2.0] [cxt 0] Pipeline 'egress': end
[06:06:01.961] [bmv2] [D] [thread 16275] [2.0] [cxt 0] Deparser 'deparser': start
[06:06:01.961] [bmv2] [T] [thread 16275] [2.0] [cxt 0] Skipping checksum 'cksum' update because condition not met
[06:06:01.961] [bmv2] [D] [thread 16275] [2.0] [cxt 0] Deparsing header 'ethernet'
[06:06:01.961] [bmv2] [D] [thread 16275] [2.0] [cxt 0] Deparser 'deparser': end
[06:06:01.961] [bmv2] [D] [thread 16279] [2.0] [cxt 0] Transmitting packet of size 78 out of port 0
[06:06:02.323] [bmv2] [D] [thread 16274] [3.0] [cxt 0] Processing packet received on port 3
[06:06:02.323] [bmv2] [D] [thread 16274] [3.0] [cxt 0] Parser 'parser': start
[06:06:02.323] [bmv2] [D] [thread 16274] [3.0] [cxt 0] Parser 'parser' entering state 'start'
[06:06:02.323] [bmv2] [D] [thread 16274] [3.0] [cxt 0] Extracting header 'ethernet'
[06:06:02.324] [bmv2] [D] [thread 16274] [3.0] [cxt 0] Parser state 'start': key is 86dd
[06:06:02.324] [bmv2] [T] [thread 16274] [3.0] [cxt 0] Bytes parsed: 14
[06:06:02.324] [bmv2] [T] [thread 16274] [3.0] [cxt 0] Skipping checksum 'cksum_0' verification because target field invalid
[06:06:02.324] [bmv2] [D] [thread 16274] [3.0] [cxt 0] Parser 'parser': end
[06:06:02.324] [bmv2] [D] [thread 16274] [3.0] [cxt 0] Pipeline 'ingress': start
[06:06:02.325] [bmv2] [T] [thread 16274] [3.0] [cxt 0] Applying table 'MyIngress.pkt_forward'
[06:06:02.325] [bmv2] [D] [thread 16274] [3.0] [cxt 0] Looking up key:
* hdr.ipv4.dstAddr    : 00000000

[06:06:02.325] [bmv2] [D] [thread 16274] [3.0] [cxt 0] Table 'MyIngress.pkt_forward': miss
[06:06:02.325] [bmv2] [D] [thread 16274] [3.0] [cxt 0] Action entry is NoAction - 
[06:06:02.325] [bmv2] [T] [thread 16274] [3.0] [cxt 0] Action NoAction
[06:06:02.325] [bmv2] [T] [thread 16274] [3.0] [cxt 0] Applying table 'tbl_get_flowId'
[06:06:02.326] [bmv2] [D] [thread 16274] [3.0] [cxt 0] Looking up key:

[06:06:02.326] [bmv2] [D] [thread 16274] [3.0] [cxt 0] Table 'tbl_get_flowId': miss
[06:06:02.326] [bmv2] [D] [thread 16274] [3.0] [cxt 0] Action entry is MyIngress.get_flowId - 
[06:06:02.326] [bmv2] [T] [thread 16274] [3.0] [cxt 0] Action MyIngress.get_flowId
[06:06:02.326] [bmv2] [T] [thread 16274] [3.0] [cxt 0] forwarding.p4(157) Primitive hash(flowId, HashAlgorithm.crc32, 32w0, {hdr.ipv4.srcAddr,hdr.ipv4.dstAddr, meta.l4_ports.src_port, meta.l4_ports.dst_port, hdr.ipv4.protocol}, maxFlows)
[06:06:02.326] [bmv2] [T] [thread 16274] [3.0] [cxt 0] hash(base=0, max=10) = 2
[06:06:02.326] [bmv2] [T] [thread 16274] [3.0] [cxt 0] forwarding.p4(158) Primitive meta.flowid=flowId
[06:06:02.326] [bmv2] [T] [thread 16274] [3.0] [cxt 0] forwarding.p4(159) Primitive clone3(CloneType.I2E, MIRROR_SESSION_ID, meta)
[06:06:02.326] [bmv2] [T] [thread 16274] [3.0] [cxt 0] Applying table 'tbl_forwarding185'
[06:06:02.326] [bmv2] [D] [thread 16274] [3.0] [cxt 0] Looking up key:

[06:06:02.326] [bmv2] [D] [thread 16274] [3.0] [cxt 0] Table 'tbl_forwarding185': miss
[06:06:02.326] [bmv2] [D] [thread 16274] [3.0] [cxt 0] Action entry is forwarding185 - 
[06:06:02.326] [bmv2] [T] [thread 16274] [3.0] [cxt 0] Action forwarding185
[06:06:02.326] [bmv2] [T] [thread 16274] [3.0] [cxt 0] forwarding.p4(185) Primitive isSeen.read(_isSeen, flowId)
[06:06:02.326] [bmv2] [T] [thread 16274] [3.0] [cxt 0] Read register 'MyIngress.isSeen' at index 2 read value 1
[06:06:02.326] [bmv2] [T] [thread 16274] [3.0] [cxt 0] forwarding.p4(186) Condition "_isSeen==0" (node_5) is false
[06:06:02.326] [bmv2] [T] [thread 16274] [3.0] [cxt 0] Applying table 'tbl_forwarding188'
[06:06:02.326] [bmv2] [D] [thread 16274] [3.0] [cxt 0] Looking up key:

[06:06:02.326] [bmv2] [D] [thread 16274] [3.0] [cxt 0] Table 'tbl_forwarding188': miss
[06:06:02.326] [bmv2] [D] [thread 16274] [3.0] [cxt 0] Action entry is forwarding188 - 
[06:06:02.326] [bmv2] [T] [thread 16274] [3.0] [cxt 0] Action forwarding188
[06:06:02.326] [bmv2] [T] [thread 16274] [3.0] [cxt 0] forwarding.p4(188) Primitive isSeen.write(flowId,1)
[06:06:02.326] [bmv2] [T] [thread 16274] [3.0] [cxt 0] Wrote register 'MyIngress.isSeen' at index 2 with value 1
[06:06:02.326] [bmv2] [T] [thread 16274] [3.0] [cxt 0] forwarding.p4(191) Primitive startTime.read(_startTime, flowId)
[06:06:02.326] [bmv2] [T] [thread 16274] [3.0] [cxt 0] Read register 'MyIngress.startTime' at index 2 read value 154535
[06:06:02.326] [bmv2] [T] [thread 16274] [3.0] [cxt 0] forwarding.p4(192) Condition "standard_metadata.ingress_global_timestamp - _startTime>=window" (node_8) is false
[06:06:02.326] [bmv2] [T] [thread 16274] [3.0] [cxt 0] Applying table 'tbl_forwarding202'
[06:06:02.326] [bmv2] [D] [thread 16274] [3.0] [cxt 0] Looking up key:

[06:06:02.327] [bmv2] [D] [thread 16274] [3.0] [cxt 0] Table 'tbl_forwarding202': miss
[06:06:02.327] [bmv2] [D] [thread 16274] [3.0] [cxt 0] Action entry is forwarding202 - 
[06:06:02.327] [bmv2] [T] [thread 16274] [3.0] [cxt 0] Action forwarding202
[06:06:02.327] [bmv2] [T] [thread 16274] [3.0] [cxt 0] forwarding.p4(202) Primitive bytesReceived.read(_byteCnt,flowId)
[06:06:02.327] [bmv2] [T] [thread 16274] [3.0] [cxt 0] Read register 'MyIngress.bytesReceived' at index 2 read value 234
[06:06:02.327] [bmv2] [T] [thread 16274] [3.0] [cxt 0] forwarding.p4(203) Primitive _byteCnt+standard_metadata.packet_length
[06:06:02.327] [bmv2] [T] [thread 16274] [3.0] [cxt 0] forwarding.p4(203) Primitive bytesReceived.write(flowId,_byteCnt+standard_metadata.packet_length)
[06:06:02.327] [bmv2] [T] [thread 16274] [3.0] [cxt 0] Wrote register 'MyIngress.bytesReceived' at index 2 with value 324
[06:06:02.327] [bmv2] [T] [thread 16274] [3.0] [cxt 0] forwarding.p4(206) Primitive bytesReceived.read(_byteCnt,flowId)
[06:06:02.327] [bmv2] [T] [thread 16274] [3.0] [cxt 0] Read register 'MyIngress.bytesReceived' at index 2 read value 324
[06:06:02.327] [bmv2] [T] [thread 16274] [3.0] [cxt 0] forwarding.p4(207) Condition "_byteCnt > maxBytes" (node_11) is true
[06:06:02.327] [bmv2] [T] [thread 16274] [3.0] [cxt 0] Applying table 'tbl_forwarding214'
[06:06:02.327] [bmv2] [D] [thread 16274] [3.0] [cxt 0] Looking up key:

[06:06:02.327] [bmv2] [D] [thread 16274] [3.0] [cxt 0] Table 'tbl_forwarding214': miss
[06:06:02.327] [bmv2] [D] [thread 16274] [3.0] [cxt 0] Action entry is forwarding214 - 
[06:06:02.327] [bmv2] [T] [thread 16274] [3.0] [cxt 0] Action forwarding214
[06:06:02.327] [bmv2] [T] [thread 16274] [3.0] [cxt 0] forwarding.p4(214) Primitive random<bit<32>>(probability, 32w0, 32w100)
[06:06:02.327] [bmv2] [T] [thread 16274] [3.0] [cxt 0] random(lo=0, hi=100) = 33
[06:06:02.327] [bmv2] [T] [thread 16274] [3.0] [cxt 0] forwarding.p4(215) Primitive dropRates.read(DROP_RATE, flowId)
[06:06:02.327] [bmv2] [T] [thread 16274] [3.0] [cxt 0] Read register 'MyIngress.dropRates' at index 2 read value 0
[06:06:02.327] [bmv2] [T] [thread 16274] [3.0] [cxt 0] forwarding.p4(216) Condition "probability <= DROP_RATE" (node_13) is false
[06:06:02.327] [bmv2] [D] [thread 16274] [3.0] [cxt 0] Pipeline 'ingress': end
[06:06:02.327] [bmv2] [D] [thread 16274] [3.0] [cxt 0] Cloning packet at ingress
[06:06:02.327] [bmv2] [D] [thread 16274] [3.0] [cxt 0] Egress port is 0
[06:06:02.328] [bmv2] [D] [thread 16275] [3.0] [cxt 0] Pipeline 'egress': start
[06:06:02.328] [bmv2] [T] [thread 16275] [3.0] [cxt 0] forwarding.p4(233) Condition "standard_metadata.instance_type == 1" (node_17) is false
[06:06:02.328] [bmv2] [D] [thread 16275] [3.0] [cxt 0] Pipeline 'egress': end
[06:06:02.328] [bmv2] [D] [thread 16275] [3.0] [cxt 0] Deparser 'deparser': start
[06:06:02.328] [bmv2] [T] [thread 16275] [3.0] [cxt 0] Skipping checksum 'cksum' update because condition not met
[06:06:02.328] [bmv2] [D] [thread 16275] [3.0] [cxt 0] Deparsing header 'ethernet'
[06:06:02.328] [bmv2] [D] [thread 16275] [3.0] [cxt 0] Deparser 'deparser': end
[06:06:02.328] [bmv2] [D] [thread 16279] [3.0] [cxt 0] Transmitting packet of size 90 out of port 0
[06:06:02.360] [bmv2] [D] [thread 16274] [4.0] [cxt 0] Processing packet received on port 4
[06:06:02.360] [bmv2] [D] [thread 16274] [4.0] [cxt 0] Parser 'parser': start
[06:06:02.360] [bmv2] [D] [thread 16274] [4.0] [cxt 0] Parser 'parser' entering state 'start'
[06:06:02.360] [bmv2] [D] [thread 16274] [4.0] [cxt 0] Extracting header 'ethernet'
[06:06:02.360] [bmv2] [D] [thread 16274] [4.0] [cxt 0] Parser state 'start': key is 86dd
[06:06:02.360] [bmv2] [T] [thread 16274] [4.0] [cxt 0] Bytes parsed: 14
[06:06:02.360] [bmv2] [T] [thread 16274] [4.0] [cxt 0] Skipping checksum 'cksum_0' verification because target field invalid
[06:06:02.360] [bmv2] [D] [thread 16274] [4.0] [cxt 0] Parser 'parser': end
[06:06:02.360] [bmv2] [D] [thread 16274] [4.0] [cxt 0] Pipeline 'ingress': start
[06:06:02.360] [bmv2] [T] [thread 16274] [4.0] [cxt 0] Applying table 'MyIngress.pkt_forward'
[06:06:02.360] [bmv2] [D] [thread 16274] [4.0] [cxt 0] Looking up key:
* hdr.ipv4.dstAddr    : 00000000

[06:06:02.360] [bmv2] [D] [thread 16274] [4.0] [cxt 0] Table 'MyIngress.pkt_forward': miss
[06:06:02.360] [bmv2] [D] [thread 16274] [4.0] [cxt 0] Action entry is NoAction - 
[06:06:02.360] [bmv2] [T] [thread 16274] [4.0] [cxt 0] Action NoAction
[06:06:02.360] [bmv2] [T] [thread 16274] [4.0] [cxt 0] Applying table 'tbl_get_flowId'
[06:06:02.360] [bmv2] [D] [thread 16274] [4.0] [cxt 0] Looking up key:

[06:06:02.360] [bmv2] [D] [thread 16274] [4.0] [cxt 0] Table 'tbl_get_flowId': miss
[06:06:02.360] [bmv2] [D] [thread 16274] [4.0] [cxt 0] Action entry is MyIngress.get_flowId - 
[06:06:02.360] [bmv2] [T] [thread 16274] [4.0] [cxt 0] Action MyIngress.get_flowId
[06:06:02.361] [bmv2] [T] [thread 16274] [4.0] [cxt 0] forwarding.p4(157) Primitive hash(flowId, HashAlgorithm.crc32, 32w0, {hdr.ipv4.srcAddr,hdr.ipv4.dstAddr, meta.l4_ports.src_port, meta.l4_ports.dst_port, hdr.ipv4.protocol}, maxFlows)
[06:06:02.361] [bmv2] [T] [thread 16274] [4.0] [cxt 0] hash(base=0, max=10) = 2
[06:06:02.361] [bmv2] [T] [thread 16274] [4.0] [cxt 0] forwarding.p4(158) Primitive meta.flowid=flowId
[06:06:02.361] [bmv2] [T] [thread 16274] [4.0] [cxt 0] forwarding.p4(159) Primitive clone3(CloneType.I2E, MIRROR_SESSION_ID, meta)
[06:06:02.361] [bmv2] [T] [thread 16274] [4.0] [cxt 0] Applying table 'tbl_forwarding185'
[06:06:02.361] [bmv2] [D] [thread 16274] [4.0] [cxt 0] Looking up key:

[06:06:02.361] [bmv2] [D] [thread 16274] [4.0] [cxt 0] Table 'tbl_forwarding185': miss
[06:06:02.362] [bmv2] [D] [thread 16274] [4.0] [cxt 0] Action entry is forwarding185 - 
[06:06:02.362] [bmv2] [T] [thread 16274] [4.0] [cxt 0] Action forwarding185
[06:06:02.362] [bmv2] [T] [thread 16274] [4.0] [cxt 0] forwarding.p4(185) Primitive isSeen.read(_isSeen, flowId)
[06:06:02.362] [bmv2] [T] [thread 16274] [4.0] [cxt 0] Read register 'MyIngress.isSeen' at index 2 read value 1
[06:06:02.362] [bmv2] [T] [thread 16274] [4.0] [cxt 0] forwarding.p4(186) Condition "_isSeen==0" (node_5) is false
[06:06:02.362] [bmv2] [T] [thread 16274] [4.0] [cxt 0] Applying table 'tbl_forwarding188'
[06:06:02.362] [bmv2] [D] [thread 16274] [4.0] [cxt 0] Looking up key:

[06:06:02.362] [bmv2] [D] [thread 16274] [4.0] [cxt 0] Table 'tbl_forwarding188': miss
[06:06:02.362] [bmv2] [D] [thread 16274] [4.0] [cxt 0] Action entry is forwarding188 - 
[06:06:02.362] [bmv2] [T] [thread 16274] [4.0] [cxt 0] Action forwarding188
[06:06:02.362] [bmv2] [T] [thread 16274] [4.0] [cxt 0] forwarding.p4(188) Primitive isSeen.write(flowId,1)
[06:06:02.362] [bmv2] [T] [thread 16274] [4.0] [cxt 0] Wrote register 'MyIngress.isSeen' at index 2 with value 1
[06:06:02.362] [bmv2] [T] [thread 16274] [4.0] [cxt 0] forwarding.p4(191) Primitive startTime.read(_startTime, flowId)
[06:06:02.362] [bmv2] [T] [thread 16274] [4.0] [cxt 0] Read register 'MyIngress.startTime' at index 2 read value 154535
[06:06:02.362] [bmv2] [T] [thread 16274] [4.0] [cxt 0] forwarding.p4(192) Condition "standard_metadata.ingress_global_timestamp - _startTime>=window" (node_8) is false
[06:06:02.362] [bmv2] [T] [thread 16274] [4.0] [cxt 0] Applying table 'tbl_forwarding202'
[06:06:02.362] [bmv2] [D] [thread 16274] [4.0] [cxt 0] Looking up key:

[06:06:02.362] [bmv2] [D] [thread 16274] [4.0] [cxt 0] Table 'tbl_forwarding202': miss
[06:06:02.362] [bmv2] [D] [thread 16274] [4.0] [cxt 0] Action entry is forwarding202 - 
[06:06:02.362] [bmv2] [T] [thread 16274] [4.0] [cxt 0] Action forwarding202
[06:06:02.362] [bmv2] [T] [thread 16274] [4.0] [cxt 0] forwarding.p4(202) Primitive bytesReceived.read(_byteCnt,flowId)
[06:06:02.362] [bmv2] [T] [thread 16274] [4.0] [cxt 0] Read register 'MyIngress.bytesReceived' at index 2 read value 324
[06:06:02.362] [bmv2] [T] [thread 16274] [4.0] [cxt 0] forwarding.p4(203) Primitive _byteCnt+standard_metadata.packet_length
[06:06:02.362] [bmv2] [T] [thread 16274] [4.0] [cxt 0] forwarding.p4(203) Primitive bytesReceived.write(flowId,_byteCnt+standard_metadata.packet_length)
[06:06:02.362] [bmv2] [T] [thread 16274] [4.0] [cxt 0] Wrote register 'MyIngress.bytesReceived' at index 2 with value 402
[06:06:02.362] [bmv2] [T] [thread 16274] [4.0] [cxt 0] forwarding.p4(206) Primitive bytesReceived.read(_byteCnt,flowId)
[06:06:02.362] [bmv2] [T] [thread 16274] [4.0] [cxt 0] Read register 'MyIngress.bytesReceived' at index 2 read value 402
[06:06:02.362] [bmv2] [T] [thread 16274] [4.0] [cxt 0] forwarding.p4(207) Condition "_byteCnt > maxBytes" (node_11) is true
[06:06:02.362] [bmv2] [T] [thread 16274] [4.0] [cxt 0] Applying table 'tbl_forwarding214'
[06:06:02.363] [bmv2] [D] [thread 16274] [4.0] [cxt 0] Looking up key:

[06:06:02.363] [bmv2] [D] [thread 16274] [4.0] [cxt 0] Table 'tbl_forwarding214': miss
[06:06:02.363] [bmv2] [D] [thread 16274] [4.0] [cxt 0] Action entry is forwarding214 - 
[06:06:02.363] [bmv2] [T] [thread 16274] [4.0] [cxt 0] Action forwarding214
[06:06:02.363] [bmv2] [T] [thread 16274] [4.0] [cxt 0] forwarding.p4(214) Primitive random<bit<32>>(probability, 32w0, 32w100)
[06:06:02.363] [bmv2] [T] [thread 16274] [4.0] [cxt 0] random(lo=0, hi=100) = 94
[06:06:02.363] [bmv2] [T] [thread 16274] [4.0] [cxt 0] forwarding.p4(215) Primitive dropRates.read(DROP_RATE, flowId)
[06:06:02.363] [bmv2] [T] [thread 16274] [4.0] [cxt 0] Read register 'MyIngress.dropRates' at index 2 read value 0
[06:06:02.363] [bmv2] [T] [thread 16274] [4.0] [cxt 0] forwarding.p4(216) Condition "probability <= DROP_RATE" (node_13) is false
[06:06:02.363] [bmv2] [D] [thread 16274] [4.0] [cxt 0] Pipeline 'ingress': end
[06:06:02.363] [bmv2] [D] [thread 16274] [4.0] [cxt 0] Cloning packet at ingress
[06:06:02.363] [bmv2] [D] [thread 16274] [4.0] [cxt 0] Egress port is 0
[06:06:02.364] [bmv2] [D] [thread 16275] [4.0] [cxt 0] Pipeline 'egress': start
[06:06:02.364] [bmv2] [T] [thread 16275] [4.0] [cxt 0] forwarding.p4(233) Condition "standard_metadata.instance_type == 1" (node_17) is false
[06:06:02.364] [bmv2] [D] [thread 16275] [4.0] [cxt 0] Pipeline 'egress': end
[06:06:02.364] [bmv2] [D] [thread 16275] [4.0] [cxt 0] Deparser 'deparser': start
[06:06:02.364] [bmv2] [T] [thread 16275] [4.0] [cxt 0] Skipping checksum 'cksum' update because condition not met
[06:06:02.364] [bmv2] [D] [thread 16275] [4.0] [cxt 0] Deparsing header 'ethernet'
[06:06:02.364] [bmv2] [D] [thread 16275] [4.0] [cxt 0] Deparser 'deparser': end
[06:06:02.364] [bmv2] [D] [thread 16279] [4.0] [cxt 0] Transmitting packet of size 78 out of port 0
[06:06:02.405] [bmv2] [D] [thread 16274] [5.0] [cxt 0] Processing packet received on port 4
[06:06:02.405] [bmv2] [D] [thread 16274] [5.0] [cxt 0] Parser 'parser': start
[06:06:02.405] [bmv2] [D] [thread 16274] [5.0] [cxt 0] Parser 'parser' entering state 'start'
[06:06:02.405] [bmv2] [D] [thread 16274] [5.0] [cxt 0] Extracting header 'ethernet'
[06:06:02.405] [bmv2] [D] [thread 16274] [5.0] [cxt 0] Parser state 'start': key is 86dd
[06:06:02.405] [bmv2] [T] [thread 16274] [5.0] [cxt 0] Bytes parsed: 14
[06:06:02.405] [bmv2] [T] [thread 16274] [5.0] [cxt 0] Skipping checksum 'cksum_0' verification because target field invalid
[06:06:02.405] [bmv2] [D] [thread 16274] [5.0] [cxt 0] Parser 'parser': end
[06:06:02.406] [bmv2] [D] [thread 16274] [5.0] [cxt 0] Pipeline 'ingress': start
[06:06:02.406] [bmv2] [T] [thread 16274] [5.0] [cxt 0] Applying table 'MyIngress.pkt_forward'
[06:06:02.406] [bmv2] [D] [thread 16274] [5.0] [cxt 0] Looking up key:
* hdr.ipv4.dstAddr    : 00000000

[06:06:02.406] [bmv2] [D] [thread 16274] [5.0] [cxt 0] Table 'MyIngress.pkt_forward': miss
[06:06:02.406] [bmv2] [D] [thread 16274] [5.0] [cxt 0] Action entry is NoAction - 
[06:06:02.406] [bmv2] [T] [thread 16274] [5.0] [cxt 0] Action NoAction
[06:06:02.406] [bmv2] [T] [thread 16274] [5.0] [cxt 0] Applying table 'tbl_get_flowId'
[06:06:02.406] [bmv2] [D] [thread 16274] [5.0] [cxt 0] Looking up key:

[06:06:02.406] [bmv2] [D] [thread 16274] [5.0] [cxt 0] Table 'tbl_get_flowId': miss
[06:06:02.406] [bmv2] [D] [thread 16274] [5.0] [cxt 0] Action entry is MyIngress.get_flowId - 
[06:06:02.406] [bmv2] [T] [thread 16274] [5.0] [cxt 0] Action MyIngress.get_flowId
[06:06:02.406] [bmv2] [T] [thread 16274] [5.0] [cxt 0] forwarding.p4(157) Primitive hash(flowId, HashAlgorithm.crc32, 32w0, {hdr.ipv4.srcAddr,hdr.ipv4.dstAddr, meta.l4_ports.src_port, meta.l4_ports.dst_port, hdr.ipv4.protocol}, maxFlows)
[06:06:02.406] [bmv2] [T] [thread 16274] [5.0] [cxt 0] hash(base=0, max=10) = 2
[06:06:02.406] [bmv2] [T] [thread 16274] [5.0] [cxt 0] forwarding.p4(158) Primitive meta.flowid=flowId
[06:06:02.406] [bmv2] [T] [thread 16274] [5.0] [cxt 0] forwarding.p4(159) Primitive clone3(CloneType.I2E, MIRROR_SESSION_ID, meta)
[06:06:02.406] [bmv2] [T] [thread 16274] [5.0] [cxt 0] Applying table 'tbl_forwarding185'
[06:06:02.406] [bmv2] [D] [thread 16274] [5.0] [cxt 0] Looking up key:

[06:06:02.406] [bmv2] [D] [thread 16274] [5.0] [cxt 0] Table 'tbl_forwarding185': miss
[06:06:02.406] [bmv2] [D] [thread 16274] [5.0] [cxt 0] Action entry is forwarding185 - 
[06:06:02.407] [bmv2] [T] [thread 16274] [5.0] [cxt 0] Action forwarding185
[06:06:02.407] [bmv2] [T] [thread 16274] [5.0] [cxt 0] forwarding.p4(185) Primitive isSeen.read(_isSeen, flowId)
[06:06:02.407] [bmv2] [T] [thread 16274] [5.0] [cxt 0] Read register 'MyIngress.isSeen' at index 2 read value 1
[06:06:02.407] [bmv2] [T] [thread 16274] [5.0] [cxt 0] forwarding.p4(186) Condition "_isSeen==0" (node_5) is false
[06:06:02.407] [bmv2] [T] [thread 16274] [5.0] [cxt 0] Applying table 'tbl_forwarding188'
[06:06:02.407] [bmv2] [D] [thread 16274] [5.0] [cxt 0] Looking up key:

[06:06:02.407] [bmv2] [D] [thread 16274] [5.0] [cxt 0] Table 'tbl_forwarding188': miss
[06:06:02.407] [bmv2] [D] [thread 16274] [5.0] [cxt 0] Action entry is forwarding188 - 
[06:06:02.407] [bmv2] [T] [thread 16274] [5.0] [cxt 0] Action forwarding188
[06:06:02.407] [bmv2] [T] [thread 16274] [5.0] [cxt 0] forwarding.p4(188) Primitive isSeen.write(flowId,1)
[06:06:02.407] [bmv2] [T] [thread 16274] [5.0] [cxt 0] Wrote register 'MyIngress.isSeen' at index 2 with value 1
[06:06:02.407] [bmv2] [T] [thread 16274] [5.0] [cxt 0] forwarding.p4(191) Primitive startTime.read(_startTime, flowId)
[06:06:02.407] [bmv2] [T] [thread 16274] [5.0] [cxt 0] Read register 'MyIngress.startTime' at index 2 read value 154535
[06:06:02.407] [bmv2] [T] [thread 16274] [5.0] [cxt 0] forwarding.p4(192) Condition "standard_metadata.ingress_global_timestamp - _startTime>=window" (node_8) is false
[06:06:02.407] [bmv2] [T] [thread 16274] [5.0] [cxt 0] Applying table 'tbl_forwarding202'
[06:06:02.407] [bmv2] [D] [thread 16274] [5.0] [cxt 0] Looking up key:

[06:06:02.407] [bmv2] [D] [thread 16274] [5.0] [cxt 0] Table 'tbl_forwarding202': miss
[06:06:02.407] [bmv2] [D] [thread 16274] [5.0] [cxt 0] Action entry is forwarding202 - 
[06:06:02.407] [bmv2] [T] [thread 16274] [5.0] [cxt 0] Action forwarding202
[06:06:02.408] [bmv2] [T] [thread 16274] [5.0] [cxt 0] forwarding.p4(202) Primitive bytesReceived.read(_byteCnt,flowId)
[06:06:02.408] [bmv2] [T] [thread 16274] [5.0] [cxt 0] Read register 'MyIngress.bytesReceived' at index 2 read value 402
[06:06:02.408] [bmv2] [T] [thread 16274] [5.0] [cxt 0] forwarding.p4(203) Primitive _byteCnt+standard_metadata.packet_length
[06:06:02.408] [bmv2] [T] [thread 16274] [5.0] [cxt 0] forwarding.p4(203) Primitive bytesReceived.write(flowId,_byteCnt+standard_metadata.packet_length)
[06:06:02.408] [bmv2] [T] [thread 16274] [5.0] [cxt 0] Wrote register 'MyIngress.bytesReceived' at index 2 with value 492
[06:06:02.408] [bmv2] [T] [thread 16274] [5.0] [cxt 0] forwarding.p4(206) Primitive bytesReceived.read(_byteCnt,flowId)
[06:06:02.408] [bmv2] [T] [thread 16274] [5.0] [cxt 0] Read register 'MyIngress.bytesReceived' at index 2 read value 492
[06:06:02.408] [bmv2] [T] [thread 16274] [5.0] [cxt 0] forwarding.p4(207) Condition "_byteCnt > maxBytes" (node_11) is true
[06:06:02.408] [bmv2] [T] [thread 16274] [5.0] [cxt 0] Applying table 'tbl_forwarding214'
[06:06:02.408] [bmv2] [D] [thread 16274] [5.0] [cxt 0] Looking up key:

[06:06:02.408] [bmv2] [D] [thread 16274] [5.0] [cxt 0] Table 'tbl_forwarding214': miss
[06:06:02.408] [bmv2] [D] [thread 16274] [5.0] [cxt 0] Action entry is forwarding214 - 
[06:06:02.408] [bmv2] [T] [thread 16274] [5.0] [cxt 0] Action forwarding214
[06:06:02.408] [bmv2] [T] [thread 16274] [5.0] [cxt 0] forwarding.p4(214) Primitive random<bit<32>>(probability, 32w0, 32w100)
[06:06:02.408] [bmv2] [T] [thread 16274] [5.0] [cxt 0] random(lo=0, hi=100) = 38
[06:06:02.408] [bmv2] [T] [thread 16274] [5.0] [cxt 0] forwarding.p4(215) Primitive dropRates.read(DROP_RATE, flowId)
[06:06:02.408] [bmv2] [T] [thread 16274] [5.0] [cxt 0] Read register 'MyIngress.dropRates' at index 2 read value 0
[06:06:02.408] [bmv2] [T] [thread 16274] [5.0] [cxt 0] forwarding.p4(216) Condition "probability <= DROP_RATE" (node_13) is false
[06:06:02.409] [bmv2] [D] [thread 16274] [5.0] [cxt 0] Pipeline 'ingress': end
[06:06:02.409] [bmv2] [D] [thread 16274] [5.0] [cxt 0] Cloning packet at ingress
[06:06:02.409] [bmv2] [D] [thread 16274] [5.0] [cxt 0] Egress port is 0
[06:06:02.410] [bmv2] [D] [thread 16275] [5.0] [cxt 0] Pipeline 'egress': start
[06:06:02.410] [bmv2] [T] [thread 16275] [5.0] [cxt 0] forwarding.p4(233) Condition "standard_metadata.instance_type == 1" (node_17) is false
[06:06:02.410] [bmv2] [D] [thread 16275] [5.0] [cxt 0] Pipeline 'egress': end
[06:06:02.410] [bmv2] [D] [thread 16275] [5.0] [cxt 0] Deparser 'deparser': start
[06:06:02.410] [bmv2] [T] [thread 16275] [5.0] [cxt 0] Skipping checksum 'cksum' update because condition not met
[06:06:02.410] [bmv2] [D] [thread 16275] [5.0] [cxt 0] Deparsing header 'ethernet'
[06:06:02.410] [bmv2] [D] [thread 16275] [5.0] [cxt 0] Deparser 'deparser': end
[06:06:02.410] [bmv2] [D] [thread 16279] [5.0] [cxt 0] Transmitting packet of size 90 out of port 0
[06:06:02.476] [bmv2] [D] [thread 16274] [6.0] [cxt 0] Processing packet received on port 2
[06:06:02.477] [bmv2] [D] [thread 16274] [6.0] [cxt 0] Parser 'parser': start
[06:06:02.477] [bmv2] [D] [thread 16274] [6.0] [cxt 0] Parser 'parser' entering state 'start'
[06:06:02.477] [bmv2] [D] [thread 16274] [6.0] [cxt 0] Extracting header 'ethernet'
[06:06:02.477] [bmv2] [D] [thread 16274] [6.0] [cxt 0] Parser state 'start': key is 86dd
[06:06:02.477] [bmv2] [T] [thread 16274] [6.0] [cxt 0] Bytes parsed: 14
[06:06:02.477] [bmv2] [T] [thread 16274] [6.0] [cxt 0] Skipping checksum 'cksum_0' verification because target field invalid
[06:06:02.477] [bmv2] [D] [thread 16274] [6.0] [cxt 0] Parser 'parser': end
[06:06:02.477] [bmv2] [D] [thread 16274] [6.0] [cxt 0] Pipeline 'ingress': start
[06:06:02.477] [bmv2] [T] [thread 16274] [6.0] [cxt 0] Applying table 'MyIngress.pkt_forward'
[06:06:02.477] [bmv2] [D] [thread 16274] [6.0] [cxt 0] Looking up key:
* hdr.ipv4.dstAddr    : 00000000

[06:06:02.477] [bmv2] [D] [thread 16274] [6.0] [cxt 0] Table 'MyIngress.pkt_forward': miss
[06:06:02.477] [bmv2] [D] [thread 16274] [6.0] [cxt 0] Action entry is NoAction - 
[06:06:02.477] [bmv2] [T] [thread 16274] [6.0] [cxt 0] Action NoAction
[06:06:02.477] [bmv2] [T] [thread 16274] [6.0] [cxt 0] Applying table 'tbl_get_flowId'
[06:06:02.477] [bmv2] [D] [thread 16274] [6.0] [cxt 0] Looking up key:

[06:06:02.477] [bmv2] [D] [thread 16274] [6.0] [cxt 0] Table 'tbl_get_flowId': miss
[06:06:02.477] [bmv2] [D] [thread 16274] [6.0] [cxt 0] Action entry is MyIngress.get_flowId - 
[06:06:02.477] [bmv2] [T] [thread 16274] [6.0] [cxt 0] Action MyIngress.get_flowId
[06:06:02.477] [bmv2] [T] [thread 16274] [6.0] [cxt 0] forwarding.p4(157) Primitive hash(flowId, HashAlgorithm.crc32, 32w0, {hdr.ipv4.srcAddr,hdr.ipv4.dstAddr, meta.l4_ports.src_port, meta.l4_ports.dst_port, hdr.ipv4.protocol}, maxFlows)
[06:06:02.478] [bmv2] [T] [thread 16274] [6.0] [cxt 0] hash(base=0, max=10) = 2
[06:06:02.478] [bmv2] [T] [thread 16274] [6.0] [cxt 0] forwarding.p4(158) Primitive meta.flowid=flowId
[06:06:02.478] [bmv2] [T] [thread 16274] [6.0] [cxt 0] forwarding.p4(159) Primitive clone3(CloneType.I2E, MIRROR_SESSION_ID, meta)
[06:06:02.478] [bmv2] [T] [thread 16274] [6.0] [cxt 0] Applying table 'tbl_forwarding185'
[06:06:02.478] [bmv2] [D] [thread 16274] [6.0] [cxt 0] Looking up key:

[06:06:02.478] [bmv2] [D] [thread 16274] [6.0] [cxt 0] Table 'tbl_forwarding185': miss
[06:06:02.478] [bmv2] [D] [thread 16274] [6.0] [cxt 0] Action entry is forwarding185 - 
[06:06:02.478] [bmv2] [T] [thread 16274] [6.0] [cxt 0] Action forwarding185
[06:06:02.478] [bmv2] [T] [thread 16274] [6.0] [cxt 0] forwarding.p4(185) Primitive isSeen.read(_isSeen, flowId)
[06:06:02.478] [bmv2] [T] [thread 16274] [6.0] [cxt 0] Read register 'MyIngress.isSeen' at index 2 read value 1
[06:06:02.478] [bmv2] [T] [thread 16274] [6.0] [cxt 0] forwarding.p4(186) Condition "_isSeen==0" (node_5) is false
[06:06:02.478] [bmv2] [T] [thread 16274] [6.0] [cxt 0] Applying table 'tbl_forwarding188'
[06:06:02.478] [bmv2] [D] [thread 16274] [6.0] [cxt 0] Looking up key:

[06:06:02.478] [bmv2] [D] [thread 16274] [6.0] [cxt 0] Table 'tbl_forwarding188': miss
[06:06:02.478] [bmv2] [D] [thread 16274] [6.0] [cxt 0] Action entry is forwarding188 - 
[06:06:02.478] [bmv2] [T] [thread 16274] [6.0] [cxt 0] Action forwarding188
[06:06:02.478] [bmv2] [T] [thread 16274] [6.0] [cxt 0] forwarding.p4(188) Primitive isSeen.write(flowId,1)
[06:06:02.478] [bmv2] [T] [thread 16274] [6.0] [cxt 0] Wrote register 'MyIngress.isSeen' at index 2 with value 1
[06:06:02.478] [bmv2] [T] [thread 16274] [6.0] [cxt 0] forwarding.p4(191) Primitive startTime.read(_startTime, flowId)
[06:06:02.478] [bmv2] [T] [thread 16274] [6.0] [cxt 0] Read register 'MyIngress.startTime' at index 2 read value 154535
[06:06:02.478] [bmv2] [T] [thread 16274] [6.0] [cxt 0] forwarding.p4(192) Condition "standard_metadata.ingress_global_timestamp - _startTime>=window" (node_8) is false
[06:06:02.478] [bmv2] [T] [thread 16274] [6.0] [cxt 0] Applying table 'tbl_forwarding202'
[06:06:02.478] [bmv2] [D] [thread 16274] [6.0] [cxt 0] Looking up key:

[06:06:02.479] [bmv2] [D] [thread 16274] [6.0] [cxt 0] Table 'tbl_forwarding202': miss
[06:06:02.479] [bmv2] [D] [thread 16274] [6.0] [cxt 0] Action entry is forwarding202 - 
[06:06:02.479] [bmv2] [T] [thread 16274] [6.0] [cxt 0] Action forwarding202
[06:06:02.479] [bmv2] [T] [thread 16274] [6.0] [cxt 0] forwarding.p4(202) Primitive bytesReceived.read(_byteCnt,flowId)
[06:06:02.479] [bmv2] [T] [thread 16274] [6.0] [cxt 0] Read register 'MyIngress.bytesReceived' at index 2 read value 492
[06:06:02.480] [bmv2] [T] [thread 16274] [6.0] [cxt 0] forwarding.p4(203) Primitive _byteCnt+standard_metadata.packet_length
[06:06:02.480] [bmv2] [T] [thread 16274] [6.0] [cxt 0] forwarding.p4(203) Primitive bytesReceived.write(flowId,_byteCnt+standard_metadata.packet_length)
[06:06:02.480] [bmv2] [T] [thread 16274] [6.0] [cxt 0] Wrote register 'MyIngress.bytesReceived' at index 2 with value 582
[06:06:02.480] [bmv2] [T] [thread 16274] [6.0] [cxt 0] forwarding.p4(206) Primitive bytesReceived.read(_byteCnt,flowId)
[06:06:02.480] [bmv2] [T] [thread 16274] [6.0] [cxt 0] Read register 'MyIngress.bytesReceived' at index 2 read value 582
[06:06:02.480] [bmv2] [T] [thread 16274] [6.0] [cxt 0] forwarding.p4(207) Condition "_byteCnt > maxBytes" (node_11) is true
[06:06:02.480] [bmv2] [T] [thread 16274] [6.0] [cxt 0] Applying table 'tbl_forwarding214'
[06:06:02.480] [bmv2] [D] [thread 16274] [6.0] [cxt 0] Looking up key:

[06:06:02.480] [bmv2] [D] [thread 16274] [6.0] [cxt 0] Table 'tbl_forwarding214': miss
[06:06:02.480] [bmv2] [D] [thread 16274] [6.0] [cxt 0] Action entry is forwarding214 - 
[06:06:02.480] [bmv2] [T] [thread 16274] [6.0] [cxt 0] Action forwarding214
[06:06:02.480] [bmv2] [T] [thread 16274] [6.0] [cxt 0] forwarding.p4(214) Primitive random<bit<32>>(probability, 32w0, 32w100)
[06:06:02.480] [bmv2] [T] [thread 16274] [6.0] [cxt 0] random(lo=0, hi=100) = 58
[06:06:02.480] [bmv2] [T] [thread 16274] [6.0] [cxt 0] forwarding.p4(215) Primitive dropRates.read(DROP_RATE, flowId)
[06:06:02.480] [bmv2] [T] [thread 16274] [6.0] [cxt 0] Read register 'MyIngress.dropRates' at index 2 read value 0
[06:06:02.480] [bmv2] [T] [thread 16274] [6.0] [cxt 0] forwarding.p4(216) Condition "probability <= DROP_RATE" (node_13) is false
[06:06:02.480] [bmv2] [D] [thread 16274] [6.0] [cxt 0] Pipeline 'ingress': end
[06:06:02.480] [bmv2] [D] [thread 16274] [6.0] [cxt 0] Cloning packet at ingress
[06:06:02.480] [bmv2] [D] [thread 16274] [6.0] [cxt 0] Egress port is 0
[06:06:02.482] [bmv2] [D] [thread 16275] [6.0] [cxt 0] Pipeline 'egress': start
[06:06:02.482] [bmv2] [T] [thread 16275] [6.0] [cxt 0] forwarding.p4(233) Condition "standard_metadata.instance_type == 1" (node_17) is false
[06:06:02.482] [bmv2] [D] [thread 16275] [6.0] [cxt 0] Pipeline 'egress': end
[06:06:02.482] [bmv2] [D] [thread 16275] [6.0] [cxt 0] Deparser 'deparser': start
[06:06:02.482] [bmv2] [T] [thread 16275] [6.0] [cxt 0] Skipping checksum 'cksum' update because condition not met
[06:06:02.482] [bmv2] [D] [thread 16275] [6.0] [cxt 0] Deparsing header 'ethernet'
[06:06:02.482] [bmv2] [D] [thread 16275] [6.0] [cxt 0] Deparser 'deparser': end
[06:06:02.482] [bmv2] [D] [thread 16279] [6.0] [cxt 0] Transmitting packet of size 90 out of port 0
[06:06:02.534] [bmv2] [D] [thread 16274] [7.0] [cxt 0] Processing packet received on port 4
[06:06:02.534] [bmv2] [D] [thread 16274] [7.0] [cxt 0] Parser 'parser': start
[06:06:02.534] [bmv2] [D] [thread 16274] [7.0] [cxt 0] Parser 'parser' entering state 'start'
[06:06:02.534] [bmv2] [D] [thread 16274] [7.0] [cxt 0] Extracting header 'ethernet'
[06:06:02.534] [bmv2] [D] [thread 16274] [7.0] [cxt 0] Parser state 'start': key is 86dd
[06:06:02.534] [bmv2] [T] [thread 16274] [7.0] [cxt 0] Bytes parsed: 14
[06:06:02.535] [bmv2] [T] [thread 16274] [7.0] [cxt 0] Skipping checksum 'cksum_0' verification because target field invalid
[06:06:02.535] [bmv2] [D] [thread 16274] [7.0] [cxt 0] Parser 'parser': end
[06:06:02.535] [bmv2] [D] [thread 16274] [7.0] [cxt 0] Pipeline 'ingress': start
[06:06:02.535] [bmv2] [T] [thread 16274] [7.0] [cxt 0] Applying table 'MyIngress.pkt_forward'
[06:06:02.535] [bmv2] [D] [thread 16274] [7.0] [cxt 0] Looking up key:
* hdr.ipv4.dstAddr    : 00000000

[06:06:02.535] [bmv2] [D] [thread 16274] [7.0] [cxt 0] Table 'MyIngress.pkt_forward': miss
[06:06:02.535] [bmv2] [D] [thread 16274] [7.0] [cxt 0] Action entry is NoAction - 
[06:06:02.535] [bmv2] [T] [thread 16274] [7.0] [cxt 0] Action NoAction
[06:06:02.535] [bmv2] [T] [thread 16274] [7.0] [cxt 0] Applying table 'tbl_get_flowId'
[06:06:02.535] [bmv2] [D] [thread 16274] [7.0] [cxt 0] Looking up key:

[06:06:02.535] [bmv2] [D] [thread 16274] [7.0] [cxt 0] Table 'tbl_get_flowId': miss
[06:06:02.535] [bmv2] [D] [thread 16274] [7.0] [cxt 0] Action entry is MyIngress.get_flowId - 
[06:06:02.535] [bmv2] [T] [thread 16274] [7.0] [cxt 0] Action MyIngress.get_flowId
[06:06:02.535] [bmv2] [T] [thread 16274] [7.0] [cxt 0] forwarding.p4(157) Primitive hash(flowId, HashAlgorithm.crc32, 32w0, {hdr.ipv4.srcAddr,hdr.ipv4.dstAddr, meta.l4_ports.src_port, meta.l4_ports.dst_port, hdr.ipv4.protocol}, maxFlows)
[06:06:02.535] [bmv2] [T] [thread 16274] [7.0] [cxt 0] hash(base=0, max=10) = 2
[06:06:02.535] [bmv2] [T] [thread 16274] [7.0] [cxt 0] forwarding.p4(158) Primitive meta.flowid=flowId
[06:06:02.538] [bmv2] [T] [thread 16274] [7.0] [cxt 0] forwarding.p4(159) Primitive clone3(CloneType.I2E, MIRROR_SESSION_ID, meta)
[06:06:02.538] [bmv2] [T] [thread 16274] [7.0] [cxt 0] Applying table 'tbl_forwarding185'
[06:06:02.538] [bmv2] [D] [thread 16274] [7.0] [cxt 0] Looking up key:

[06:06:02.538] [bmv2] [D] [thread 16274] [7.0] [cxt 0] Table 'tbl_forwarding185': miss
[06:06:02.538] [bmv2] [D] [thread 16274] [7.0] [cxt 0] Action entry is forwarding185 - 
[06:06:02.538] [bmv2] [T] [thread 16274] [7.0] [cxt 0] Action forwarding185
[06:06:02.538] [bmv2] [T] [thread 16274] [7.0] [cxt 0] forwarding.p4(185) Primitive isSeen.read(_isSeen, flowId)
[06:06:02.538] [bmv2] [T] [thread 16274] [7.0] [cxt 0] Read register 'MyIngress.isSeen' at index 2 read value 1
[06:06:02.538] [bmv2] [T] [thread 16274] [7.0] [cxt 0] forwarding.p4(186) Condition "_isSeen==0" (node_5) is false
[06:06:02.538] [bmv2] [T] [thread 16274] [7.0] [cxt 0] Applying table 'tbl_forwarding188'
[06:06:02.538] [bmv2] [D] [thread 16274] [7.0] [cxt 0] Looking up key:

[06:06:02.538] [bmv2] [D] [thread 16274] [7.0] [cxt 0] Table 'tbl_forwarding188': miss
[06:06:02.538] [bmv2] [D] [thread 16274] [7.0] [cxt 0] Action entry is forwarding188 - 
[06:06:02.538] [bmv2] [T] [thread 16274] [7.0] [cxt 0] Action forwarding188
[06:06:02.538] [bmv2] [T] [thread 16274] [7.0] [cxt 0] forwarding.p4(188) Primitive isSeen.write(flowId,1)
[06:06:02.539] [bmv2] [T] [thread 16274] [7.0] [cxt 0] Wrote register 'MyIngress.isSeen' at index 2 with value 1
[06:06:02.539] [bmv2] [T] [thread 16274] [7.0] [cxt 0] forwarding.p4(191) Primitive startTime.read(_startTime, flowId)
[06:06:02.539] [bmv2] [T] [thread 16274] [7.0] [cxt 0] Read register 'MyIngress.startTime' at index 2 read value 154535
[06:06:02.539] [bmv2] [T] [thread 16274] [7.0] [cxt 0] forwarding.p4(192) Condition "standard_metadata.ingress_global_timestamp - _startTime>=window" (node_8) is false
[06:06:02.539] [bmv2] [T] [thread 16274] [7.0] [cxt 0] Applying table 'tbl_forwarding202'
[06:06:02.539] [bmv2] [D] [thread 16274] [7.0] [cxt 0] Looking up key:

[06:06:02.539] [bmv2] [D] [thread 16274] [7.0] [cxt 0] Table 'tbl_forwarding202': miss
[06:06:02.539] [bmv2] [D] [thread 16274] [7.0] [cxt 0] Action entry is forwarding202 - 
[06:06:02.539] [bmv2] [T] [thread 16274] [7.0] [cxt 0] Action forwarding202
[06:06:02.539] [bmv2] [T] [thread 16274] [7.0] [cxt 0] forwarding.p4(202) Primitive bytesReceived.read(_byteCnt,flowId)
[06:06:02.539] [bmv2] [T] [thread 16274] [7.0] [cxt 0] Read register 'MyIngress.bytesReceived' at index 2 read value 582
[06:06:02.539] [bmv2] [T] [thread 16274] [7.0] [cxt 0] forwarding.p4(203) Primitive _byteCnt+standard_metadata.packet_length
[06:06:02.539] [bmv2] [T] [thread 16274] [7.0] [cxt 0] forwarding.p4(203) Primitive bytesReceived.write(flowId,_byteCnt+standard_metadata.packet_length)
[06:06:02.539] [bmv2] [T] [thread 16274] [7.0] [cxt 0] Wrote register 'MyIngress.bytesReceived' at index 2 with value 672
[06:06:02.539] [bmv2] [T] [thread 16274] [7.0] [cxt 0] forwarding.p4(206) Primitive bytesReceived.read(_byteCnt,flowId)
[06:06:02.539] [bmv2] [T] [thread 16274] [7.0] [cxt 0] Read register 'MyIngress.bytesReceived' at index 2 read value 672
[06:06:02.539] [bmv2] [T] [thread 16274] [7.0] [cxt 0] forwarding.p4(207) Condition "_byteCnt > maxBytes" (node_11) is true
[06:06:02.539] [bmv2] [T] [thread 16274] [7.0] [cxt 0] Applying table 'tbl_forwarding214'
[06:06:02.539] [bmv2] [D] [thread 16274] [7.0] [cxt 0] Looking up key:

[06:06:02.539] [bmv2] [D] [thread 16274] [7.0] [cxt 0] Table 'tbl_forwarding214': miss
[06:06:02.539] [bmv2] [D] [thread 16274] [7.0] [cxt 0] Action entry is forwarding214 - 
[06:06:02.539] [bmv2] [T] [thread 16274] [7.0] [cxt 0] Action forwarding214
[06:06:02.539] [bmv2] [T] [thread 16274] [7.0] [cxt 0] forwarding.p4(214) Primitive random<bit<32>>(probability, 32w0, 32w100)
[06:06:02.539] [bmv2] [T] [thread 16274] [7.0] [cxt 0] random(lo=0, hi=100) = 76
[06:06:02.539] [bmv2] [T] [thread 16274] [7.0] [cxt 0] forwarding.p4(215) Primitive dropRates.read(DROP_RATE, flowId)
[06:06:02.539] [bmv2] [T] [thread 16274] [7.0] [cxt 0] Read register 'MyIngress.dropRates' at index 2 read value 0
[06:06:02.539] [bmv2] [T] [thread 16274] [7.0] [cxt 0] forwarding.p4(216) Condition "probability <= DROP_RATE" (node_13) is false
[06:06:02.539] [bmv2] [D] [thread 16274] [7.0] [cxt 0] Pipeline 'ingress': end
[06:06:02.539] [bmv2] [D] [thread 16274] [7.0] [cxt 0] Cloning packet at ingress
[06:06:02.539] [bmv2] [D] [thread 16274] [7.0] [cxt 0] Egress port is 0
[06:06:02.540] [bmv2] [D] [thread 16275] [7.0] [cxt 0] Pipeline 'egress': start
[06:06:02.540] [bmv2] [T] [thread 16275] [7.0] [cxt 0] forwarding.p4(233) Condition "standard_metadata.instance_type == 1" (node_17) is false
[06:06:02.540] [bmv2] [D] [thread 16275] [7.0] [cxt 0] Pipeline 'egress': end
[06:06:02.540] [bmv2] [D] [thread 16275] [7.0] [cxt 0] Deparser 'deparser': start
[06:06:02.540] [bmv2] [T] [thread 16275] [7.0] [cxt 0] Skipping checksum 'cksum' update because condition not met
[06:06:02.540] [bmv2] [D] [thread 16275] [7.0] [cxt 0] Deparsing header 'ethernet'
[06:06:02.540] [bmv2] [D] [thread 16275] [7.0] [cxt 0] Deparser 'deparser': end
[06:06:02.540] [bmv2] [D] [thread 16279] [7.0] [cxt 0] Transmitting packet of size 90 out of port 0
[06:06:02.540] [bmv2] [D] [thread 16274] [8.0] [cxt 0] Processing packet received on port 4
[06:06:02.540] [bmv2] [D] [thread 16274] [8.0] [cxt 0] Parser 'parser': start
[06:06:02.540] [bmv2] [D] [thread 16274] [8.0] [cxt 0] Parser 'parser' entering state 'start'
[06:06:02.541] [bmv2] [D] [thread 16274] [8.0] [cxt 0] Extracting header 'ethernet'
[06:06:02.541] [bmv2] [D] [thread 16274] [8.0] [cxt 0] Parser state 'start': key is 86dd
[06:06:02.541] [bmv2] [T] [thread 16274] [8.0] [cxt 0] Bytes parsed: 14
[06:06:02.541] [bmv2] [T] [thread 16274] [8.0] [cxt 0] Skipping checksum 'cksum_0' verification because target field invalid
[06:06:02.541] [bmv2] [D] [thread 16274] [8.0] [cxt 0] Parser 'parser': end
[06:06:02.541] [bmv2] [D] [thread 16274] [8.0] [cxt 0] Pipeline 'ingress': start
[06:06:02.541] [bmv2] [T] [thread 16274] [8.0] [cxt 0] Applying table 'MyIngress.pkt_forward'
[06:06:02.541] [bmv2] [D] [thread 16274] [8.0] [cxt 0] Looking up key:
* hdr.ipv4.dstAddr    : 00000000

[06:06:02.541] [bmv2] [D] [thread 16274] [8.0] [cxt 0] Table 'MyIngress.pkt_forward': miss
[06:06:02.541] [bmv2] [D] [thread 16274] [8.0] [cxt 0] Action entry is NoAction - 
[06:06:02.541] [bmv2] [T] [thread 16274] [8.0] [cxt 0] Action NoAction
[06:06:02.541] [bmv2] [T] [thread 16274] [8.0] [cxt 0] Applying table 'tbl_get_flowId'
[06:06:02.541] [bmv2] [D] [thread 16274] [8.0] [cxt 0] Looking up key:

[06:06:02.541] [bmv2] [D] [thread 16274] [8.0] [cxt 0] Table 'tbl_get_flowId': miss
[06:06:02.541] [bmv2] [D] [thread 16274] [8.0] [cxt 0] Action entry is MyIngress.get_flowId - 
[06:06:02.541] [bmv2] [T] [thread 16274] [8.0] [cxt 0] Action MyIngress.get_flowId
[06:06:02.541] [bmv2] [T] [thread 16274] [8.0] [cxt 0] forwarding.p4(157) Primitive hash(flowId, HashAlgorithm.crc32, 32w0, {hdr.ipv4.srcAddr,hdr.ipv4.dstAddr, meta.l4_ports.src_port, meta.l4_ports.dst_port, hdr.ipv4.protocol}, maxFlows)
[06:06:02.542] [bmv2] [T] [thread 16274] [8.0] [cxt 0] hash(base=0, max=10) = 2
[06:06:02.542] [bmv2] [T] [thread 16274] [8.0] [cxt 0] forwarding.p4(158) Primitive meta.flowid=flowId
[06:06:02.542] [bmv2] [T] [thread 16274] [8.0] [cxt 0] forwarding.p4(159) Primitive clone3(CloneType.I2E, MIRROR_SESSION_ID, meta)
[06:06:02.542] [bmv2] [T] [thread 16274] [8.0] [cxt 0] Applying table 'tbl_forwarding185'
[06:06:02.542] [bmv2] [D] [thread 16274] [8.0] [cxt 0] Looking up key:

[06:06:02.542] [bmv2] [D] [thread 16274] [8.0] [cxt 0] Table 'tbl_forwarding185': miss
[06:06:02.542] [bmv2] [D] [thread 16274] [8.0] [cxt 0] Action entry is forwarding185 - 
[06:06:02.542] [bmv2] [T] [thread 16274] [8.0] [cxt 0] Action forwarding185
[06:06:02.542] [bmv2] [T] [thread 16274] [8.0] [cxt 0] forwarding.p4(185) Primitive isSeen.read(_isSeen, flowId)
[06:06:02.542] [bmv2] [T] [thread 16274] [8.0] [cxt 0] Read register 'MyIngress.isSeen' at index 2 read value 1
[06:06:02.542] [bmv2] [T] [thread 16274] [8.0] [cxt 0] forwarding.p4(186) Condition "_isSeen==0" (node_5) is false
[06:06:02.542] [bmv2] [T] [thread 16274] [8.0] [cxt 0] Applying table 'tbl_forwarding188'
[06:06:02.542] [bmv2] [D] [thread 16274] [8.0] [cxt 0] Looking up key:

[06:06:02.542] [bmv2] [D] [thread 16274] [8.0] [cxt 0] Table 'tbl_forwarding188': miss
[06:06:02.542] [bmv2] [D] [thread 16274] [8.0] [cxt 0] Action entry is forwarding188 - 
[06:06:02.542] [bmv2] [T] [thread 16274] [8.0] [cxt 0] Action forwarding188
[06:06:02.542] [bmv2] [T] [thread 16274] [8.0] [cxt 0] forwarding.p4(188) Primitive isSeen.write(flowId,1)
[06:06:02.542] [bmv2] [T] [thread 16274] [8.0] [cxt 0] Wrote register 'MyIngress.isSeen' at index 2 with value 1
[06:06:02.542] [bmv2] [T] [thread 16274] [8.0] [cxt 0] forwarding.p4(191) Primitive startTime.read(_startTime, flowId)
[06:06:02.542] [bmv2] [T] [thread 16274] [8.0] [cxt 0] Read register 'MyIngress.startTime' at index 2 read value 154535
[06:06:02.542] [bmv2] [T] [thread 16274] [8.0] [cxt 0] forwarding.p4(192) Condition "standard_metadata.ingress_global_timestamp - _startTime>=window" (node_8) is false
[06:06:02.542] [bmv2] [T] [thread 16274] [8.0] [cxt 0] Applying table 'tbl_forwarding202'
[06:06:02.542] [bmv2] [D] [thread 16274] [8.0] [cxt 0] Looking up key:

[06:06:02.542] [bmv2] [D] [thread 16274] [8.0] [cxt 0] Table 'tbl_forwarding202': miss
[06:06:02.542] [bmv2] [D] [thread 16274] [8.0] [cxt 0] Action entry is forwarding202 - 
[06:06:02.542] [bmv2] [T] [thread 16274] [8.0] [cxt 0] Action forwarding202
[06:06:02.542] [bmv2] [T] [thread 16274] [8.0] [cxt 0] forwarding.p4(202) Primitive bytesReceived.read(_byteCnt,flowId)
[06:06:02.542] [bmv2] [T] [thread 16274] [8.0] [cxt 0] Read register 'MyIngress.bytesReceived' at index 2 read value 672
[06:06:02.542] [bmv2] [T] [thread 16274] [8.0] [cxt 0] forwarding.p4(203) Primitive _byteCnt+standard_metadata.packet_length
[06:06:02.542] [bmv2] [T] [thread 16274] [8.0] [cxt 0] forwarding.p4(203) Primitive bytesReceived.write(flowId,_byteCnt+standard_metadata.packet_length)
[06:06:02.542] [bmv2] [T] [thread 16274] [8.0] [cxt 0] Wrote register 'MyIngress.bytesReceived' at index 2 with value 742
[06:06:02.542] [bmv2] [T] [thread 16274] [8.0] [cxt 0] forwarding.p4(206) Primitive bytesReceived.read(_byteCnt,flowId)
[06:06:02.542] [bmv2] [T] [thread 16274] [8.0] [cxt 0] Read register 'MyIngress.bytesReceived' at index 2 read value 742
[06:06:02.542] [bmv2] [T] [thread 16274] [8.0] [cxt 0] forwarding.p4(207) Condition "_byteCnt > maxBytes" (node_11) is true
[06:06:02.542] [bmv2] [T] [thread 16274] [8.0] [cxt 0] Applying table 'tbl_forwarding214'
[06:06:02.542] [bmv2] [D] [thread 16274] [8.0] [cxt 0] Looking up key:

[06:06:02.542] [bmv2] [D] [thread 16274] [8.0] [cxt 0] Table 'tbl_forwarding214': miss
[06:06:02.542] [bmv2] [D] [thread 16274] [8.0] [cxt 0] Action entry is forwarding214 - 
[06:06:02.542] [bmv2] [T] [thread 16274] [8.0] [cxt 0] Action forwarding214
[06:06:02.542] [bmv2] [T] [thread 16274] [8.0] [cxt 0] forwarding.p4(214) Primitive random<bit<32>>(probability, 32w0, 32w100)
[06:06:02.542] [bmv2] [T] [thread 16274] [8.0] [cxt 0] random(lo=0, hi=100) = 2
[06:06:02.542] [bmv2] [T] [thread 16274] [8.0] [cxt 0] forwarding.p4(215) Primitive dropRates.read(DROP_RATE, flowId)
[06:06:02.542] [bmv2] [T] [thread 16274] [8.0] [cxt 0] Read register 'MyIngress.dropRates' at index 2 read value 0
[06:06:02.542] [bmv2] [T] [thread 16274] [8.0] [cxt 0] forwarding.p4(216) Condition "probability <= DROP_RATE" (node_13) is false
[06:06:02.542] [bmv2] [D] [thread 16274] [8.0] [cxt 0] Pipeline 'ingress': end
[06:06:02.542] [bmv2] [D] [thread 16274] [8.0] [cxt 0] Cloning packet at ingress
[06:06:02.542] [bmv2] [D] [thread 16274] [8.0] [cxt 0] Egress port is 0
[06:06:02.543] [bmv2] [D] [thread 16275] [8.0] [cxt 0] Pipeline 'egress': start
[06:06:02.543] [bmv2] [T] [thread 16275] [8.0] [cxt 0] forwarding.p4(233) Condition "standard_metadata.instance_type == 1" (node_17) is false
[06:06:02.543] [bmv2] [D] [thread 16275] [8.0] [cxt 0] Pipeline 'egress': end
[06:06:02.543] [bmv2] [D] [thread 16275] [8.0] [cxt 0] Deparser 'deparser': start
[06:06:02.543] [bmv2] [T] [thread 16275] [8.0] [cxt 0] Skipping checksum 'cksum' update because condition not met
[06:06:02.543] [bmv2] [D] [thread 16275] [8.0] [cxt 0] Deparsing header 'ethernet'
[06:06:02.543] [bmv2] [D] [thread 16275] [8.0] [cxt 0] Deparser 'deparser': end
[06:06:02.543] [bmv2] [D] [thread 16279] [8.0] [cxt 0] Transmitting packet of size 70 out of port 0
[06:06:04.340] [bmv2] [T] [thread 16354] bm_get_config
[06:06:04.351] [bmv2] [T] [thread 16354] bm_table_add_entry
[06:06:04.351] [bmv2] [D] [thread 16354] Entry 0 added to table 'MyIngress.pkt_forward'
[06:06:04.351] [bmv2] [D] [thread 16354] Dumping entry 0
Match key:
* hdr.ipv4.dstAddr    : EXACT     0a000101
Action entry: MyIngress.ipv4_forward - a000101,1,

[06:06:04.353] [bmv2] [T] [thread 16354] bm_table_add_entry
[06:06:04.353] [bmv2] [D] [thread 16354] Entry 1 added to table 'MyIngress.pkt_forward'
[06:06:04.353] [bmv2] [D] [thread 16354] Dumping entry 1
Match key:
* hdr.ipv4.dstAddr    : EXACT     0a000102
Action entry: MyIngress.ipv4_forward - a000102,2,

[06:06:04.354] [bmv2] [T] [thread 16354] bm_table_add_entry
[06:06:04.354] [bmv2] [D] [thread 16354] Entry 2 added to table 'MyIngress.pkt_forward'
[06:06:04.354] [bmv2] [D] [thread 16354] Dumping entry 2
Match key:
* hdr.ipv4.dstAddr    : EXACT     0a000103
Action entry: MyIngress.ipv4_forward - a000103,3,

[06:06:57.156] [bmv2] [T] [thread 16383] bm_get_config
[06:06:57.164] [bmv2] [T] [thread 16383] bm_mt_get_entries
[06:06:57.167] [bmv2] [T] [thread 16383] bm_mt_get_entries
[06:06:57.171] [bmv2] [T] [thread 16383] bm_mt_get_entries
[06:06:57.177] [bmv2] [T] [thread 16383] bm_mt_get_entries
[06:06:57.180] [bmv2] [T] [thread 16383] bm_mt_get_entries
[06:06:57.182] [bmv2] [T] [thread 16383] bm_mt_get_entries
[06:06:57.183] [bmv2] [T] [thread 16383] bm_mt_get_entries
[06:06:57.184] [bmv2] [T] [thread 16383] bm_mt_get_entries
[06:06:57.186] [bmv2] [T] [thread 16383] bm_mt_get_entries
[06:06:57.188] [bmv2] [T] [thread 16383] bm_mt_get_entries
[06:07:12.630] [bmv2] [T] [thread 16406] bm_get_config
[06:07:12.646] [bmv2] [T] [thread 16406] bm_mt_get_entries
[06:07:12.647] [bmv2] [T] [thread 16406] bm_mt_get_entries
[06:07:12.649] [bmv2] [T] [thread 16406] bm_mt_get_entries
[06:07:12.650] [bmv2] [T] [thread 16406] bm_mt_get_entries
[06:07:12.651] [bmv2] [T] [thread 16406] bm_mt_get_entries
[06:07:12.654] [bmv2] [T] [thread 16406] bm_mt_get_entries
[06:07:12.656] [bmv2] [T] [thread 16406] bm_mt_get_entries
[06:07:12.657] [bmv2] [T] [thread 16406] bm_mt_get_entries
[06:07:12.658] [bmv2] [T] [thread 16406] bm_mt_get_entries
[06:07:12.660] [bmv2] [T] [thread 16406] bm_mt_get_entries
[06:09:33.705] [bmv2] [T] [thread 16509] bm_get_config
[06:09:33.716] [bmv2] [T] [thread 16509] bm_mt_get_entries
[06:09:33.721] [bmv2] [T] [thread 16509] bm_mt_get_entries
[06:09:33.723] [bmv2] [T] [thread 16509] bm_mt_get_entries
[06:09:33.725] [bmv2] [T] [thread 16509] bm_mt_get_entries
[06:09:33.726] [bmv2] [T] [thread 16509] bm_mt_get_entries
[06:09:33.728] [bmv2] [T] [thread 16509] bm_mt_get_entries
[06:09:33.729] [bmv2] [T] [thread 16509] bm_mt_get_entries
[06:09:33.731] [bmv2] [T] [thread 16509] bm_mt_get_entries
[06:09:33.733] [bmv2] [T] [thread 16509] bm_mt_get_entries
[06:09:33.735] [bmv2] [T] [thread 16509] bm_mt_get_entries
[06:09:48.102] [bmv2] [T] [thread 16689] bm_get_config
[06:09:48.115] [bmv2] [T] [thread 16689] bm_mt_get_entries
[06:09:48.122] [bmv2] [T] [thread 16689] bm_mt_get_entries
[06:09:48.127] [bmv2] [T] [thread 16689] bm_mt_get_entries
[06:09:48.129] [bmv2] [T] [thread 16689] bm_mt_get_entries
[06:09:48.131] [bmv2] [T] [thread 16689] bm_mt_get_entries
[06:09:48.132] [bmv2] [T] [thread 16689] bm_mt_get_entries
[06:09:48.133] [bmv2] [T] [thread 16689] bm_mt_get_entries
[06:09:48.134] [bmv2] [T] [thread 16689] bm_mt_get_entries
[06:09:48.135] [bmv2] [T] [thread 16689] bm_mt_get_entries
[06:09:48.137] [bmv2] [T] [thread 16689] bm_mt_get_entries
[06:16:42.982] [bmv2] [T] [thread 16838] bm_get_config
[06:16:42.986] [bmv2] [T] [thread 16838] bm_mt_get_entries
[06:16:42.987] [bmv2] [T] [thread 16838] bm_mt_get_entries
[06:16:42.987] [bmv2] [T] [thread 16838] bm_mt_get_entries
[06:16:42.988] [bmv2] [T] [thread 16838] bm_mt_get_entries
[06:16:42.988] [bmv2] [T] [thread 16838] bm_mt_get_entries
[06:16:42.989] [bmv2] [T] [thread 16838] bm_mt_get_entries
[06:16:42.989] [bmv2] [T] [thread 16838] bm_mt_get_entries
[06:16:42.990] [bmv2] [T] [thread 16838] bm_mt_get_entries
[06:16:42.990] [bmv2] [T] [thread 16838] bm_mt_get_entries
[06:16:42.991] [bmv2] [T] [thread 16838] bm_mt_get_entries
[06:16:42.992] [bmv2] [T] [thread 16838] bm_reset_state
[06:16:42.995] [bmv2] [D] [thread 16838] Resetting simple_switch target-specific state
[06:16:42.995] [bmv2] [D] [thread 16838] resetting PRE state
[06:16:42.995] [bmv2] [T] [thread 16839] mirroring_sesssion_add
[06:21:57.517] [bmv2] [T] [thread 16941] bm_get_config
[06:21:57.518] [bmv2] [T] [thread 16941] bm_mt_get_entries
[06:21:57.519] [bmv2] [T] [thread 16941] bm_mt_get_entries
[06:21:57.519] [bmv2] [T] [thread 16941] bm_mt_get_entries
[06:21:57.520] [bmv2] [T] [thread 16941] bm_mt_get_entries
[06:21:57.520] [bmv2] [T] [thread 16941] bm_mt_get_entries
[06:21:57.521] [bmv2] [T] [thread 16941] bm_mt_get_entries
[06:21:57.521] [bmv2] [T] [thread 16941] bm_mt_get_entries
[06:21:57.521] [bmv2] [T] [thread 16941] bm_mt_get_entries
[06:21:57.522] [bmv2] [T] [thread 16941] bm_mt_get_entries
[06:21:57.522] [bmv2] [T] [thread 16941] bm_mt_get_entries
[06:21:57.523] [bmv2] [T] [thread 16941] bm_reset_state
[06:21:57.526] [bmv2] [D] [thread 16941] Resetting simple_switch target-specific state
[06:21:57.526] [bmv2] [D] [thread 16941] resetting PRE state
[06:21:57.526] [bmv2] [T] [thread 16942] mirroring_sesssion_add
[06:22:00.646] [bmv2] [T] [thread 16953] bm_get_config
[06:22:00.648] [bmv2] [T] [thread 16953] bm_mt_get_entries
[06:22:00.649] [bmv2] [T] [thread 16953] bm_mt_get_entries
[06:22:00.649] [bmv2] [T] [thread 16953] bm_mt_get_entries
[06:22:00.649] [bmv2] [T] [thread 16953] bm_mt_get_entries
[06:22:00.650] [bmv2] [T] [thread 16953] bm_mt_get_entries
[06:22:00.650] [bmv2] [T] [thread 16953] bm_mt_get_entries
[06:22:00.651] [bmv2] [T] [thread 16953] bm_mt_get_entries
[06:22:00.651] [bmv2] [T] [thread 16953] bm_mt_get_entries
[06:22:00.652] [bmv2] [T] [thread 16953] bm_mt_get_entries
[06:22:00.652] [bmv2] [T] [thread 16953] bm_mt_get_entries
[06:22:00.653] [bmv2] [T] [thread 16953] bm_reset_state
[06:22:00.655] [bmv2] [D] [thread 16953] Resetting simple_switch target-specific state
[06:22:00.655] [bmv2] [D] [thread 16953] resetting PRE state
[06:22:00.656] [bmv2] [T] [thread 16954] mirroring_sesssion_add
[06:22:55.145] [bmv2] [T] [thread 16990] bm_get_config
[06:22:55.149] [bmv2] [T] [thread 16990] bm_mt_get_entries
[06:22:55.150] [bmv2] [T] [thread 16990] bm_mt_get_entries
[06:22:55.150] [bmv2] [T] [thread 16990] bm_mt_get_entries
[06:22:55.151] [bmv2] [T] [thread 16990] bm_mt_get_entries
[06:22:55.151] [bmv2] [T] [thread 16990] bm_mt_get_entries
[06:22:55.152] [bmv2] [T] [thread 16990] bm_mt_get_entries
[06:22:55.152] [bmv2] [T] [thread 16990] bm_mt_get_entries
[06:22:55.153] [bmv2] [T] [thread 16990] bm_mt_get_entries
[06:22:55.153] [bmv2] [T] [thread 16990] bm_mt_get_entries
[06:22:55.154] [bmv2] [T] [thread 16990] bm_mt_get_entries
[06:22:55.154] [bmv2] [T] [thread 16990] bm_reset_state
[06:22:55.161] [bmv2] [D] [thread 16990] Resetting simple_switch target-specific state
[06:22:55.161] [bmv2] [D] [thread 16990] resetting PRE state
[06:22:55.162] [bmv2] [T] [thread 16991] mirroring_sesssion_add
