Warning: you requested the nanomsg event logger, but bmv2 was compiled without -DBMELOG, and the event logger cannot be activated
Calling target program-options parser
[05:05:35.982] [bmv2] [D] [thread 10941] Set default default entry for table 'MyIngress.ipv4_lpm': NoAction - 
Adding interface s3-eth1 as port 1
[05:05:35.985] [bmv2] [D] [thread 10941] Adding interface s3-eth1 as port 1
Adding interface s3-eth2 as port 2
[05:05:36.015] [bmv2] [D] [thread 10941] Adding interface s3-eth2 as port 2
Adding interface s3-eth3 as port 3
[05:05:36.091] [bmv2] [D] [thread 10941] Adding interface s3-eth3 as port 3
[05:05:36.203] [bmv2] [I] [thread 10941] Starting Thrift server on port 9092
[05:05:36.205] [bmv2] [I] [thread 10941] Thrift server was started
[05:05:36.325] [bmv2] [D] [thread 10947] [0.0] [cxt 0] Processing packet received on port 3
[05:05:36.325] [bmv2] [D] [thread 10947] [0.0] [cxt 0] Parser 'parser': start
[05:05:36.325] [bmv2] [D] [thread 10947] [0.0] [cxt 0] Parser 'parser' entering state 'start'
[05:05:36.325] [bmv2] [D] [thread 10947] [0.0] [cxt 0] Extracting header 'ethernet'
[05:05:36.325] [bmv2] [D] [thread 10947] [0.0] [cxt 0] Parser state 'start': key is 86dd
[05:05:36.325] [bmv2] [T] [thread 10947] [0.0] [cxt 0] Bytes parsed: 14
[05:05:36.325] [bmv2] [D] [thread 10947] [0.0] [cxt 0] Parser 'parser': end
[05:05:36.325] [bmv2] [D] [thread 10947] [0.0] [cxt 0] Pipeline 'ingress': start
[05:05:36.325] [bmv2] [T] [thread 10947] [0.0] [cxt 0] forwarding.p4(128) Condition "hdr.ipv4.isValid()" (node_2) is false
[05:05:36.326] [bmv2] [D] [thread 10947] [0.0] [cxt 0] Pipeline 'ingress': end
[05:05:36.326] [bmv2] [D] [thread 10947] [0.0] [cxt 0] Egress port is 0
[05:05:36.326] [bmv2] [D] [thread 10948] [0.0] [cxt 0] Pipeline 'egress': start
[05:05:36.327] [bmv2] [D] [thread 10948] [0.0] [cxt 0] Pipeline 'egress': end
[05:05:36.327] [bmv2] [D] [thread 10948] [0.0] [cxt 0] Deparser 'deparser': start
[05:05:36.327] [bmv2] [T] [thread 10948] [0.0] [cxt 0] Skipping checksum 'cksum' update because condition not met
[05:05:36.327] [bmv2] [D] [thread 10948] [0.0] [cxt 0] Deparsing header 'ethernet'
[05:05:36.327] [bmv2] [D] [thread 10948] [0.0] [cxt 0] Deparser 'deparser': end
[05:05:36.327] [bmv2] [D] [thread 10952] [0.0] [cxt 0] Transmitting packet of size 90 out of port 0
[05:05:38.663] [bmv2] [T] [thread 10999] bm_get_config
[05:05:38.666] [bmv2] [T] [thread 10999] bm_set_default_action
[05:05:38.666] [bmv2] [D] [thread 10999] Set default entry for table 'MyIngress.ipv4_lpm': MyIngress.drop - 
[05:05:38.668] [bmv2] [T] [thread 10999] bm_table_add_entry
[05:05:38.668] [bmv2] [D] [thread 10999] Entry 0 added to table 'MyIngress.ipv4_lpm'
[05:05:38.668] [bmv2] [D] [thread 10999] Dumping entry 0
Match key:
* hdr.ipv4.dstAddr    : LPM       0a000000/16
Action entry: MyIngress.ipv4_forward - 10300,1,

[05:05:38.669] [bmv2] [T] [thread 10999] bm_table_add_entry
[05:05:38.669] [bmv2] [D] [thread 10999] Entry 1 added to table 'MyIngress.ipv4_lpm'
[05:05:38.669] [bmv2] [D] [thread 10999] Dumping entry 1
Match key:
* hdr.ipv4.dstAddr    : LPM       0a000303/32
Action entry: MyIngress.ipv4_forward - a000303,2,

[05:05:38.670] [bmv2] [T] [thread 10999] bm_table_add_entry
[05:05:38.670] [bmv2] [D] [thread 10999] Entry 2 added to table 'MyIngress.ipv4_lpm'
[05:05:38.670] [bmv2] [D] [thread 10999] Dumping entry 2
Match key:
* hdr.ipv4.dstAddr    : LPM       0a000304/32
Action entry: MyIngress.ipv4_forward - a000304,3,

[05:05:43.834] [bmv2] [D] [thread 10947] [1.0] [cxt 0] Processing packet received on port 1
[05:05:43.834] [bmv2] [D] [thread 10947] [1.0] [cxt 0] Parser 'parser': start
[05:05:43.834] [bmv2] [D] [thread 10947] [1.0] [cxt 0] Parser 'parser' entering state 'start'
[05:05:43.834] [bmv2] [D] [thread 10947] [1.0] [cxt 0] Extracting header 'ethernet'
[05:05:43.834] [bmv2] [D] [thread 10947] [1.0] [cxt 0] Parser state 'start': key is 0800
[05:05:43.834] [bmv2] [T] [thread 10947] [1.0] [cxt 0] Bytes parsed: 14
[05:05:43.834] [bmv2] [D] [thread 10947] [1.0] [cxt 0] Parser 'parser' entering state 'ipv4'
[05:05:43.834] [bmv2] [D] [thread 10947] [1.0] [cxt 0] Extracting header 'ipv4'
[05:05:43.835] [bmv2] [D] [thread 10947] [1.0] [cxt 0] Parser state 'ipv4' has no switch, going to default next state
[05:05:43.835] [bmv2] [T] [thread 10947] [1.0] [cxt 0] Bytes parsed: 34
[05:05:43.835] [bmv2] [D] [thread 10947] [1.0] [cxt 0] Parser 'parser': end
[05:05:43.835] [bmv2] [D] [thread 10947] [1.0] [cxt 0] Pipeline 'ingress': start
[05:05:43.835] [bmv2] [T] [thread 10947] [1.0] [cxt 0] forwarding.p4(128) Condition "hdr.ipv4.isValid()" (node_2) is true
[05:05:43.835] [bmv2] [T] [thread 10947] [1.0] [cxt 0] Applying table 'MyIngress.ipv4_lpm'
[05:05:43.835] [bmv2] [D] [thread 10947] [1.0] [cxt 0] Looking up key:
* hdr.ipv4.dstAddr    : 0a000303

[05:05:43.835] [bmv2] [D] [thread 10947] [1.0] [cxt 0] Table 'MyIngress.ipv4_lpm': hit with handle 1
[05:05:43.835] [bmv2] [D] [thread 10947] [1.0] [cxt 0] Dumping entry 1
Match key:
* hdr.ipv4.dstAddr    : LPM       0a000303/32
Action entry: MyIngress.ipv4_forward - a000303,2,

[05:05:43.835] [bmv2] [D] [thread 10947] [1.0] [cxt 0] Action entry is MyIngress.ipv4_forward - a000303,2,
[05:05:43.835] [bmv2] [T] [thread 10947] [1.0] [cxt 0] Action MyIngress.ipv4_forward
[05:05:43.835] [bmv2] [T] [thread 10947] [1.0] [cxt 0] forwarding.p4(99) Primitive hdr.ethernet.srcAddr = hdr.ethernet.dstAddr
[05:05:43.835] [bmv2] [T] [thread 10947] [1.0] [cxt 0] forwarding.p4(102) Primitive hdr.ethernet.dstAddr = dstAddr
[05:05:43.835] [bmv2] [T] [thread 10947] [1.0] [cxt 0] forwarding.p4(105) Primitive standard_metadata.egress_spec = port
[05:05:43.835] [bmv2] [T] [thread 10947] [1.0] [cxt 0] forwarding.p4(108) Primitive hdr.ipv4.ttl = hdr.ipv4.ttl -1
[05:05:43.835] [bmv2] [D] [thread 10947] [1.0] [cxt 0] Pipeline 'ingress': end
[05:05:43.835] [bmv2] [D] [thread 10947] [1.0] [cxt 0] Egress port is 2
[05:05:43.835] [bmv2] [D] [thread 10950] [1.0] [cxt 0] Pipeline 'egress': start
[05:05:43.835] [bmv2] [D] [thread 10950] [1.0] [cxt 0] Pipeline 'egress': end
[05:05:43.835] [bmv2] [D] [thread 10950] [1.0] [cxt 0] Deparser 'deparser': start
[05:05:43.835] [bmv2] [D] [thread 10950] [1.0] [cxt 0] Updating checksum 'cksum'
[05:05:43.835] [bmv2] [D] [thread 10950] [1.0] [cxt 0] Deparsing header 'ethernet'
[05:05:43.835] [bmv2] [D] [thread 10950] [1.0] [cxt 0] Deparsing header 'ipv4'
[05:05:43.835] [bmv2] [D] [thread 10950] [1.0] [cxt 0] Deparser 'deparser': end
[05:05:43.836] [bmv2] [D] [thread 10952] [1.0] [cxt 0] Transmitting packet of size 98 out of port 2
[05:05:43.836] [bmv2] [D] [thread 10947] [2.0] [cxt 0] Processing packet received on port 2
[05:05:43.836] [bmv2] [D] [thread 10947] [2.0] [cxt 0] Parser 'parser': start
[05:05:43.836] [bmv2] [D] [thread 10947] [2.0] [cxt 0] Parser 'parser' entering state 'start'
[05:05:43.836] [bmv2] [D] [thread 10947] [2.0] [cxt 0] Extracting header 'ethernet'
[05:05:43.836] [bmv2] [D] [thread 10947] [2.0] [cxt 0] Parser state 'start': key is 0800
[05:05:43.836] [bmv2] [T] [thread 10947] [2.0] [cxt 0] Bytes parsed: 14
[05:05:43.836] [bmv2] [D] [thread 10947] [2.0] [cxt 0] Parser 'parser' entering state 'ipv4'
[05:05:43.836] [bmv2] [D] [thread 10947] [2.0] [cxt 0] Extracting header 'ipv4'
[05:05:43.836] [bmv2] [D] [thread 10947] [2.0] [cxt 0] Parser state 'ipv4' has no switch, going to default next state
[05:05:43.836] [bmv2] [T] [thread 10947] [2.0] [cxt 0] Bytes parsed: 34
[05:05:43.836] [bmv2] [D] [thread 10947] [2.0] [cxt 0] Parser 'parser': end
[05:05:43.836] [bmv2] [D] [thread 10947] [2.0] [cxt 0] Pipeline 'ingress': start
[05:05:43.836] [bmv2] [T] [thread 10947] [2.0] [cxt 0] forwarding.p4(128) Condition "hdr.ipv4.isValid()" (node_2) is true
[05:05:43.836] [bmv2] [T] [thread 10947] [2.0] [cxt 0] Applying table 'MyIngress.ipv4_lpm'
[05:05:43.836] [bmv2] [D] [thread 10947] [2.0] [cxt 0] Looking up key:
* hdr.ipv4.dstAddr    : 0a000101

[05:05:43.836] [bmv2] [D] [thread 10947] [2.0] [cxt 0] Table 'MyIngress.ipv4_lpm': hit with handle 0
[05:05:43.837] [bmv2] [D] [thread 10947] [2.0] [cxt 0] Dumping entry 0
Match key:
* hdr.ipv4.dstAddr    : LPM       0a000000/16
Action entry: MyIngress.ipv4_forward - 10300,1,

[05:05:43.837] [bmv2] [D] [thread 10947] [2.0] [cxt 0] Action entry is MyIngress.ipv4_forward - 10300,1,
[05:05:43.837] [bmv2] [T] [thread 10947] [2.0] [cxt 0] Action MyIngress.ipv4_forward
[05:05:43.837] [bmv2] [T] [thread 10947] [2.0] [cxt 0] forwarding.p4(99) Primitive hdr.ethernet.srcAddr = hdr.ethernet.dstAddr
[05:05:43.837] [bmv2] [T] [thread 10947] [2.0] [cxt 0] forwarding.p4(102) Primitive hdr.ethernet.dstAddr = dstAddr
[05:05:43.837] [bmv2] [T] [thread 10947] [2.0] [cxt 0] forwarding.p4(105) Primitive standard_metadata.egress_spec = port
[05:05:43.837] [bmv2] [T] [thread 10947] [2.0] [cxt 0] forwarding.p4(108) Primitive hdr.ipv4.ttl = hdr.ipv4.ttl -1
[05:05:43.837] [bmv2] [D] [thread 10947] [2.0] [cxt 0] Pipeline 'ingress': end
[05:05:43.837] [bmv2] [D] [thread 10947] [2.0] [cxt 0] Egress port is 1
[05:05:43.838] [bmv2] [D] [thread 10949] [2.0] [cxt 0] Pipeline 'egress': start
[05:05:43.838] [bmv2] [D] [thread 10949] [2.0] [cxt 0] Pipeline 'egress': end
[05:05:43.838] [bmv2] [D] [thread 10949] [2.0] [cxt 0] Deparser 'deparser': start
[05:05:43.838] [bmv2] [D] [thread 10949] [2.0] [cxt 0] Updating checksum 'cksum'
[05:05:43.838] [bmv2] [D] [thread 10949] [2.0] [cxt 0] Deparsing header 'ethernet'
[05:05:43.838] [bmv2] [D] [thread 10949] [2.0] [cxt 0] Deparsing header 'ipv4'
[05:05:43.838] [bmv2] [D] [thread 10949] [2.0] [cxt 0] Deparser 'deparser': end
[05:05:43.838] [bmv2] [D] [thread 10952] [2.0] [cxt 0] Transmitting packet of size 98 out of port 1
[05:05:43.848] [bmv2] [D] [thread 10947] [3.0] [cxt 0] Processing packet received on port 1
[05:05:43.849] [bmv2] [D] [thread 10947] [3.0] [cxt 0] Parser 'parser': start
[05:05:43.849] [bmv2] [D] [thread 10947] [3.0] [cxt 0] Parser 'parser' entering state 'start'
[05:05:43.849] [bmv2] [D] [thread 10947] [3.0] [cxt 0] Extracting header 'ethernet'
[05:05:43.849] [bmv2] [D] [thread 10947] [3.0] [cxt 0] Parser state 'start': key is 0800
[05:05:43.849] [bmv2] [T] [thread 10947] [3.0] [cxt 0] Bytes parsed: 14
[05:05:43.849] [bmv2] [D] [thread 10947] [3.0] [cxt 0] Parser 'parser' entering state 'ipv4'
[05:05:43.849] [bmv2] [D] [thread 10947] [3.0] [cxt 0] Extracting header 'ipv4'
[05:05:43.849] [bmv2] [D] [thread 10947] [3.0] [cxt 0] Parser state 'ipv4' has no switch, going to default next state
[05:05:43.849] [bmv2] [T] [thread 10947] [3.0] [cxt 0] Bytes parsed: 34
[05:05:43.849] [bmv2] [D] [thread 10947] [3.0] [cxt 0] Parser 'parser': end
[05:05:43.849] [bmv2] [D] [thread 10947] [3.0] [cxt 0] Pipeline 'ingress': start
[05:05:43.849] [bmv2] [T] [thread 10947] [3.0] [cxt 0] forwarding.p4(128) Condition "hdr.ipv4.isValid()" (node_2) is true
[05:05:43.849] [bmv2] [T] [thread 10947] [3.0] [cxt 0] Applying table 'MyIngress.ipv4_lpm'
[05:05:43.849] [bmv2] [D] [thread 10947] [3.0] [cxt 0] Looking up key:
* hdr.ipv4.dstAddr    : 0a000304

[05:05:43.849] [bmv2] [D] [thread 10947] [3.0] [cxt 0] Table 'MyIngress.ipv4_lpm': hit with handle 2
[05:05:43.849] [bmv2] [D] [thread 10947] [3.0] [cxt 0] Dumping entry 2
Match key:
* hdr.ipv4.dstAddr    : LPM       0a000304/32
Action entry: MyIngress.ipv4_forward - a000304,3,

[05:05:43.849] [bmv2] [D] [thread 10947] [3.0] [cxt 0] Action entry is MyIngress.ipv4_forward - a000304,3,
[05:05:43.849] [bmv2] [T] [thread 10947] [3.0] [cxt 0] Action MyIngress.ipv4_forward
[05:05:43.849] [bmv2] [T] [thread 10947] [3.0] [cxt 0] forwarding.p4(99) Primitive hdr.ethernet.srcAddr = hdr.ethernet.dstAddr
[05:05:43.849] [bmv2] [T] [thread 10947] [3.0] [cxt 0] forwarding.p4(102) Primitive hdr.ethernet.dstAddr = dstAddr
[05:05:43.849] [bmv2] [T] [thread 10947] [3.0] [cxt 0] forwarding.p4(105) Primitive standard_metadata.egress_spec = port
[05:05:43.849] [bmv2] [T] [thread 10947] [3.0] [cxt 0] forwarding.p4(108) Primitive hdr.ipv4.ttl = hdr.ipv4.ttl -1
[05:05:43.849] [bmv2] [D] [thread 10947] [3.0] [cxt 0] Pipeline 'ingress': end
[05:05:43.849] [bmv2] [D] [thread 10947] [3.0] [cxt 0] Egress port is 3
[05:05:43.849] [bmv2] [D] [thread 10951] [3.0] [cxt 0] Pipeline 'egress': start
[05:05:43.849] [bmv2] [D] [thread 10951] [3.0] [cxt 0] Pipeline 'egress': end
[05:05:43.849] [bmv2] [D] [thread 10951] [3.0] [cxt 0] Deparser 'deparser': start
[05:05:43.849] [bmv2] [D] [thread 10951] [3.0] [cxt 0] Updating checksum 'cksum'
[05:05:43.849] [bmv2] [D] [thread 10951] [3.0] [cxt 0] Deparsing header 'ethernet'
[05:05:43.849] [bmv2] [D] [thread 10951] [3.0] [cxt 0] Deparsing header 'ipv4'
[05:05:43.849] [bmv2] [D] [thread 10951] [3.0] [cxt 0] Deparser 'deparser': end
[05:05:43.850] [bmv2] [D] [thread 10952] [3.0] [cxt 0] Transmitting packet of size 98 out of port 3
[05:05:43.850] [bmv2] [D] [thread 10947] [4.0] [cxt 0] Processing packet received on port 3
[05:05:43.850] [bmv2] [D] [thread 10947] [4.0] [cxt 0] Parser 'parser': start
[05:05:43.850] [bmv2] [D] [thread 10947] [4.0] [cxt 0] Parser 'parser' entering state 'start'
[05:05:43.850] [bmv2] [D] [thread 10947] [4.0] [cxt 0] Extracting header 'ethernet'
[05:05:43.850] [bmv2] [D] [thread 10947] [4.0] [cxt 0] Parser state 'start': key is 0800
[05:05:43.850] [bmv2] [T] [thread 10947] [4.0] [cxt 0] Bytes parsed: 14
[05:05:43.850] [bmv2] [D] [thread 10947] [4.0] [cxt 0] Parser 'parser' entering state 'ipv4'
[05:05:43.850] [bmv2] [D] [thread 10947] [4.0] [cxt 0] Extracting header 'ipv4'
[05:05:43.850] [bmv2] [D] [thread 10947] [4.0] [cxt 0] Parser state 'ipv4' has no switch, going to default next state
[05:05:43.850] [bmv2] [T] [thread 10947] [4.0] [cxt 0] Bytes parsed: 34
[05:05:43.850] [bmv2] [D] [thread 10947] [4.0] [cxt 0] Parser 'parser': end
[05:05:43.850] [bmv2] [D] [thread 10947] [4.0] [cxt 0] Pipeline 'ingress': start
[05:05:43.850] [bmv2] [T] [thread 10947] [4.0] [cxt 0] forwarding.p4(128) Condition "hdr.ipv4.isValid()" (node_2) is true
[05:05:43.850] [bmv2] [T] [thread 10947] [4.0] [cxt 0] Applying table 'MyIngress.ipv4_lpm'
[05:05:43.850] [bmv2] [D] [thread 10947] [4.0] [cxt 0] Looking up key:
* hdr.ipv4.dstAddr    : 0a000101

[05:05:43.850] [bmv2] [D] [thread 10947] [4.0] [cxt 0] Table 'MyIngress.ipv4_lpm': hit with handle 0
[05:05:43.850] [bmv2] [D] [thread 10947] [4.0] [cxt 0] Dumping entry 0
Match key:
* hdr.ipv4.dstAddr    : LPM       0a000000/16
Action entry: MyIngress.ipv4_forward - 10300,1,

[05:05:43.851] [bmv2] [D] [thread 10947] [4.0] [cxt 0] Action entry is MyIngress.ipv4_forward - 10300,1,
[05:05:43.851] [bmv2] [T] [thread 10947] [4.0] [cxt 0] Action MyIngress.ipv4_forward
[05:05:43.851] [bmv2] [T] [thread 10947] [4.0] [cxt 0] forwarding.p4(99) Primitive hdr.ethernet.srcAddr = hdr.ethernet.dstAddr
[05:05:43.851] [bmv2] [T] [thread 10947] [4.0] [cxt 0] forwarding.p4(102) Primitive hdr.ethernet.dstAddr = dstAddr
[05:05:43.851] [bmv2] [T] [thread 10947] [4.0] [cxt 0] forwarding.p4(105) Primitive standard_metadata.egress_spec = port
[05:05:43.851] [bmv2] [T] [thread 10947] [4.0] [cxt 0] forwarding.p4(108) Primitive hdr.ipv4.ttl = hdr.ipv4.ttl -1
[05:05:43.851] [bmv2] [D] [thread 10947] [4.0] [cxt 0] Pipeline 'ingress': end
[05:05:43.851] [bmv2] [D] [thread 10947] [4.0] [cxt 0] Egress port is 1
[05:05:43.851] [bmv2] [D] [thread 10949] [4.0] [cxt 0] Pipeline 'egress': start
[05:05:43.851] [bmv2] [D] [thread 10949] [4.0] [cxt 0] Pipeline 'egress': end
[05:05:43.851] [bmv2] [D] [thread 10949] [4.0] [cxt 0] Deparser 'deparser': start
[05:05:43.851] [bmv2] [D] [thread 10949] [4.0] [cxt 0] Updating checksum 'cksum'
[05:05:43.851] [bmv2] [D] [thread 10949] [4.0] [cxt 0] Deparsing header 'ethernet'
[05:05:43.851] [bmv2] [D] [thread 10949] [4.0] [cxt 0] Deparsing header 'ipv4'
[05:05:43.851] [bmv2] [D] [thread 10949] [4.0] [cxt 0] Deparser 'deparser': end
[05:05:43.852] [bmv2] [D] [thread 10952] [4.0] [cxt 0] Transmitting packet of size 98 out of port 1
[05:05:43.875] [bmv2] [D] [thread 10947] [5.0] [cxt 0] Processing packet received on port 1
[05:05:43.875] [bmv2] [D] [thread 10947] [5.0] [cxt 0] Parser 'parser': start
[05:05:43.875] [bmv2] [D] [thread 10947] [5.0] [cxt 0] Parser 'parser' entering state 'start'
[05:05:43.875] [bmv2] [D] [thread 10947] [5.0] [cxt 0] Extracting header 'ethernet'
[05:05:43.875] [bmv2] [D] [thread 10947] [5.0] [cxt 0] Parser state 'start': key is 0800
[05:05:43.875] [bmv2] [T] [thread 10947] [5.0] [cxt 0] Bytes parsed: 14
[05:05:43.875] [bmv2] [D] [thread 10947] [5.0] [cxt 0] Parser 'parser' entering state 'ipv4'
[05:05:43.875] [bmv2] [D] [thread 10947] [5.0] [cxt 0] Extracting header 'ipv4'
[05:05:43.875] [bmv2] [D] [thread 10947] [5.0] [cxt 0] Parser state 'ipv4' has no switch, going to default next state
[05:05:43.875] [bmv2] [T] [thread 10947] [5.0] [cxt 0] Bytes parsed: 34
[05:05:43.875] [bmv2] [D] [thread 10947] [5.0] [cxt 0] Parser 'parser': end
[05:05:43.875] [bmv2] [D] [thread 10947] [5.0] [cxt 0] Pipeline 'ingress': start
[05:05:43.875] [bmv2] [T] [thread 10947] [5.0] [cxt 0] forwarding.p4(128) Condition "hdr.ipv4.isValid()" (node_2) is true
[05:05:43.875] [bmv2] [T] [thread 10947] [5.0] [cxt 0] Applying table 'MyIngress.ipv4_lpm'
[05:05:43.875] [bmv2] [D] [thread 10947] [5.0] [cxt 0] Looking up key:
* hdr.ipv4.dstAddr    : 0a000303

[05:05:43.875] [bmv2] [D] [thread 10947] [5.0] [cxt 0] Table 'MyIngress.ipv4_lpm': hit with handle 1
[05:05:43.875] [bmv2] [D] [thread 10947] [5.0] [cxt 0] Dumping entry 1
Match key:
* hdr.ipv4.dstAddr    : LPM       0a000303/32
Action entry: MyIngress.ipv4_forward - a000303,2,

[05:05:43.875] [bmv2] [D] [thread 10947] [5.0] [cxt 0] Action entry is MyIngress.ipv4_forward - a000303,2,
[05:05:43.875] [bmv2] [T] [thread 10947] [5.0] [cxt 0] Action MyIngress.ipv4_forward
[05:05:43.875] [bmv2] [T] [thread 10947] [5.0] [cxt 0] forwarding.p4(99) Primitive hdr.ethernet.srcAddr = hdr.ethernet.dstAddr
[05:05:43.875] [bmv2] [T] [thread 10947] [5.0] [cxt 0] forwarding.p4(102) Primitive hdr.ethernet.dstAddr = dstAddr
[05:05:43.875] [bmv2] [T] [thread 10947] [5.0] [cxt 0] forwarding.p4(105) Primitive standard_metadata.egress_spec = port
[05:05:43.875] [bmv2] [T] [thread 10947] [5.0] [cxt 0] forwarding.p4(108) Primitive hdr.ipv4.ttl = hdr.ipv4.ttl -1
[05:05:43.875] [bmv2] [D] [thread 10947] [5.0] [cxt 0] Pipeline 'ingress': end
[05:05:43.875] [bmv2] [D] [thread 10947] [5.0] [cxt 0] Egress port is 2
[05:05:43.876] [bmv2] [D] [thread 10950] [5.0] [cxt 0] Pipeline 'egress': start
[05:05:43.876] [bmv2] [D] [thread 10950] [5.0] [cxt 0] Pipeline 'egress': end
[05:05:43.876] [bmv2] [D] [thread 10950] [5.0] [cxt 0] Deparser 'deparser': start
[05:05:43.876] [bmv2] [D] [thread 10950] [5.0] [cxt 0] Updating checksum 'cksum'
[05:05:43.876] [bmv2] [D] [thread 10950] [5.0] [cxt 0] Deparsing header 'ethernet'
[05:05:43.876] [bmv2] [D] [thread 10950] [5.0] [cxt 0] Deparsing header 'ipv4'
[05:05:43.876] [bmv2] [D] [thread 10950] [5.0] [cxt 0] Deparser 'deparser': end
[05:05:43.876] [bmv2] [D] [thread 10952] [5.0] [cxt 0] Transmitting packet of size 98 out of port 2
[05:05:43.876] [bmv2] [D] [thread 10947] [6.0] [cxt 0] Processing packet received on port 2
[05:05:43.876] [bmv2] [D] [thread 10947] [6.0] [cxt 0] Parser 'parser': start
[05:05:43.876] [bmv2] [D] [thread 10947] [6.0] [cxt 0] Parser 'parser' entering state 'start'
[05:05:43.876] [bmv2] [D] [thread 10947] [6.0] [cxt 0] Extracting header 'ethernet'
[05:05:43.876] [bmv2] [D] [thread 10947] [6.0] [cxt 0] Parser state 'start': key is 0800
[05:05:43.876] [bmv2] [T] [thread 10947] [6.0] [cxt 0] Bytes parsed: 14
[05:05:43.876] [bmv2] [D] [thread 10947] [6.0] [cxt 0] Parser 'parser' entering state 'ipv4'
[05:05:43.876] [bmv2] [D] [thread 10947] [6.0] [cxt 0] Extracting header 'ipv4'
[05:05:43.876] [bmv2] [D] [thread 10947] [6.0] [cxt 0] Parser state 'ipv4' has no switch, going to default next state
[05:05:43.876] [bmv2] [T] [thread 10947] [6.0] [cxt 0] Bytes parsed: 34
[05:05:43.876] [bmv2] [D] [thread 10947] [6.0] [cxt 0] Parser 'parser': end
[05:05:43.876] [bmv2] [D] [thread 10947] [6.0] [cxt 0] Pipeline 'ingress': start
[05:05:43.876] [bmv2] [T] [thread 10947] [6.0] [cxt 0] forwarding.p4(128) Condition "hdr.ipv4.isValid()" (node_2) is true
[05:05:43.876] [bmv2] [T] [thread 10947] [6.0] [cxt 0] Applying table 'MyIngress.ipv4_lpm'
[05:05:43.877] [bmv2] [D] [thread 10947] [6.0] [cxt 0] Looking up key:
* hdr.ipv4.dstAddr    : 0a000202

[05:05:43.877] [bmv2] [D] [thread 10947] [6.0] [cxt 0] Table 'MyIngress.ipv4_lpm': hit with handle 0
[05:05:43.877] [bmv2] [D] [thread 10947] [6.0] [cxt 0] Dumping entry 0
Match key:
* hdr.ipv4.dstAddr    : LPM       0a000000/16
Action entry: MyIngress.ipv4_forward - 10300,1,

[05:05:43.877] [bmv2] [D] [thread 10947] [6.0] [cxt 0] Action entry is MyIngress.ipv4_forward - 10300,1,
[05:05:43.877] [bmv2] [T] [thread 10947] [6.0] [cxt 0] Action MyIngress.ipv4_forward
[05:05:43.877] [bmv2] [T] [thread 10947] [6.0] [cxt 0] forwarding.p4(99) Primitive hdr.ethernet.srcAddr = hdr.ethernet.dstAddr
[05:05:43.877] [bmv2] [T] [thread 10947] [6.0] [cxt 0] forwarding.p4(102) Primitive hdr.ethernet.dstAddr = dstAddr
[05:05:43.877] [bmv2] [T] [thread 10947] [6.0] [cxt 0] forwarding.p4(105) Primitive standard_metadata.egress_spec = port
[05:05:43.877] [bmv2] [T] [thread 10947] [6.0] [cxt 0] forwarding.p4(108) Primitive hdr.ipv4.ttl = hdr.ipv4.ttl -1
[05:05:43.877] [bmv2] [D] [thread 10947] [6.0] [cxt 0] Pipeline 'ingress': end
[05:05:43.877] [bmv2] [D] [thread 10947] [6.0] [cxt 0] Egress port is 1
[05:05:43.877] [bmv2] [D] [thread 10949] [6.0] [cxt 0] Pipeline 'egress': start
[05:05:43.877] [bmv2] [D] [thread 10949] [6.0] [cxt 0] Pipeline 'egress': end
[05:05:43.877] [bmv2] [D] [thread 10949] [6.0] [cxt 0] Deparser 'deparser': start
[05:05:43.877] [bmv2] [D] [thread 10949] [6.0] [cxt 0] Updating checksum 'cksum'
[05:05:43.877] [bmv2] [D] [thread 10949] [6.0] [cxt 0] Deparsing header 'ethernet'
[05:05:43.877] [bmv2] [D] [thread 10949] [6.0] [cxt 0] Deparsing header 'ipv4'
[05:05:43.877] [bmv2] [D] [thread 10949] [6.0] [cxt 0] Deparser 'deparser': end
[05:05:43.877] [bmv2] [D] [thread 10952] [6.0] [cxt 0] Transmitting packet of size 98 out of port 1
[05:05:43.891] [bmv2] [D] [thread 10947] [7.0] [cxt 0] Processing packet received on port 1
[05:05:43.891] [bmv2] [D] [thread 10947] [7.0] [cxt 0] Parser 'parser': start
[05:05:43.891] [bmv2] [D] [thread 10947] [7.0] [cxt 0] Parser 'parser' entering state 'start'
[05:05:43.891] [bmv2] [D] [thread 10947] [7.0] [cxt 0] Extracting header 'ethernet'
[05:05:43.891] [bmv2] [D] [thread 10947] [7.0] [cxt 0] Parser state 'start': key is 0800
[05:05:43.891] [bmv2] [T] [thread 10947] [7.0] [cxt 0] Bytes parsed: 14
[05:05:43.891] [bmv2] [D] [thread 10947] [7.0] [cxt 0] Parser 'parser' entering state 'ipv4'
[05:05:43.891] [bmv2] [D] [thread 10947] [7.0] [cxt 0] Extracting header 'ipv4'
[05:05:43.891] [bmv2] [D] [thread 10947] [7.0] [cxt 0] Parser state 'ipv4' has no switch, going to default next state
[05:05:43.891] [bmv2] [T] [thread 10947] [7.0] [cxt 0] Bytes parsed: 34
[05:05:43.891] [bmv2] [D] [thread 10947] [7.0] [cxt 0] Parser 'parser': end
[05:05:43.891] [bmv2] [D] [thread 10947] [7.0] [cxt 0] Pipeline 'ingress': start
[05:05:43.891] [bmv2] [T] [thread 10947] [7.0] [cxt 0] forwarding.p4(128) Condition "hdr.ipv4.isValid()" (node_2) is true
[05:05:43.891] [bmv2] [T] [thread 10947] [7.0] [cxt 0] Applying table 'MyIngress.ipv4_lpm'
[05:05:43.891] [bmv2] [D] [thread 10947] [7.0] [cxt 0] Looking up key:
* hdr.ipv4.dstAddr    : 0a000304

[05:05:43.891] [bmv2] [D] [thread 10947] [7.0] [cxt 0] Table 'MyIngress.ipv4_lpm': hit with handle 2
[05:05:43.891] [bmv2] [D] [thread 10947] [7.0] [cxt 0] Dumping entry 2
Match key:
* hdr.ipv4.dstAddr    : LPM       0a000304/32
Action entry: MyIngress.ipv4_forward - a000304,3,

[05:05:43.891] [bmv2] [D] [thread 10947] [7.0] [cxt 0] Action entry is MyIngress.ipv4_forward - a000304,3,
[05:05:43.891] [bmv2] [T] [thread 10947] [7.0] [cxt 0] Action MyIngress.ipv4_forward
[05:05:43.891] [bmv2] [T] [thread 10947] [7.0] [cxt 0] forwarding.p4(99) Primitive hdr.ethernet.srcAddr = hdr.ethernet.dstAddr
[05:05:43.891] [bmv2] [T] [thread 10947] [7.0] [cxt 0] forwarding.p4(102) Primitive hdr.ethernet.dstAddr = dstAddr
[05:05:43.891] [bmv2] [T] [thread 10947] [7.0] [cxt 0] forwarding.p4(105) Primitive standard_metadata.egress_spec = port
[05:05:43.891] [bmv2] [T] [thread 10947] [7.0] [cxt 0] forwarding.p4(108) Primitive hdr.ipv4.ttl = hdr.ipv4.ttl -1
[05:05:43.891] [bmv2] [D] [thread 10947] [7.0] [cxt 0] Pipeline 'ingress': end
[05:05:43.891] [bmv2] [D] [thread 10947] [7.0] [cxt 0] Egress port is 3
[05:05:43.892] [bmv2] [D] [thread 10951] [7.0] [cxt 0] Pipeline 'egress': start
[05:05:43.892] [bmv2] [D] [thread 10951] [7.0] [cxt 0] Pipeline 'egress': end
[05:05:43.892] [bmv2] [D] [thread 10951] [7.0] [cxt 0] Deparser 'deparser': start
[05:05:43.892] [bmv2] [D] [thread 10951] [7.0] [cxt 0] Updating checksum 'cksum'
[05:05:43.892] [bmv2] [D] [thread 10951] [7.0] [cxt 0] Deparsing header 'ethernet'
[05:05:43.892] [bmv2] [D] [thread 10951] [7.0] [cxt 0] Deparsing header 'ipv4'
[05:05:43.892] [bmv2] [D] [thread 10951] [7.0] [cxt 0] Deparser 'deparser': end
[05:05:43.892] [bmv2] [D] [thread 10952] [7.0] [cxt 0] Transmitting packet of size 98 out of port 3
[05:05:43.892] [bmv2] [D] [thread 10947] [8.0] [cxt 0] Processing packet received on port 3
[05:05:43.892] [bmv2] [D] [thread 10947] [8.0] [cxt 0] Parser 'parser': start
[05:05:43.892] [bmv2] [D] [thread 10947] [8.0] [cxt 0] Parser 'parser' entering state 'start'
[05:05:43.892] [bmv2] [D] [thread 10947] [8.0] [cxt 0] Extracting header 'ethernet'
[05:05:43.892] [bmv2] [D] [thread 10947] [8.0] [cxt 0] Parser state 'start': key is 0800
[05:05:43.892] [bmv2] [T] [thread 10947] [8.0] [cxt 0] Bytes parsed: 14
[05:05:43.892] [bmv2] [D] [thread 10947] [8.0] [cxt 0] Parser 'parser' entering state 'ipv4'
[05:05:43.892] [bmv2] [D] [thread 10947] [8.0] [cxt 0] Extracting header 'ipv4'
[05:05:43.892] [bmv2] [D] [thread 10947] [8.0] [cxt 0] Parser state 'ipv4' has no switch, going to default next state
[05:05:43.892] [bmv2] [T] [thread 10947] [8.0] [cxt 0] Bytes parsed: 34
[05:05:43.892] [bmv2] [D] [thread 10947] [8.0] [cxt 0] Parser 'parser': end
[05:05:43.892] [bmv2] [D] [thread 10947] [8.0] [cxt 0] Pipeline 'ingress': start
[05:05:43.892] [bmv2] [T] [thread 10947] [8.0] [cxt 0] forwarding.p4(128) Condition "hdr.ipv4.isValid()" (node_2) is true
[05:05:43.893] [bmv2] [T] [thread 10947] [8.0] [cxt 0] Applying table 'MyIngress.ipv4_lpm'
[05:05:43.893] [bmv2] [D] [thread 10947] [8.0] [cxt 0] Looking up key:
* hdr.ipv4.dstAddr    : 0a000202

[05:05:43.893] [bmv2] [D] [thread 10947] [8.0] [cxt 0] Table 'MyIngress.ipv4_lpm': hit with handle 0
[05:05:43.893] [bmv2] [D] [thread 10947] [8.0] [cxt 0] Dumping entry 0
Match key:
* hdr.ipv4.dstAddr    : LPM       0a000000/16
Action entry: MyIngress.ipv4_forward - 10300,1,

[05:05:43.893] [bmv2] [D] [thread 10947] [8.0] [cxt 0] Action entry is MyIngress.ipv4_forward - 10300,1,
[05:05:43.893] [bmv2] [T] [thread 10947] [8.0] [cxt 0] Action MyIngress.ipv4_forward
[05:05:43.893] [bmv2] [T] [thread 10947] [8.0] [cxt 0] forwarding.p4(99) Primitive hdr.ethernet.srcAddr = hdr.ethernet.dstAddr
[05:05:43.893] [bmv2] [T] [thread 10947] [8.0] [cxt 0] forwarding.p4(102) Primitive hdr.ethernet.dstAddr = dstAddr
[05:05:43.893] [bmv2] [T] [thread 10947] [8.0] [cxt 0] forwarding.p4(105) Primitive standard_metadata.egress_spec = port
[05:05:43.893] [bmv2] [T] [thread 10947] [8.0] [cxt 0] forwarding.p4(108) Primitive hdr.ipv4.ttl = hdr.ipv4.ttl -1
[05:05:43.893] [bmv2] [D] [thread 10947] [8.0] [cxt 0] Pipeline 'ingress': end
[05:05:43.893] [bmv2] [D] [thread 10947] [8.0] [cxt 0] Egress port is 1
[05:05:43.893] [bmv2] [D] [thread 10949] [8.0] [cxt 0] Pipeline 'egress': start
[05:05:43.893] [bmv2] [D] [thread 10949] [8.0] [cxt 0] Pipeline 'egress': end
[05:05:43.893] [bmv2] [D] [thread 10949] [8.0] [cxt 0] Deparser 'deparser': start
[05:05:43.893] [bmv2] [D] [thread 10949] [8.0] [cxt 0] Updating checksum 'cksum'
[05:05:43.893] [bmv2] [D] [thread 10949] [8.0] [cxt 0] Deparsing header 'ethernet'
[05:05:43.893] [bmv2] [D] [thread 10949] [8.0] [cxt 0] Deparsing header 'ipv4'
[05:05:43.893] [bmv2] [D] [thread 10949] [8.0] [cxt 0] Deparser 'deparser': end
[05:05:43.894] [bmv2] [D] [thread 10952] [8.0] [cxt 0] Transmitting packet of size 98 out of port 1
[05:05:43.907] [bmv2] [D] [thread 10947] [9.0] [cxt 0] Processing packet received on port 2
[05:05:43.907] [bmv2] [D] [thread 10947] [9.0] [cxt 0] Parser 'parser': start
[05:05:43.907] [bmv2] [D] [thread 10947] [9.0] [cxt 0] Parser 'parser' entering state 'start'
[05:05:43.907] [bmv2] [D] [thread 10947] [9.0] [cxt 0] Extracting header 'ethernet'
[05:05:43.907] [bmv2] [D] [thread 10947] [9.0] [cxt 0] Parser state 'start': key is 0800
[05:05:43.907] [bmv2] [T] [thread 10947] [9.0] [cxt 0] Bytes parsed: 14
[05:05:43.907] [bmv2] [D] [thread 10947] [9.0] [cxt 0] Parser 'parser' entering state 'ipv4'
[05:05:43.907] [bmv2] [D] [thread 10947] [9.0] [cxt 0] Extracting header 'ipv4'
[05:05:43.907] [bmv2] [D] [thread 10947] [9.0] [cxt 0] Parser state 'ipv4' has no switch, going to default next state
[05:05:43.907] [bmv2] [T] [thread 10947] [9.0] [cxt 0] Bytes parsed: 34
[05:05:43.907] [bmv2] [D] [thread 10947] [9.0] [cxt 0] Parser 'parser': end
[05:05:43.907] [bmv2] [D] [thread 10947] [9.0] [cxt 0] Pipeline 'ingress': start
[05:05:43.907] [bmv2] [T] [thread 10947] [9.0] [cxt 0] forwarding.p4(128) Condition "hdr.ipv4.isValid()" (node_2) is true
[05:05:43.907] [bmv2] [T] [thread 10947] [9.0] [cxt 0] Applying table 'MyIngress.ipv4_lpm'
[05:05:43.907] [bmv2] [D] [thread 10947] [9.0] [cxt 0] Looking up key:
* hdr.ipv4.dstAddr    : 0a000101

[05:05:43.907] [bmv2] [D] [thread 10947] [9.0] [cxt 0] Table 'MyIngress.ipv4_lpm': hit with handle 0
[05:05:43.907] [bmv2] [D] [thread 10947] [9.0] [cxt 0] Dumping entry 0
Match key:
* hdr.ipv4.dstAddr    : LPM       0a000000/16
Action entry: MyIngress.ipv4_forward - 10300,1,

[05:05:43.907] [bmv2] [D] [thread 10947] [9.0] [cxt 0] Action entry is MyIngress.ipv4_forward - 10300,1,
[05:05:43.907] [bmv2] [T] [thread 10947] [9.0] [cxt 0] Action MyIngress.ipv4_forward
[05:05:43.907] [bmv2] [T] [thread 10947] [9.0] [cxt 0] forwarding.p4(99) Primitive hdr.ethernet.srcAddr = hdr.ethernet.dstAddr
[05:05:43.907] [bmv2] [T] [thread 10947] [9.0] [cxt 0] forwarding.p4(102) Primitive hdr.ethernet.dstAddr = dstAddr
[05:05:43.907] [bmv2] [T] [thread 10947] [9.0] [cxt 0] forwarding.p4(105) Primitive standard_metadata.egress_spec = port
[05:05:43.907] [bmv2] [T] [thread 10947] [9.0] [cxt 0] forwarding.p4(108) Primitive hdr.ipv4.ttl = hdr.ipv4.ttl -1
[05:05:43.907] [bmv2] [D] [thread 10947] [9.0] [cxt 0] Pipeline 'ingress': end
[05:05:43.907] [bmv2] [D] [thread 10947] [9.0] [cxt 0] Egress port is 1
[05:05:43.908] [bmv2] [D] [thread 10949] [9.0] [cxt 0] Pipeline 'egress': start
[05:05:43.908] [bmv2] [D] [thread 10949] [9.0] [cxt 0] Pipeline 'egress': end
[05:05:43.908] [bmv2] [D] [thread 10949] [9.0] [cxt 0] Deparser 'deparser': start
[05:05:43.908] [bmv2] [D] [thread 10949] [9.0] [cxt 0] Updating checksum 'cksum'
[05:05:43.908] [bmv2] [D] [thread 10949] [9.0] [cxt 0] Deparsing header 'ethernet'
[05:05:43.908] [bmv2] [D] [thread 10949] [9.0] [cxt 0] Deparsing header 'ipv4'
[05:05:43.908] [bmv2] [D] [thread 10949] [9.0] [cxt 0] Deparser 'deparser': end
[05:05:43.908] [bmv2] [D] [thread 10952] [9.0] [cxt 0] Transmitting packet of size 98 out of port 1
[05:05:43.913] [bmv2] [D] [thread 10947] [10.0] [cxt 0] Processing packet received on port 1
[05:05:43.913] [bmv2] [D] [thread 10947] [10.0] [cxt 0] Parser 'parser': start
[05:05:43.913] [bmv2] [D] [thread 10947] [10.0] [cxt 0] Parser 'parser' entering state 'start'
[05:05:43.913] [bmv2] [D] [thread 10947] [10.0] [cxt 0] Extracting header 'ethernet'
[05:05:43.913] [bmv2] [D] [thread 10947] [10.0] [cxt 0] Parser state 'start': key is 0800
[05:05:43.913] [bmv2] [T] [thread 10947] [10.0] [cxt 0] Bytes parsed: 14
[05:05:43.913] [bmv2] [D] [thread 10947] [10.0] [cxt 0] Parser 'parser' entering state 'ipv4'
[05:05:43.913] [bmv2] [D] [thread 10947] [10.0] [cxt 0] Extracting header 'ipv4'
[05:05:43.913] [bmv2] [D] [thread 10947] [10.0] [cxt 0] Parser state 'ipv4' has no switch, going to default next state
[05:05:43.913] [bmv2] [T] [thread 10947] [10.0] [cxt 0] Bytes parsed: 34
[05:05:43.913] [bmv2] [D] [thread 10947] [10.0] [cxt 0] Parser 'parser': end
[05:05:43.913] [bmv2] [D] [thread 10947] [10.0] [cxt 0] Pipeline 'ingress': start
[05:05:43.913] [bmv2] [T] [thread 10947] [10.0] [cxt 0] forwarding.p4(128) Condition "hdr.ipv4.isValid()" (node_2) is true
[05:05:43.913] [bmv2] [T] [thread 10947] [10.0] [cxt 0] Applying table 'MyIngress.ipv4_lpm'
[05:05:43.913] [bmv2] [D] [thread 10947] [10.0] [cxt 0] Looking up key:
* hdr.ipv4.dstAddr    : 0a000303

[05:05:43.913] [bmv2] [D] [thread 10947] [10.0] [cxt 0] Table 'MyIngress.ipv4_lpm': hit with handle 1
[05:05:43.913] [bmv2] [D] [thread 10947] [10.0] [cxt 0] Dumping entry 1
Match key:
* hdr.ipv4.dstAddr    : LPM       0a000303/32
Action entry: MyIngress.ipv4_forward - a000303,2,

[05:05:43.913] [bmv2] [D] [thread 10947] [10.0] [cxt 0] Action entry is MyIngress.ipv4_forward - a000303,2,
[05:05:43.913] [bmv2] [T] [thread 10947] [10.0] [cxt 0] Action MyIngress.ipv4_forward
[05:05:43.913] [bmv2] [T] [thread 10947] [10.0] [cxt 0] forwarding.p4(99) Primitive hdr.ethernet.srcAddr = hdr.ethernet.dstAddr
[05:05:43.913] [bmv2] [T] [thread 10947] [10.0] [cxt 0] forwarding.p4(102) Primitive hdr.ethernet.dstAddr = dstAddr
[05:05:43.913] [bmv2] [T] [thread 10947] [10.0] [cxt 0] forwarding.p4(105) Primitive standard_metadata.egress_spec = port
[05:05:43.913] [bmv2] [T] [thread 10947] [10.0] [cxt 0] forwarding.p4(108) Primitive hdr.ipv4.ttl = hdr.ipv4.ttl -1
[05:05:43.914] [bmv2] [D] [thread 10947] [10.0] [cxt 0] Pipeline 'ingress': end
[05:05:43.914] [bmv2] [D] [thread 10947] [10.0] [cxt 0] Egress port is 2
[05:05:43.915] [bmv2] [D] [thread 10950] [10.0] [cxt 0] Pipeline 'egress': start
[05:05:43.915] [bmv2] [D] [thread 10950] [10.0] [cxt 0] Pipeline 'egress': end
[05:05:43.915] [bmv2] [D] [thread 10950] [10.0] [cxt 0] Deparser 'deparser': start
[05:05:43.915] [bmv2] [D] [thread 10950] [10.0] [cxt 0] Updating checksum 'cksum'
[05:05:43.915] [bmv2] [D] [thread 10950] [10.0] [cxt 0] Deparsing header 'ethernet'
[05:05:43.915] [bmv2] [D] [thread 10950] [10.0] [cxt 0] Deparsing header 'ipv4'
[05:05:43.915] [bmv2] [D] [thread 10950] [10.0] [cxt 0] Deparser 'deparser': end
[05:05:43.915] [bmv2] [D] [thread 10952] [10.0] [cxt 0] Transmitting packet of size 98 out of port 2
[05:05:43.919] [bmv2] [D] [thread 10947] [11.0] [cxt 0] Processing packet received on port 2
[05:05:43.919] [bmv2] [D] [thread 10947] [11.0] [cxt 0] Parser 'parser': start
[05:05:43.919] [bmv2] [D] [thread 10947] [11.0] [cxt 0] Parser 'parser' entering state 'start'
[05:05:43.919] [bmv2] [D] [thread 10947] [11.0] [cxt 0] Extracting header 'ethernet'
[05:05:43.919] [bmv2] [D] [thread 10947] [11.0] [cxt 0] Parser state 'start': key is 0800
[05:05:43.919] [bmv2] [T] [thread 10947] [11.0] [cxt 0] Bytes parsed: 14
[05:05:43.919] [bmv2] [D] [thread 10947] [11.0] [cxt 0] Parser 'parser' entering state 'ipv4'
[05:05:43.919] [bmv2] [D] [thread 10947] [11.0] [cxt 0] Extracting header 'ipv4'
[05:05:43.919] [bmv2] [D] [thread 10947] [11.0] [cxt 0] Parser state 'ipv4' has no switch, going to default next state
[05:05:43.919] [bmv2] [T] [thread 10947] [11.0] [cxt 0] Bytes parsed: 34
[05:05:43.919] [bmv2] [D] [thread 10947] [11.0] [cxt 0] Parser 'parser': end
[05:05:43.919] [bmv2] [D] [thread 10947] [11.0] [cxt 0] Pipeline 'ingress': start
[05:05:43.919] [bmv2] [T] [thread 10947] [11.0] [cxt 0] forwarding.p4(128) Condition "hdr.ipv4.isValid()" (node_2) is true
[05:05:43.919] [bmv2] [T] [thread 10947] [11.0] [cxt 0] Applying table 'MyIngress.ipv4_lpm'
[05:05:43.919] [bmv2] [D] [thread 10947] [11.0] [cxt 0] Looking up key:
* hdr.ipv4.dstAddr    : 0a000202

[05:05:43.919] [bmv2] [D] [thread 10947] [11.0] [cxt 0] Table 'MyIngress.ipv4_lpm': hit with handle 0
[05:05:43.919] [bmv2] [D] [thread 10947] [11.0] [cxt 0] Dumping entry 0
Match key:
* hdr.ipv4.dstAddr    : LPM       0a000000/16
Action entry: MyIngress.ipv4_forward - 10300,1,

[05:05:43.919] [bmv2] [D] [thread 10947] [11.0] [cxt 0] Action entry is MyIngress.ipv4_forward - 10300,1,
[05:05:43.919] [bmv2] [T] [thread 10947] [11.0] [cxt 0] Action MyIngress.ipv4_forward
[05:05:43.919] [bmv2] [T] [thread 10947] [11.0] [cxt 0] forwarding.p4(99) Primitive hdr.ethernet.srcAddr = hdr.ethernet.dstAddr
[05:05:43.919] [bmv2] [T] [thread 10947] [11.0] [cxt 0] forwarding.p4(102) Primitive hdr.ethernet.dstAddr = dstAddr
[05:05:43.919] [bmv2] [T] [thread 10947] [11.0] [cxt 0] forwarding.p4(105) Primitive standard_metadata.egress_spec = port
[05:05:43.919] [bmv2] [T] [thread 10947] [11.0] [cxt 0] forwarding.p4(108) Primitive hdr.ipv4.ttl = hdr.ipv4.ttl -1
[05:05:43.919] [bmv2] [D] [thread 10947] [11.0] [cxt 0] Pipeline 'ingress': end
[05:05:43.919] [bmv2] [D] [thread 10947] [11.0] [cxt 0] Egress port is 1
[05:05:43.919] [bmv2] [D] [thread 10949] [11.0] [cxt 0] Pipeline 'egress': start
[05:05:43.919] [bmv2] [D] [thread 10949] [11.0] [cxt 0] Pipeline 'egress': end
[05:05:43.919] [bmv2] [D] [thread 10949] [11.0] [cxt 0] Deparser 'deparser': start
[05:05:43.919] [bmv2] [D] [thread 10949] [11.0] [cxt 0] Updating checksum 'cksum'
[05:05:43.919] [bmv2] [D] [thread 10949] [11.0] [cxt 0] Deparsing header 'ethernet'
[05:05:43.919] [bmv2] [D] [thread 10949] [11.0] [cxt 0] Deparsing header 'ipv4'
[05:05:43.919] [bmv2] [D] [thread 10949] [11.0] [cxt 0] Deparser 'deparser': end
[05:05:43.920] [bmv2] [D] [thread 10952] [11.0] [cxt 0] Transmitting packet of size 98 out of port 1
[05:05:43.924] [bmv2] [D] [thread 10947] [12.0] [cxt 0] Processing packet received on port 1
[05:05:43.924] [bmv2] [D] [thread 10947] [12.0] [cxt 0] Parser 'parser': start
[05:05:43.924] [bmv2] [D] [thread 10947] [12.0] [cxt 0] Parser 'parser' entering state 'start'
[05:05:43.924] [bmv2] [D] [thread 10947] [12.0] [cxt 0] Extracting header 'ethernet'
[05:05:43.924] [bmv2] [D] [thread 10947] [12.0] [cxt 0] Parser state 'start': key is 0800
[05:05:43.924] [bmv2] [T] [thread 10947] [12.0] [cxt 0] Bytes parsed: 14
[05:05:43.924] [bmv2] [D] [thread 10947] [12.0] [cxt 0] Parser 'parser' entering state 'ipv4'
[05:05:43.924] [bmv2] [D] [thread 10947] [12.0] [cxt 0] Extracting header 'ipv4'
[05:05:43.924] [bmv2] [D] [thread 10947] [12.0] [cxt 0] Parser state 'ipv4' has no switch, going to default next state
[05:05:43.924] [bmv2] [T] [thread 10947] [12.0] [cxt 0] Bytes parsed: 34
[05:05:43.924] [bmv2] [D] [thread 10947] [12.0] [cxt 0] Parser 'parser': end
[05:05:43.924] [bmv2] [D] [thread 10947] [12.0] [cxt 0] Pipeline 'ingress': start
[05:05:43.924] [bmv2] [T] [thread 10947] [12.0] [cxt 0] forwarding.p4(128) Condition "hdr.ipv4.isValid()" (node_2) is true
[05:05:43.924] [bmv2] [T] [thread 10947] [12.0] [cxt 0] Applying table 'MyIngress.ipv4_lpm'
[05:05:43.924] [bmv2] [D] [thread 10947] [12.0] [cxt 0] Looking up key:
* hdr.ipv4.dstAddr    : 0a000303

[05:05:43.924] [bmv2] [D] [thread 10947] [12.0] [cxt 0] Table 'MyIngress.ipv4_lpm': hit with handle 1
[05:05:43.924] [bmv2] [D] [thread 10947] [12.0] [cxt 0] Dumping entry 1
Match key:
* hdr.ipv4.dstAddr    : LPM       0a000303/32
Action entry: MyIngress.ipv4_forward - a000303,2,

[05:05:43.924] [bmv2] [D] [thread 10947] [12.0] [cxt 0] Action entry is MyIngress.ipv4_forward - a000303,2,
[05:05:43.924] [bmv2] [T] [thread 10947] [12.0] [cxt 0] Action MyIngress.ipv4_forward
[05:05:43.924] [bmv2] [T] [thread 10947] [12.0] [cxt 0] forwarding.p4(99) Primitive hdr.ethernet.srcAddr = hdr.ethernet.dstAddr
[05:05:43.924] [bmv2] [T] [thread 10947] [12.0] [cxt 0] forwarding.p4(102) Primitive hdr.ethernet.dstAddr = dstAddr
[05:05:43.924] [bmv2] [T] [thread 10947] [12.0] [cxt 0] forwarding.p4(105) Primitive standard_metadata.egress_spec = port
[05:05:43.924] [bmv2] [T] [thread 10947] [12.0] [cxt 0] forwarding.p4(108) Primitive hdr.ipv4.ttl = hdr.ipv4.ttl -1
[05:05:43.925] [bmv2] [D] [thread 10947] [12.0] [cxt 0] Pipeline 'ingress': end
[05:05:43.925] [bmv2] [D] [thread 10947] [12.0] [cxt 0] Egress port is 2
[05:05:43.925] [bmv2] [D] [thread 10950] [12.0] [cxt 0] Pipeline 'egress': start
[05:05:43.925] [bmv2] [D] [thread 10950] [12.0] [cxt 0] Pipeline 'egress': end
[05:05:43.925] [bmv2] [D] [thread 10950] [12.0] [cxt 0] Deparser 'deparser': start
[05:05:43.925] [bmv2] [D] [thread 10950] [12.0] [cxt 0] Updating checksum 'cksum'
[05:05:43.925] [bmv2] [D] [thread 10950] [12.0] [cxt 0] Deparsing header 'ethernet'
[05:05:43.925] [bmv2] [D] [thread 10950] [12.0] [cxt 0] Deparsing header 'ipv4'
[05:05:43.925] [bmv2] [D] [thread 10950] [12.0] [cxt 0] Deparser 'deparser': end
[05:05:43.925] [bmv2] [D] [thread 10952] [12.0] [cxt 0] Transmitting packet of size 98 out of port 2
[05:05:43.929] [bmv2] [D] [thread 10947] [13.0] [cxt 0] Processing packet received on port 2
[05:05:43.929] [bmv2] [D] [thread 10947] [13.0] [cxt 0] Parser 'parser': start
[05:05:43.929] [bmv2] [D] [thread 10947] [13.0] [cxt 0] Parser 'parser' entering state 'start'
[05:05:43.929] [bmv2] [D] [thread 10947] [13.0] [cxt 0] Extracting header 'ethernet'
[05:05:43.929] [bmv2] [D] [thread 10947] [13.0] [cxt 0] Parser state 'start': key is 0800
[05:05:43.929] [bmv2] [T] [thread 10947] [13.0] [cxt 0] Bytes parsed: 14
[05:05:43.929] [bmv2] [D] [thread 10947] [13.0] [cxt 0] Parser 'parser' entering state 'ipv4'
[05:05:43.929] [bmv2] [D] [thread 10947] [13.0] [cxt 0] Extracting header 'ipv4'
[05:05:43.929] [bmv2] [D] [thread 10947] [13.0] [cxt 0] Parser state 'ipv4' has no switch, going to default next state
[05:05:43.929] [bmv2] [T] [thread 10947] [13.0] [cxt 0] Bytes parsed: 34
[05:05:43.929] [bmv2] [D] [thread 10947] [13.0] [cxt 0] Parser 'parser': end
[05:05:43.929] [bmv2] [D] [thread 10947] [13.0] [cxt 0] Pipeline 'ingress': start
[05:05:43.929] [bmv2] [T] [thread 10947] [13.0] [cxt 0] forwarding.p4(128) Condition "hdr.ipv4.isValid()" (node_2) is true
[05:05:43.929] [bmv2] [T] [thread 10947] [13.0] [cxt 0] Applying table 'MyIngress.ipv4_lpm'
[05:05:43.929] [bmv2] [D] [thread 10947] [13.0] [cxt 0] Looking up key:
* hdr.ipv4.dstAddr    : 0a000304

[05:05:43.929] [bmv2] [D] [thread 10947] [13.0] [cxt 0] Table 'MyIngress.ipv4_lpm': hit with handle 2
[05:05:43.929] [bmv2] [D] [thread 10947] [13.0] [cxt 0] Dumping entry 2
Match key:
* hdr.ipv4.dstAddr    : LPM       0a000304/32
Action entry: MyIngress.ipv4_forward - a000304,3,

[05:05:43.929] [bmv2] [D] [thread 10947] [13.0] [cxt 0] Action entry is MyIngress.ipv4_forward - a000304,3,
[05:05:43.929] [bmv2] [T] [thread 10947] [13.0] [cxt 0] Action MyIngress.ipv4_forward
[05:05:43.929] [bmv2] [T] [thread 10947] [13.0] [cxt 0] forwarding.p4(99) Primitive hdr.ethernet.srcAddr = hdr.ethernet.dstAddr
[05:05:43.929] [bmv2] [T] [thread 10947] [13.0] [cxt 0] forwarding.p4(102) Primitive hdr.ethernet.dstAddr = dstAddr
[05:05:43.929] [bmv2] [T] [thread 10947] [13.0] [cxt 0] forwarding.p4(105) Primitive standard_metadata.egress_spec = port
[05:05:43.929] [bmv2] [T] [thread 10947] [13.0] [cxt 0] forwarding.p4(108) Primitive hdr.ipv4.ttl = hdr.ipv4.ttl -1
[05:05:43.929] [bmv2] [D] [thread 10947] [13.0] [cxt 0] Pipeline 'ingress': end
[05:05:43.929] [bmv2] [D] [thread 10947] [13.0] [cxt 0] Egress port is 3
[05:05:43.929] [bmv2] [D] [thread 10951] [13.0] [cxt 0] Pipeline 'egress': start
[05:05:43.929] [bmv2] [D] [thread 10951] [13.0] [cxt 0] Pipeline 'egress': end
[05:05:43.929] [bmv2] [D] [thread 10951] [13.0] [cxt 0] Deparser 'deparser': start
[05:05:43.929] [bmv2] [D] [thread 10951] [13.0] [cxt 0] Updating checksum 'cksum'
[05:05:43.929] [bmv2] [D] [thread 10951] [13.0] [cxt 0] Deparsing header 'ethernet'
[05:05:43.929] [bmv2] [D] [thread 10951] [13.0] [cxt 0] Deparsing header 'ipv4'
[05:05:43.929] [bmv2] [D] [thread 10951] [13.0] [cxt 0] Deparser 'deparser': end
[05:05:43.930] [bmv2] [D] [thread 10952] [13.0] [cxt 0] Transmitting packet of size 98 out of port 3
[05:05:43.930] [bmv2] [D] [thread 10947] [14.0] [cxt 0] Processing packet received on port 3
[05:05:43.930] [bmv2] [D] [thread 10947] [14.0] [cxt 0] Parser 'parser': start
[05:05:43.930] [bmv2] [D] [thread 10947] [14.0] [cxt 0] Parser 'parser' entering state 'start'
[05:05:43.930] [bmv2] [D] [thread 10947] [14.0] [cxt 0] Extracting header 'ethernet'
[05:05:43.930] [bmv2] [D] [thread 10947] [14.0] [cxt 0] Parser state 'start': key is 0800
[05:05:43.930] [bmv2] [T] [thread 10947] [14.0] [cxt 0] Bytes parsed: 14
[05:05:43.930] [bmv2] [D] [thread 10947] [14.0] [cxt 0] Parser 'parser' entering state 'ipv4'
[05:05:43.930] [bmv2] [D] [thread 10947] [14.0] [cxt 0] Extracting header 'ipv4'
[05:05:43.930] [bmv2] [D] [thread 10947] [14.0] [cxt 0] Parser state 'ipv4' has no switch, going to default next state
[05:05:43.930] [bmv2] [T] [thread 10947] [14.0] [cxt 0] Bytes parsed: 34
[05:05:43.930] [bmv2] [D] [thread 10947] [14.0] [cxt 0] Parser 'parser': end
[05:05:43.930] [bmv2] [D] [thread 10947] [14.0] [cxt 0] Pipeline 'ingress': start
[05:05:43.930] [bmv2] [T] [thread 10947] [14.0] [cxt 0] forwarding.p4(128) Condition "hdr.ipv4.isValid()" (node_2) is true
[05:05:43.930] [bmv2] [T] [thread 10947] [14.0] [cxt 0] Applying table 'MyIngress.ipv4_lpm'
[05:05:43.930] [bmv2] [D] [thread 10947] [14.0] [cxt 0] Looking up key:
* hdr.ipv4.dstAddr    : 0a000303

[05:05:43.930] [bmv2] [D] [thread 10947] [14.0] [cxt 0] Table 'MyIngress.ipv4_lpm': hit with handle 1
[05:05:43.930] [bmv2] [D] [thread 10947] [14.0] [cxt 0] Dumping entry 1
Match key:
* hdr.ipv4.dstAddr    : LPM       0a000303/32
Action entry: MyIngress.ipv4_forward - a000303,2,

[05:05:43.930] [bmv2] [D] [thread 10947] [14.0] [cxt 0] Action entry is MyIngress.ipv4_forward - a000303,2,
[05:05:43.930] [bmv2] [T] [thread 10947] [14.0] [cxt 0] Action MyIngress.ipv4_forward
[05:05:43.930] [bmv2] [T] [thread 10947] [14.0] [cxt 0] forwarding.p4(99) Primitive hdr.ethernet.srcAddr = hdr.ethernet.dstAddr
[05:05:43.930] [bmv2] [T] [thread 10947] [14.0] [cxt 0] forwarding.p4(102) Primitive hdr.ethernet.dstAddr = dstAddr
[05:05:43.930] [bmv2] [T] [thread 10947] [14.0] [cxt 0] forwarding.p4(105) Primitive standard_metadata.egress_spec = port
[05:05:43.930] [bmv2] [T] [thread 10947] [14.0] [cxt 0] forwarding.p4(108) Primitive hdr.ipv4.ttl = hdr.ipv4.ttl -1
[05:05:43.930] [bmv2] [D] [thread 10947] [14.0] [cxt 0] Pipeline 'ingress': end
[05:05:43.930] [bmv2] [D] [thread 10947] [14.0] [cxt 0] Egress port is 2
[05:05:43.930] [bmv2] [D] [thread 10950] [14.0] [cxt 0] Pipeline 'egress': start
[05:05:43.931] [bmv2] [D] [thread 10950] [14.0] [cxt 0] Pipeline 'egress': end
[05:05:43.931] [bmv2] [D] [thread 10950] [14.0] [cxt 0] Deparser 'deparser': start
[05:05:43.931] [bmv2] [D] [thread 10950] [14.0] [cxt 0] Updating checksum 'cksum'
[05:05:43.931] [bmv2] [D] [thread 10950] [14.0] [cxt 0] Deparsing header 'ethernet'
[05:05:43.931] [bmv2] [D] [thread 10950] [14.0] [cxt 0] Deparsing header 'ipv4'
[05:05:43.931] [bmv2] [D] [thread 10950] [14.0] [cxt 0] Deparser 'deparser': end
[05:05:43.931] [bmv2] [D] [thread 10952] [14.0] [cxt 0] Transmitting packet of size 98 out of port 2
[05:05:43.936] [bmv2] [D] [thread 10947] [15.0] [cxt 0] Processing packet received on port 3
[05:05:43.936] [bmv2] [D] [thread 10947] [15.0] [cxt 0] Parser 'parser': start
[05:05:43.936] [bmv2] [D] [thread 10947] [15.0] [cxt 0] Parser 'parser' entering state 'start'
[05:05:43.936] [bmv2] [D] [thread 10947] [15.0] [cxt 0] Extracting header 'ethernet'
[05:05:43.936] [bmv2] [D] [thread 10947] [15.0] [cxt 0] Parser state 'start': key is 0800
[05:05:43.936] [bmv2] [T] [thread 10947] [15.0] [cxt 0] Bytes parsed: 14
[05:05:43.936] [bmv2] [D] [thread 10947] [15.0] [cxt 0] Parser 'parser' entering state 'ipv4'
[05:05:43.936] [bmv2] [D] [thread 10947] [15.0] [cxt 0] Extracting header 'ipv4'
[05:05:43.936] [bmv2] [D] [thread 10947] [15.0] [cxt 0] Parser state 'ipv4' has no switch, going to default next state
[05:05:43.936] [bmv2] [T] [thread 10947] [15.0] [cxt 0] Bytes parsed: 34
[05:05:43.936] [bmv2] [D] [thread 10947] [15.0] [cxt 0] Parser 'parser': end
[05:05:43.936] [bmv2] [D] [thread 10947] [15.0] [cxt 0] Pipeline 'ingress': start
[05:05:43.936] [bmv2] [T] [thread 10947] [15.0] [cxt 0] forwarding.p4(128) Condition "hdr.ipv4.isValid()" (node_2) is true
[05:05:43.936] [bmv2] [T] [thread 10947] [15.0] [cxt 0] Applying table 'MyIngress.ipv4_lpm'
[05:05:43.936] [bmv2] [D] [thread 10947] [15.0] [cxt 0] Looking up key:
* hdr.ipv4.dstAddr    : 0a000101

[05:05:43.936] [bmv2] [D] [thread 10947] [15.0] [cxt 0] Table 'MyIngress.ipv4_lpm': hit with handle 0
[05:05:43.936] [bmv2] [D] [thread 10947] [15.0] [cxt 0] Dumping entry 0
Match key:
* hdr.ipv4.dstAddr    : LPM       0a000000/16
Action entry: MyIngress.ipv4_forward - 10300,1,

[05:05:43.936] [bmv2] [D] [thread 10947] [15.0] [cxt 0] Action entry is MyIngress.ipv4_forward - 10300,1,
[05:05:43.936] [bmv2] [T] [thread 10947] [15.0] [cxt 0] Action MyIngress.ipv4_forward
[05:05:43.936] [bmv2] [T] [thread 10947] [15.0] [cxt 0] forwarding.p4(99) Primitive hdr.ethernet.srcAddr = hdr.ethernet.dstAddr
[05:05:43.936] [bmv2] [T] [thread 10947] [15.0] [cxt 0] forwarding.p4(102) Primitive hdr.ethernet.dstAddr = dstAddr
[05:05:43.936] [bmv2] [T] [thread 10947] [15.0] [cxt 0] forwarding.p4(105) Primitive standard_metadata.egress_spec = port
[05:05:43.936] [bmv2] [T] [thread 10947] [15.0] [cxt 0] forwarding.p4(108) Primitive hdr.ipv4.ttl = hdr.ipv4.ttl -1
[05:05:43.936] [bmv2] [D] [thread 10947] [15.0] [cxt 0] Pipeline 'ingress': end
[05:05:43.936] [bmv2] [D] [thread 10947] [15.0] [cxt 0] Egress port is 1
[05:05:43.937] [bmv2] [D] [thread 10949] [15.0] [cxt 0] Pipeline 'egress': start
[05:05:43.937] [bmv2] [D] [thread 10949] [15.0] [cxt 0] Pipeline 'egress': end
[05:05:43.937] [bmv2] [D] [thread 10949] [15.0] [cxt 0] Deparser 'deparser': start
[05:05:43.937] [bmv2] [D] [thread 10949] [15.0] [cxt 0] Updating checksum 'cksum'
[05:05:43.937] [bmv2] [D] [thread 10949] [15.0] [cxt 0] Deparsing header 'ethernet'
[05:05:43.937] [bmv2] [D] [thread 10949] [15.0] [cxt 0] Deparsing header 'ipv4'
[05:05:43.937] [bmv2] [D] [thread 10949] [15.0] [cxt 0] Deparser 'deparser': end
[05:05:43.937] [bmv2] [D] [thread 10952] [15.0] [cxt 0] Transmitting packet of size 98 out of port 1
[05:05:43.939] [bmv2] [D] [thread 10947] [16.0] [cxt 0] Processing packet received on port 1
[05:05:43.939] [bmv2] [D] [thread 10947] [16.0] [cxt 0] Parser 'parser': start
[05:05:43.939] [bmv2] [D] [thread 10947] [16.0] [cxt 0] Parser 'parser' entering state 'start'
[05:05:43.939] [bmv2] [D] [thread 10947] [16.0] [cxt 0] Extracting header 'ethernet'
[05:05:43.939] [bmv2] [D] [thread 10947] [16.0] [cxt 0] Parser state 'start': key is 0800
[05:05:43.939] [bmv2] [T] [thread 10947] [16.0] [cxt 0] Bytes parsed: 14
[05:05:43.939] [bmv2] [D] [thread 10947] [16.0] [cxt 0] Parser 'parser' entering state 'ipv4'
[05:05:43.939] [bmv2] [D] [thread 10947] [16.0] [cxt 0] Extracting header 'ipv4'
[05:05:43.939] [bmv2] [D] [thread 10947] [16.0] [cxt 0] Parser state 'ipv4' has no switch, going to default next state
[05:05:43.939] [bmv2] [T] [thread 10947] [16.0] [cxt 0] Bytes parsed: 34
[05:05:43.939] [bmv2] [D] [thread 10947] [16.0] [cxt 0] Parser 'parser': end
[05:05:43.939] [bmv2] [D] [thread 10947] [16.0] [cxt 0] Pipeline 'ingress': start
[05:05:43.939] [bmv2] [T] [thread 10947] [16.0] [cxt 0] forwarding.p4(128) Condition "hdr.ipv4.isValid()" (node_2) is true
[05:05:43.939] [bmv2] [T] [thread 10947] [16.0] [cxt 0] Applying table 'MyIngress.ipv4_lpm'
[05:05:43.939] [bmv2] [D] [thread 10947] [16.0] [cxt 0] Looking up key:
* hdr.ipv4.dstAddr    : 0a000304

[05:05:43.940] [bmv2] [D] [thread 10947] [16.0] [cxt 0] Table 'MyIngress.ipv4_lpm': hit with handle 2
[05:05:43.940] [bmv2] [D] [thread 10947] [16.0] [cxt 0] Dumping entry 2
Match key:
* hdr.ipv4.dstAddr    : LPM       0a000304/32
Action entry: MyIngress.ipv4_forward - a000304,3,

[05:05:43.940] [bmv2] [D] [thread 10947] [16.0] [cxt 0] Action entry is MyIngress.ipv4_forward - a000304,3,
[05:05:43.940] [bmv2] [T] [thread 10947] [16.0] [cxt 0] Action MyIngress.ipv4_forward
[05:05:43.940] [bmv2] [T] [thread 10947] [16.0] [cxt 0] forwarding.p4(99) Primitive hdr.ethernet.srcAddr = hdr.ethernet.dstAddr
[05:05:43.940] [bmv2] [T] [thread 10947] [16.0] [cxt 0] forwarding.p4(102) Primitive hdr.ethernet.dstAddr = dstAddr
[05:05:43.940] [bmv2] [T] [thread 10947] [16.0] [cxt 0] forwarding.p4(105) Primitive standard_metadata.egress_spec = port
[05:05:43.940] [bmv2] [T] [thread 10947] [16.0] [cxt 0] forwarding.p4(108) Primitive hdr.ipv4.ttl = hdr.ipv4.ttl -1
[05:05:43.940] [bmv2] [D] [thread 10947] [16.0] [cxt 0] Pipeline 'ingress': end
[05:05:43.940] [bmv2] [D] [thread 10947] [16.0] [cxt 0] Egress port is 3
[05:05:43.940] [bmv2] [D] [thread 10951] [16.0] [cxt 0] Pipeline 'egress': start
[05:05:43.940] [bmv2] [D] [thread 10951] [16.0] [cxt 0] Pipeline 'egress': end
[05:05:43.940] [bmv2] [D] [thread 10951] [16.0] [cxt 0] Deparser 'deparser': start
[05:05:43.940] [bmv2] [D] [thread 10951] [16.0] [cxt 0] Updating checksum 'cksum'
[05:05:43.940] [bmv2] [D] [thread 10951] [16.0] [cxt 0] Deparsing header 'ethernet'
[05:05:43.940] [bmv2] [D] [thread 10951] [16.0] [cxt 0] Deparsing header 'ipv4'
[05:05:43.940] [bmv2] [D] [thread 10951] [16.0] [cxt 0] Deparser 'deparser': end
[05:05:43.940] [bmv2] [D] [thread 10952] [16.0] [cxt 0] Transmitting packet of size 98 out of port 3
[05:05:43.944] [bmv2] [D] [thread 10947] [17.0] [cxt 0] Processing packet received on port 3
[05:05:43.944] [bmv2] [D] [thread 10947] [17.0] [cxt 0] Parser 'parser': start
[05:05:43.944] [bmv2] [D] [thread 10947] [17.0] [cxt 0] Parser 'parser' entering state 'start'
[05:05:43.944] [bmv2] [D] [thread 10947] [17.0] [cxt 0] Extracting header 'ethernet'
[05:05:43.944] [bmv2] [D] [thread 10947] [17.0] [cxt 0] Parser state 'start': key is 0800
[05:05:43.944] [bmv2] [T] [thread 10947] [17.0] [cxt 0] Bytes parsed: 14
[05:05:43.944] [bmv2] [D] [thread 10947] [17.0] [cxt 0] Parser 'parser' entering state 'ipv4'
[05:05:43.944] [bmv2] [D] [thread 10947] [17.0] [cxt 0] Extracting header 'ipv4'
[05:05:43.944] [bmv2] [D] [thread 10947] [17.0] [cxt 0] Parser state 'ipv4' has no switch, going to default next state
[05:05:43.944] [bmv2] [T] [thread 10947] [17.0] [cxt 0] Bytes parsed: 34
[05:05:43.944] [bmv2] [D] [thread 10947] [17.0] [cxt 0] Parser 'parser': end
[05:05:43.944] [bmv2] [D] [thread 10947] [17.0] [cxt 0] Pipeline 'ingress': start
[05:05:43.944] [bmv2] [T] [thread 10947] [17.0] [cxt 0] forwarding.p4(128) Condition "hdr.ipv4.isValid()" (node_2) is true
[05:05:43.944] [bmv2] [T] [thread 10947] [17.0] [cxt 0] Applying table 'MyIngress.ipv4_lpm'
[05:05:43.944] [bmv2] [D] [thread 10947] [17.0] [cxt 0] Looking up key:
* hdr.ipv4.dstAddr    : 0a000202

[05:05:43.944] [bmv2] [D] [thread 10947] [17.0] [cxt 0] Table 'MyIngress.ipv4_lpm': hit with handle 0
[05:05:43.944] [bmv2] [D] [thread 10947] [17.0] [cxt 0] Dumping entry 0
Match key:
* hdr.ipv4.dstAddr    : LPM       0a000000/16
Action entry: MyIngress.ipv4_forward - 10300,1,

[05:05:43.944] [bmv2] [D] [thread 10947] [17.0] [cxt 0] Action entry is MyIngress.ipv4_forward - 10300,1,
[05:05:43.944] [bmv2] [T] [thread 10947] [17.0] [cxt 0] Action MyIngress.ipv4_forward
[05:05:43.944] [bmv2] [T] [thread 10947] [17.0] [cxt 0] forwarding.p4(99) Primitive hdr.ethernet.srcAddr = hdr.ethernet.dstAddr
[05:05:43.944] [bmv2] [T] [thread 10947] [17.0] [cxt 0] forwarding.p4(102) Primitive hdr.ethernet.dstAddr = dstAddr
[05:05:43.944] [bmv2] [T] [thread 10947] [17.0] [cxt 0] forwarding.p4(105) Primitive standard_metadata.egress_spec = port
[05:05:43.944] [bmv2] [T] [thread 10947] [17.0] [cxt 0] forwarding.p4(108) Primitive hdr.ipv4.ttl = hdr.ipv4.ttl -1
[05:05:43.944] [bmv2] [D] [thread 10947] [17.0] [cxt 0] Pipeline 'ingress': end
[05:05:43.944] [bmv2] [D] [thread 10947] [17.0] [cxt 0] Egress port is 1
[05:05:43.945] [bmv2] [D] [thread 10949] [17.0] [cxt 0] Pipeline 'egress': start
[05:05:43.945] [bmv2] [D] [thread 10949] [17.0] [cxt 0] Pipeline 'egress': end
[05:05:43.945] [bmv2] [D] [thread 10949] [17.0] [cxt 0] Deparser 'deparser': start
[05:05:43.945] [bmv2] [D] [thread 10949] [17.0] [cxt 0] Updating checksum 'cksum'
[05:05:43.945] [bmv2] [D] [thread 10949] [17.0] [cxt 0] Deparsing header 'ethernet'
[05:05:43.945] [bmv2] [D] [thread 10949] [17.0] [cxt 0] Deparsing header 'ipv4'
[05:05:43.945] [bmv2] [D] [thread 10949] [17.0] [cxt 0] Deparser 'deparser': end
[05:05:43.945] [bmv2] [D] [thread 10952] [17.0] [cxt 0] Transmitting packet of size 98 out of port 1
[05:05:43.949] [bmv2] [D] [thread 10947] [18.0] [cxt 0] Processing packet received on port 1
[05:05:43.949] [bmv2] [D] [thread 10947] [18.0] [cxt 0] Parser 'parser': start
[05:05:43.949] [bmv2] [D] [thread 10947] [18.0] [cxt 0] Parser 'parser' entering state 'start'
[05:05:43.949] [bmv2] [D] [thread 10947] [18.0] [cxt 0] Extracting header 'ethernet'
[05:05:43.949] [bmv2] [D] [thread 10947] [18.0] [cxt 0] Parser state 'start': key is 0800
[05:05:43.949] [bmv2] [T] [thread 10947] [18.0] [cxt 0] Bytes parsed: 14
[05:05:43.949] [bmv2] [D] [thread 10947] [18.0] [cxt 0] Parser 'parser' entering state 'ipv4'
[05:05:43.949] [bmv2] [D] [thread 10947] [18.0] [cxt 0] Extracting header 'ipv4'
[05:05:43.949] [bmv2] [D] [thread 10947] [18.0] [cxt 0] Parser state 'ipv4' has no switch, going to default next state
[05:05:43.949] [bmv2] [T] [thread 10947] [18.0] [cxt 0] Bytes parsed: 34
[05:05:43.949] [bmv2] [D] [thread 10947] [18.0] [cxt 0] Parser 'parser': end
[05:05:43.949] [bmv2] [D] [thread 10947] [18.0] [cxt 0] Pipeline 'ingress': start
[05:05:43.949] [bmv2] [T] [thread 10947] [18.0] [cxt 0] forwarding.p4(128) Condition "hdr.ipv4.isValid()" (node_2) is true
[05:05:43.949] [bmv2] [T] [thread 10947] [18.0] [cxt 0] Applying table 'MyIngress.ipv4_lpm'
[05:05:43.949] [bmv2] [D] [thread 10947] [18.0] [cxt 0] Looking up key:
* hdr.ipv4.dstAddr    : 0a000304

[05:05:43.949] [bmv2] [D] [thread 10947] [18.0] [cxt 0] Table 'MyIngress.ipv4_lpm': hit with handle 2
[05:05:43.949] [bmv2] [D] [thread 10947] [18.0] [cxt 0] Dumping entry 2
Match key:
* hdr.ipv4.dstAddr    : LPM       0a000304/32
Action entry: MyIngress.ipv4_forward - a000304,3,

[05:05:43.949] [bmv2] [D] [thread 10947] [18.0] [cxt 0] Action entry is MyIngress.ipv4_forward - a000304,3,
[05:05:43.949] [bmv2] [T] [thread 10947] [18.0] [cxt 0] Action MyIngress.ipv4_forward
[05:05:43.949] [bmv2] [T] [thread 10947] [18.0] [cxt 0] forwarding.p4(99) Primitive hdr.ethernet.srcAddr = hdr.ethernet.dstAddr
[05:05:43.949] [bmv2] [T] [thread 10947] [18.0] [cxt 0] forwarding.p4(102) Primitive hdr.ethernet.dstAddr = dstAddr
[05:05:43.949] [bmv2] [T] [thread 10947] [18.0] [cxt 0] forwarding.p4(105) Primitive standard_metadata.egress_spec = port
[05:05:43.949] [bmv2] [T] [thread 10947] [18.0] [cxt 0] forwarding.p4(108) Primitive hdr.ipv4.ttl = hdr.ipv4.ttl -1
[05:05:43.949] [bmv2] [D] [thread 10947] [18.0] [cxt 0] Pipeline 'ingress': end
[05:05:43.949] [bmv2] [D] [thread 10947] [18.0] [cxt 0] Egress port is 3
[05:05:43.949] [bmv2] [D] [thread 10951] [18.0] [cxt 0] Pipeline 'egress': start
[05:05:43.949] [bmv2] [D] [thread 10951] [18.0] [cxt 0] Pipeline 'egress': end
[05:05:43.949] [bmv2] [D] [thread 10951] [18.0] [cxt 0] Deparser 'deparser': start
[05:05:43.949] [bmv2] [D] [thread 10951] [18.0] [cxt 0] Updating checksum 'cksum'
[05:05:43.949] [bmv2] [D] [thread 10951] [18.0] [cxt 0] Deparsing header 'ethernet'
[05:05:43.949] [bmv2] [D] [thread 10951] [18.0] [cxt 0] Deparsing header 'ipv4'
[05:05:43.949] [bmv2] [D] [thread 10951] [18.0] [cxt 0] Deparser 'deparser': end
[05:05:43.949] [bmv2] [D] [thread 10952] [18.0] [cxt 0] Transmitting packet of size 98 out of port 3
[05:05:43.953] [bmv2] [D] [thread 10947] [19.0] [cxt 0] Processing packet received on port 3
[05:05:43.953] [bmv2] [D] [thread 10947] [19.0] [cxt 0] Parser 'parser': start
[05:05:43.953] [bmv2] [D] [thread 10947] [19.0] [cxt 0] Parser 'parser' entering state 'start'
[05:05:43.953] [bmv2] [D] [thread 10947] [19.0] [cxt 0] Extracting header 'ethernet'
[05:05:43.953] [bmv2] [D] [thread 10947] [19.0] [cxt 0] Parser state 'start': key is 0800
[05:05:43.953] [bmv2] [T] [thread 10947] [19.0] [cxt 0] Bytes parsed: 14
[05:05:43.953] [bmv2] [D] [thread 10947] [19.0] [cxt 0] Parser 'parser' entering state 'ipv4'
[05:05:43.953] [bmv2] [D] [thread 10947] [19.0] [cxt 0] Extracting header 'ipv4'
[05:05:43.953] [bmv2] [D] [thread 10947] [19.0] [cxt 0] Parser state 'ipv4' has no switch, going to default next state
[05:05:43.953] [bmv2] [T] [thread 10947] [19.0] [cxt 0] Bytes parsed: 34
[05:05:43.953] [bmv2] [D] [thread 10947] [19.0] [cxt 0] Parser 'parser': end
[05:05:43.954] [bmv2] [D] [thread 10947] [19.0] [cxt 0] Pipeline 'ingress': start
[05:05:43.954] [bmv2] [T] [thread 10947] [19.0] [cxt 0] forwarding.p4(128) Condition "hdr.ipv4.isValid()" (node_2) is true
[05:05:43.954] [bmv2] [T] [thread 10947] [19.0] [cxt 0] Applying table 'MyIngress.ipv4_lpm'
[05:05:43.954] [bmv2] [D] [thread 10947] [19.0] [cxt 0] Looking up key:
* hdr.ipv4.dstAddr    : 0a000303

[05:05:43.954] [bmv2] [D] [thread 10947] [19.0] [cxt 0] Table 'MyIngress.ipv4_lpm': hit with handle 1
[05:05:43.954] [bmv2] [D] [thread 10947] [19.0] [cxt 0] Dumping entry 1
Match key:
* hdr.ipv4.dstAddr    : LPM       0a000303/32
Action entry: MyIngress.ipv4_forward - a000303,2,

[05:05:43.954] [bmv2] [D] [thread 10947] [19.0] [cxt 0] Action entry is MyIngress.ipv4_forward - a000303,2,
[05:05:43.954] [bmv2] [T] [thread 10947] [19.0] [cxt 0] Action MyIngress.ipv4_forward
[05:05:43.954] [bmv2] [T] [thread 10947] [19.0] [cxt 0] forwarding.p4(99) Primitive hdr.ethernet.srcAddr = hdr.ethernet.dstAddr
[05:05:43.954] [bmv2] [T] [thread 10947] [19.0] [cxt 0] forwarding.p4(102) Primitive hdr.ethernet.dstAddr = dstAddr
[05:05:43.954] [bmv2] [T] [thread 10947] [19.0] [cxt 0] forwarding.p4(105) Primitive standard_metadata.egress_spec = port
[05:05:43.954] [bmv2] [T] [thread 10947] [19.0] [cxt 0] forwarding.p4(108) Primitive hdr.ipv4.ttl = hdr.ipv4.ttl -1
[05:05:43.954] [bmv2] [D] [thread 10947] [19.0] [cxt 0] Pipeline 'ingress': end
[05:05:43.954] [bmv2] [D] [thread 10947] [19.0] [cxt 0] Egress port is 2
[05:05:43.954] [bmv2] [D] [thread 10950] [19.0] [cxt 0] Pipeline 'egress': start
[05:05:43.954] [bmv2] [D] [thread 10950] [19.0] [cxt 0] Pipeline 'egress': end
[05:05:43.954] [bmv2] [D] [thread 10950] [19.0] [cxt 0] Deparser 'deparser': start
[05:05:43.954] [bmv2] [D] [thread 10950] [19.0] [cxt 0] Updating checksum 'cksum'
[05:05:43.954] [bmv2] [D] [thread 10950] [19.0] [cxt 0] Deparsing header 'ethernet'
[05:05:43.954] [bmv2] [D] [thread 10950] [19.0] [cxt 0] Deparsing header 'ipv4'
[05:05:43.954] [bmv2] [D] [thread 10950] [19.0] [cxt 0] Deparser 'deparser': end
[05:05:43.954] [bmv2] [D] [thread 10952] [19.0] [cxt 0] Transmitting packet of size 98 out of port 2
[05:05:43.955] [bmv2] [D] [thread 10947] [20.0] [cxt 0] Processing packet received on port 2
[05:05:43.955] [bmv2] [D] [thread 10947] [20.0] [cxt 0] Parser 'parser': start
[05:05:43.955] [bmv2] [D] [thread 10947] [20.0] [cxt 0] Parser 'parser' entering state 'start'
[05:05:43.955] [bmv2] [D] [thread 10947] [20.0] [cxt 0] Extracting header 'ethernet'
[05:05:43.955] [bmv2] [D] [thread 10947] [20.0] [cxt 0] Parser state 'start': key is 0800
[05:05:43.955] [bmv2] [T] [thread 10947] [20.0] [cxt 0] Bytes parsed: 14
[05:05:43.955] [bmv2] [D] [thread 10947] [20.0] [cxt 0] Parser 'parser' entering state 'ipv4'
[05:05:43.955] [bmv2] [D] [thread 10947] [20.0] [cxt 0] Extracting header 'ipv4'
[05:05:43.955] [bmv2] [D] [thread 10947] [20.0] [cxt 0] Parser state 'ipv4' has no switch, going to default next state
[05:05:43.955] [bmv2] [T] [thread 10947] [20.0] [cxt 0] Bytes parsed: 34
[05:05:43.955] [bmv2] [D] [thread 10947] [20.0] [cxt 0] Parser 'parser': end
[05:05:43.955] [bmv2] [D] [thread 10947] [20.0] [cxt 0] Pipeline 'ingress': start
[05:05:43.955] [bmv2] [T] [thread 10947] [20.0] [cxt 0] forwarding.p4(128) Condition "hdr.ipv4.isValid()" (node_2) is true
[05:05:43.955] [bmv2] [T] [thread 10947] [20.0] [cxt 0] Applying table 'MyIngress.ipv4_lpm'
[05:05:43.955] [bmv2] [D] [thread 10947] [20.0] [cxt 0] Looking up key:
* hdr.ipv4.dstAddr    : 0a000304

[05:05:43.955] [bmv2] [D] [thread 10947] [20.0] [cxt 0] Table 'MyIngress.ipv4_lpm': hit with handle 2
[05:05:43.955] [bmv2] [D] [thread 10947] [20.0] [cxt 0] Dumping entry 2
Match key:
* hdr.ipv4.dstAddr    : LPM       0a000304/32
Action entry: MyIngress.ipv4_forward - a000304,3,

[05:05:43.955] [bmv2] [D] [thread 10947] [20.0] [cxt 0] Action entry is MyIngress.ipv4_forward - a000304,3,
[05:05:43.955] [bmv2] [T] [thread 10947] [20.0] [cxt 0] Action MyIngress.ipv4_forward
[05:05:43.955] [bmv2] [T] [thread 10947] [20.0] [cxt 0] forwarding.p4(99) Primitive hdr.ethernet.srcAddr = hdr.ethernet.dstAddr
[05:05:43.955] [bmv2] [T] [thread 10947] [20.0] [cxt 0] forwarding.p4(102) Primitive hdr.ethernet.dstAddr = dstAddr
[05:05:43.955] [bmv2] [T] [thread 10947] [20.0] [cxt 0] forwarding.p4(105) Primitive standard_metadata.egress_spec = port
[05:05:43.955] [bmv2] [T] [thread 10947] [20.0] [cxt 0] forwarding.p4(108) Primitive hdr.ipv4.ttl = hdr.ipv4.ttl -1
[05:05:43.955] [bmv2] [D] [thread 10947] [20.0] [cxt 0] Pipeline 'ingress': end
[05:05:43.955] [bmv2] [D] [thread 10947] [20.0] [cxt 0] Egress port is 3
[05:05:43.956] [bmv2] [D] [thread 10951] [20.0] [cxt 0] Pipeline 'egress': start
[05:05:43.956] [bmv2] [D] [thread 10951] [20.0] [cxt 0] Pipeline 'egress': end
[05:05:43.956] [bmv2] [D] [thread 10951] [20.0] [cxt 0] Deparser 'deparser': start
[05:05:43.956] [bmv2] [D] [thread 10951] [20.0] [cxt 0] Updating checksum 'cksum'
[05:05:43.956] [bmv2] [D] [thread 10951] [20.0] [cxt 0] Deparsing header 'ethernet'
[05:05:43.956] [bmv2] [D] [thread 10951] [20.0] [cxt 0] Deparsing header 'ipv4'
[05:05:43.956] [bmv2] [D] [thread 10951] [20.0] [cxt 0] Deparser 'deparser': end
[05:05:43.956] [bmv2] [D] [thread 10952] [20.0] [cxt 0] Transmitting packet of size 98 out of port 3
open: No such file or directory
open: No such file or directory
open: No such file or directory
open: No such file or directory
open: No such file or directory
