Warning: you requested the nanomsg event logger, but bmv2 was compiled without -DBMELOG, and the event logger cannot be activated
Calling target program-options parser
[06:40:41.821] [bmv2] [D] [thread 2765] Set default default entry for table 'MyIngress.pkt_forward': NoAction - 
Adding interface s1-eth1 as port 1
[06:40:41.822] [bmv2] [D] [thread 2765] Adding interface s1-eth1 as port 1
Adding interface s1-eth2 as port 2
[06:40:41.863] [bmv2] [D] [thread 2765] Adding interface s1-eth2 as port 2
Adding interface s1-eth3 as port 3
[06:40:41.902] [bmv2] [D] [thread 2765] Adding interface s1-eth3 as port 3
Adding interface s1-cpu-eth0 as port 4
[06:40:41.937] [bmv2] [D] [thread 2765] Adding interface s1-cpu-eth0 as port 4
[06:40:41.977] [bmv2] [I] [thread 2765] Starting Thrift server on port 9090
[06:40:41.978] [bmv2] [I] [thread 2765] Thrift server was started
[06:40:42.131] [bmv2] [D] [thread 2771] [0.0] [cxt 0] Processing packet received on port 4
[06:40:42.131] [bmv2] [D] [thread 2771] [0.0] [cxt 0] Parser 'parser': start
[06:40:42.131] [bmv2] [D] [thread 2771] [0.0] [cxt 0] Parser 'parser' entering state 'start'
[06:40:42.131] [bmv2] [D] [thread 2771] [0.0] [cxt 0] Extracting header 'ethernet'
[06:40:42.131] [bmv2] [D] [thread 2771] [0.0] [cxt 0] Parser state 'start': key is 86dd
[06:40:42.131] [bmv2] [T] [thread 2771] [0.0] [cxt 0] Bytes parsed: 14
[06:40:42.131] [bmv2] [D] [thread 2771] [0.0] [cxt 0] Parser 'parser': end
[06:40:42.131] [bmv2] [D] [thread 2771] [0.0] [cxt 0] Pipeline 'ingress': start
[06:40:42.131] [bmv2] [T] [thread 2771] [0.0] [cxt 0] Applying table 'MyIngress.pkt_forward'
[06:40:42.131] [bmv2] [D] [thread 2771] [0.0] [cxt 0] Looking up key:
* hdr.ipv4.dstAddr    : 00000000

[06:40:42.131] [bmv2] [D] [thread 2771] [0.0] [cxt 0] Table 'MyIngress.pkt_forward': miss
[06:40:42.131] [bmv2] [D] [thread 2771] [0.0] [cxt 0] Action entry is NoAction - 
[06:40:42.131] [bmv2] [T] [thread 2771] [0.0] [cxt 0] Action NoAction
[06:40:42.131] [bmv2] [D] [thread 2771] [0.0] [cxt 0] Pipeline 'ingress': end
[06:40:42.131] [bmv2] [D] [thread 2771] [0.0] [cxt 0] Egress port is 0
[06:40:42.131] [bmv2] [D] [thread 2772] [0.0] [cxt 0] Pipeline 'egress': start
[06:40:42.131] [bmv2] [D] [thread 2772] [0.0] [cxt 0] Pipeline 'egress': end
[06:40:42.131] [bmv2] [D] [thread 2772] [0.0] [cxt 0] Deparser 'deparser': start
[06:40:42.131] [bmv2] [D] [thread 2772] [0.0] [cxt 0] Deparsing header 'ethernet'
[06:40:42.131] [bmv2] [D] [thread 2772] [0.0] [cxt 0] Deparser 'deparser': end
[06:40:42.132] [bmv2] [D] [thread 2776] [0.0] [cxt 0] Transmitting packet of size 78 out of port 0
[06:40:42.150] [bmv2] [D] [thread 2771] [1.0] [cxt 0] Processing packet received on port 2
[06:40:42.150] [bmv2] [D] [thread 2771] [1.0] [cxt 0] Parser 'parser': start
[06:40:42.150] [bmv2] [D] [thread 2771] [1.0] [cxt 0] Parser 'parser' entering state 'start'
[06:40:42.150] [bmv2] [D] [thread 2771] [1.0] [cxt 0] Extracting header 'ethernet'
[06:40:42.150] [bmv2] [D] [thread 2771] [1.0] [cxt 0] Parser state 'start': key is 86dd
[06:40:42.150] [bmv2] [T] [thread 2771] [1.0] [cxt 0] Bytes parsed: 14
[06:40:42.150] [bmv2] [D] [thread 2771] [1.0] [cxt 0] Parser 'parser': end
[06:40:42.150] [bmv2] [D] [thread 2771] [1.0] [cxt 0] Pipeline 'ingress': start
[06:40:42.150] [bmv2] [T] [thread 2771] [1.0] [cxt 0] Applying table 'MyIngress.pkt_forward'
[06:40:42.150] [bmv2] [D] [thread 2771] [1.0] [cxt 0] Looking up key:
* hdr.ipv4.dstAddr    : 00000000

[06:40:42.150] [bmv2] [D] [thread 2771] [1.0] [cxt 0] Table 'MyIngress.pkt_forward': miss
[06:40:42.150] [bmv2] [D] [thread 2771] [1.0] [cxt 0] Action entry is NoAction - 
[06:40:42.150] [bmv2] [T] [thread 2771] [1.0] [cxt 0] Action NoAction
[06:40:42.150] [bmv2] [D] [thread 2771] [1.0] [cxt 0] Pipeline 'ingress': end
[06:40:42.150] [bmv2] [D] [thread 2771] [1.0] [cxt 0] Egress port is 0
[06:40:42.151] [bmv2] [D] [thread 2772] [1.0] [cxt 0] Pipeline 'egress': start
[06:40:42.151] [bmv2] [D] [thread 2772] [1.0] [cxt 0] Pipeline 'egress': end
[06:40:42.151] [bmv2] [D] [thread 2772] [1.0] [cxt 0] Deparser 'deparser': start
[06:40:42.151] [bmv2] [D] [thread 2772] [1.0] [cxt 0] Deparsing header 'ethernet'
[06:40:42.151] [bmv2] [D] [thread 2772] [1.0] [cxt 0] Deparser 'deparser': end
[06:40:42.151] [bmv2] [D] [thread 2776] [1.0] [cxt 0] Transmitting packet of size 90 out of port 0
[06:40:42.264] [bmv2] [D] [thread 2771] [2.0] [cxt 0] Processing packet received on port 3
[06:40:42.264] [bmv2] [D] [thread 2771] [2.0] [cxt 0] Parser 'parser': start
[06:40:42.264] [bmv2] [D] [thread 2771] [2.0] [cxt 0] Parser 'parser' entering state 'start'
[06:40:42.264] [bmv2] [D] [thread 2771] [2.0] [cxt 0] Extracting header 'ethernet'
[06:40:42.264] [bmv2] [D] [thread 2771] [2.0] [cxt 0] Parser state 'start': key is 86dd
[06:40:42.264] [bmv2] [T] [thread 2771] [2.0] [cxt 0] Bytes parsed: 14
[06:40:42.264] [bmv2] [D] [thread 2771] [2.0] [cxt 0] Parser 'parser': end
[06:40:42.264] [bmv2] [D] [thread 2771] [2.0] [cxt 0] Pipeline 'ingress': start
[06:40:42.264] [bmv2] [T] [thread 2771] [2.0] [cxt 0] Applying table 'MyIngress.pkt_forward'
[06:40:42.264] [bmv2] [D] [thread 2771] [2.0] [cxt 0] Looking up key:
* hdr.ipv4.dstAddr    : 00000000

[06:40:42.264] [bmv2] [D] [thread 2771] [2.0] [cxt 0] Table 'MyIngress.pkt_forward': miss
[06:40:42.264] [bmv2] [D] [thread 2771] [2.0] [cxt 0] Action entry is NoAction - 
[06:40:42.264] [bmv2] [T] [thread 2771] [2.0] [cxt 0] Action NoAction
[06:40:42.264] [bmv2] [D] [thread 2771] [2.0] [cxt 0] Pipeline 'ingress': end
[06:40:42.264] [bmv2] [D] [thread 2771] [2.0] [cxt 0] Egress port is 0
[06:40:42.264] [bmv2] [D] [thread 2772] [2.0] [cxt 0] Pipeline 'egress': start
[06:40:42.264] [bmv2] [D] [thread 2772] [2.0] [cxt 0] Pipeline 'egress': end
[06:40:42.264] [bmv2] [D] [thread 2772] [2.0] [cxt 0] Deparser 'deparser': start
[06:40:42.264] [bmv2] [D] [thread 2772] [2.0] [cxt 0] Deparsing header 'ethernet'
[06:40:42.264] [bmv2] [D] [thread 2772] [2.0] [cxt 0] Deparser 'deparser': end
[06:40:42.265] [bmv2] [D] [thread 2776] [2.0] [cxt 0] Transmitting packet of size 78 out of port 0
[06:40:42.266] [bmv2] [D] [thread 2771] [3.0] [cxt 0] Processing packet received on port 3
[06:40:42.266] [bmv2] [D] [thread 2771] [3.0] [cxt 0] Parser 'parser': start
[06:40:42.266] [bmv2] [D] [thread 2771] [3.0] [cxt 0] Parser 'parser' entering state 'start'
[06:40:42.266] [bmv2] [D] [thread 2771] [3.0] [cxt 0] Extracting header 'ethernet'
[06:40:42.266] [bmv2] [D] [thread 2771] [3.0] [cxt 0] Parser state 'start': key is 86dd
[06:40:42.266] [bmv2] [T] [thread 2771] [3.0] [cxt 0] Bytes parsed: 14
[06:40:42.266] [bmv2] [D] [thread 2771] [3.0] [cxt 0] Parser 'parser': end
[06:40:42.266] [bmv2] [D] [thread 2771] [3.0] [cxt 0] Pipeline 'ingress': start
[06:40:42.266] [bmv2] [T] [thread 2771] [3.0] [cxt 0] Applying table 'MyIngress.pkt_forward'
[06:40:42.266] [bmv2] [D] [thread 2771] [3.0] [cxt 0] Looking up key:
* hdr.ipv4.dstAddr    : 00000000

[06:40:42.266] [bmv2] [D] [thread 2771] [3.0] [cxt 0] Table 'MyIngress.pkt_forward': miss
[06:40:42.266] [bmv2] [D] [thread 2771] [3.0] [cxt 0] Action entry is NoAction - 
[06:40:42.266] [bmv2] [T] [thread 2771] [3.0] [cxt 0] Action NoAction
[06:40:42.266] [bmv2] [D] [thread 2771] [3.0] [cxt 0] Pipeline 'ingress': end
[06:40:42.266] [bmv2] [D] [thread 2771] [3.0] [cxt 0] Egress port is 0
[06:40:42.266] [bmv2] [D] [thread 2772] [3.0] [cxt 0] Pipeline 'egress': start
[06:40:42.266] [bmv2] [D] [thread 2772] [3.0] [cxt 0] Pipeline 'egress': end
[06:40:42.266] [bmv2] [D] [thread 2772] [3.0] [cxt 0] Deparser 'deparser': start
[06:40:42.266] [bmv2] [D] [thread 2772] [3.0] [cxt 0] Deparsing header 'ethernet'
[06:40:42.266] [bmv2] [D] [thread 2772] [3.0] [cxt 0] Deparser 'deparser': end
[06:40:42.266] [bmv2] [D] [thread 2776] [3.0] [cxt 0] Transmitting packet of size 90 out of port 0
[06:40:42.432] [bmv2] [D] [thread 2771] [4.0] [cxt 0] Processing packet received on port 2
[06:40:42.432] [bmv2] [D] [thread 2771] [4.0] [cxt 0] Parser 'parser': start
[06:40:42.432] [bmv2] [D] [thread 2771] [4.0] [cxt 0] Parser 'parser' entering state 'start'
[06:40:42.432] [bmv2] [D] [thread 2771] [4.0] [cxt 0] Extracting header 'ethernet'
[06:40:42.432] [bmv2] [D] [thread 2771] [4.0] [cxt 0] Parser state 'start': key is 86dd
[06:40:42.432] [bmv2] [T] [thread 2771] [4.0] [cxt 0] Bytes parsed: 14
[06:40:42.432] [bmv2] [D] [thread 2771] [4.0] [cxt 0] Parser 'parser': end
[06:40:42.432] [bmv2] [D] [thread 2771] [4.0] [cxt 0] Pipeline 'ingress': start
[06:40:42.432] [bmv2] [T] [thread 2771] [4.0] [cxt 0] Applying table 'MyIngress.pkt_forward'
[06:40:42.432] [bmv2] [D] [thread 2771] [4.0] [cxt 0] Looking up key:
* hdr.ipv4.dstAddr    : 00000000

[06:40:42.432] [bmv2] [D] [thread 2771] [4.0] [cxt 0] Table 'MyIngress.pkt_forward': miss
[06:40:42.432] [bmv2] [D] [thread 2771] [4.0] [cxt 0] Action entry is NoAction - 
[06:40:42.432] [bmv2] [T] [thread 2771] [4.0] [cxt 0] Action NoAction
[06:40:42.432] [bmv2] [D] [thread 2771] [4.0] [cxt 0] Pipeline 'ingress': end
[06:40:42.432] [bmv2] [D] [thread 2771] [4.0] [cxt 0] Egress port is 0
[06:40:42.432] [bmv2] [D] [thread 2772] [4.0] [cxt 0] Pipeline 'egress': start
[06:40:42.432] [bmv2] [D] [thread 2772] [4.0] [cxt 0] Pipeline 'egress': end
[06:40:42.432] [bmv2] [D] [thread 2772] [4.0] [cxt 0] Deparser 'deparser': start
[06:40:42.432] [bmv2] [D] [thread 2772] [4.0] [cxt 0] Deparsing header 'ethernet'
[06:40:42.432] [bmv2] [D] [thread 2772] [4.0] [cxt 0] Deparser 'deparser': end
[06:40:42.432] [bmv2] [D] [thread 2776] [4.0] [cxt 0] Transmitting packet of size 78 out of port 0
[06:40:42.453] [bmv2] [D] [thread 2771] [5.0] [cxt 0] Processing packet received on port 4
[06:40:42.453] [bmv2] [D] [thread 2771] [5.0] [cxt 0] Parser 'parser': start
[06:40:42.453] [bmv2] [D] [thread 2771] [5.0] [cxt 0] Parser 'parser' entering state 'start'
[06:40:42.453] [bmv2] [D] [thread 2771] [5.0] [cxt 0] Extracting header 'ethernet'
[06:40:42.453] [bmv2] [D] [thread 2771] [5.0] [cxt 0] Parser state 'start': key is 86dd
[06:40:42.453] [bmv2] [T] [thread 2771] [5.0] [cxt 0] Bytes parsed: 14
[06:40:42.453] [bmv2] [D] [thread 2771] [5.0] [cxt 0] Parser 'parser': end
[06:40:42.453] [bmv2] [D] [thread 2771] [5.0] [cxt 0] Pipeline 'ingress': start
[06:40:42.453] [bmv2] [T] [thread 2771] [5.0] [cxt 0] Applying table 'MyIngress.pkt_forward'
[06:40:42.453] [bmv2] [D] [thread 2771] [5.0] [cxt 0] Looking up key:
* hdr.ipv4.dstAddr    : 00000000

[06:40:42.453] [bmv2] [D] [thread 2771] [5.0] [cxt 0] Table 'MyIngress.pkt_forward': miss
[06:40:42.453] [bmv2] [D] [thread 2771] [5.0] [cxt 0] Action entry is NoAction - 
[06:40:42.453] [bmv2] [T] [thread 2771] [5.0] [cxt 0] Action NoAction
[06:40:42.453] [bmv2] [D] [thread 2771] [5.0] [cxt 0] Pipeline 'ingress': end
[06:40:42.453] [bmv2] [D] [thread 2771] [5.0] [cxt 0] Egress port is 0
[06:40:42.453] [bmv2] [D] [thread 2772] [5.0] [cxt 0] Pipeline 'egress': start
[06:40:42.453] [bmv2] [D] [thread 2772] [5.0] [cxt 0] Pipeline 'egress': end
[06:40:42.453] [bmv2] [D] [thread 2772] [5.0] [cxt 0] Deparser 'deparser': start
[06:40:42.453] [bmv2] [D] [thread 2772] [5.0] [cxt 0] Deparsing header 'ethernet'
[06:40:42.453] [bmv2] [D] [thread 2772] [5.0] [cxt 0] Deparser 'deparser': end
[06:40:42.454] [bmv2] [D] [thread 2776] [5.0] [cxt 0] Transmitting packet of size 78 out of port 0
[06:40:42.539] [bmv2] [D] [thread 2771] [6.0] [cxt 0] Processing packet received on port 1
[06:40:42.539] [bmv2] [D] [thread 2771] [6.0] [cxt 0] Parser 'parser': start
[06:40:42.539] [bmv2] [D] [thread 2771] [6.0] [cxt 0] Parser 'parser' entering state 'start'
[06:40:42.539] [bmv2] [D] [thread 2771] [6.0] [cxt 0] Extracting header 'ethernet'
[06:40:42.539] [bmv2] [D] [thread 2771] [6.0] [cxt 0] Parser state 'start': key is 86dd
[06:40:42.539] [bmv2] [T] [thread 2771] [6.0] [cxt 0] Bytes parsed: 14
[06:40:42.539] [bmv2] [D] [thread 2771] [6.0] [cxt 0] Parser 'parser': end
[06:40:42.539] [bmv2] [D] [thread 2771] [6.0] [cxt 0] Pipeline 'ingress': start
[06:40:42.539] [bmv2] [T] [thread 2771] [6.0] [cxt 0] Applying table 'MyIngress.pkt_forward'
[06:40:42.539] [bmv2] [D] [thread 2771] [6.0] [cxt 0] Looking up key:
* hdr.ipv4.dstAddr    : 00000000

[06:40:42.539] [bmv2] [D] [thread 2771] [6.0] [cxt 0] Table 'MyIngress.pkt_forward': miss
[06:40:42.539] [bmv2] [D] [thread 2771] [6.0] [cxt 0] Action entry is NoAction - 
[06:40:42.539] [bmv2] [T] [thread 2771] [6.0] [cxt 0] Action NoAction
[06:40:42.539] [bmv2] [D] [thread 2771] [6.0] [cxt 0] Pipeline 'ingress': end
[06:40:42.539] [bmv2] [D] [thread 2771] [6.0] [cxt 0] Egress port is 0
[06:40:42.539] [bmv2] [D] [thread 2771] [7.0] [cxt 0] Processing packet received on port 4
[06:40:42.539] [bmv2] [D] [thread 2771] [7.0] [cxt 0] Parser 'parser': start
[06:40:42.539] [bmv2] [D] [thread 2771] [7.0] [cxt 0] Parser 'parser' entering state 'start'
[06:40:42.539] [bmv2] [D] [thread 2771] [7.0] [cxt 0] Extracting header 'ethernet'
[06:40:42.539] [bmv2] [D] [thread 2771] [7.0] [cxt 0] Parser state 'start': key is 86dd
[06:40:42.539] [bmv2] [T] [thread 2771] [7.0] [cxt 0] Bytes parsed: 14
[06:40:42.539] [bmv2] [D] [thread 2771] [7.0] [cxt 0] Parser 'parser': end
[06:40:42.539] [bmv2] [D] [thread 2771] [7.0] [cxt 0] Pipeline 'ingress': start
[06:40:42.539] [bmv2] [T] [thread 2771] [7.0] [cxt 0] Applying table 'MyIngress.pkt_forward'
[06:40:42.539] [bmv2] [D] [thread 2771] [7.0] [cxt 0] Looking up key:
* hdr.ipv4.dstAddr    : 00000000

[06:40:42.539] [bmv2] [D] [thread 2771] [7.0] [cxt 0] Table 'MyIngress.pkt_forward': miss
[06:40:42.539] [bmv2] [D] [thread 2771] [7.0] [cxt 0] Action entry is NoAction - 
[06:40:42.539] [bmv2] [T] [thread 2771] [7.0] [cxt 0] Action NoAction
[06:40:42.539] [bmv2] [D] [thread 2771] [7.0] [cxt 0] Pipeline 'ingress': end
[06:40:42.539] [bmv2] [D] [thread 2771] [7.0] [cxt 0] Egress port is 0
[06:40:42.539] [bmv2] [D] [thread 2772] [6.0] [cxt 0] Pipeline 'egress': start
[06:40:42.539] [bmv2] [D] [thread 2772] [6.0] [cxt 0] Pipeline 'egress': end
[06:40:42.539] [bmv2] [D] [thread 2772] [6.0] [cxt 0] Deparser 'deparser': start
[06:40:42.539] [bmv2] [D] [thread 2772] [6.0] [cxt 0] Deparsing header 'ethernet'
[06:40:42.539] [bmv2] [D] [thread 2772] [6.0] [cxt 0] Deparser 'deparser': end
[06:40:42.540] [bmv2] [D] [thread 2772] [7.0] [cxt 0] Pipeline 'egress': start
[06:40:42.540] [bmv2] [D] [thread 2772] [7.0] [cxt 0] Pipeline 'egress': end
[06:40:42.540] [bmv2] [D] [thread 2772] [7.0] [cxt 0] Deparser 'deparser': start
[06:40:42.540] [bmv2] [D] [thread 2772] [7.0] [cxt 0] Deparsing header 'ethernet'
[06:40:42.540] [bmv2] [D] [thread 2772] [7.0] [cxt 0] Deparser 'deparser': end
[06:40:42.540] [bmv2] [D] [thread 2776] [6.0] [cxt 0] Transmitting packet of size 90 out of port 0
[06:40:42.540] [bmv2] [D] [thread 2776] [7.0] [cxt 0] Transmitting packet of size 90 out of port 0
[06:40:42.582] [bmv2] [D] [thread 2771] [8.0] [cxt 0] Processing packet received on port 4
[06:40:42.582] [bmv2] [D] [thread 2771] [8.0] [cxt 0] Parser 'parser': start
[06:40:42.582] [bmv2] [D] [thread 2771] [8.0] [cxt 0] Parser 'parser' entering state 'start'
[06:40:42.582] [bmv2] [D] [thread 2771] [8.0] [cxt 0] Extracting header 'ethernet'
[06:40:42.582] [bmv2] [D] [thread 2771] [8.0] [cxt 0] Parser state 'start': key is 86dd
[06:40:42.582] [bmv2] [T] [thread 2771] [8.0] [cxt 0] Bytes parsed: 14
[06:40:42.582] [bmv2] [D] [thread 2771] [8.0] [cxt 0] Parser 'parser': end
[06:40:42.582] [bmv2] [D] [thread 2771] [8.0] [cxt 0] Pipeline 'ingress': start
[06:40:42.582] [bmv2] [T] [thread 2771] [8.0] [cxt 0] Applying table 'MyIngress.pkt_forward'
[06:40:42.582] [bmv2] [D] [thread 2771] [8.0] [cxt 0] Looking up key:
* hdr.ipv4.dstAddr    : 00000000

[06:40:42.582] [bmv2] [D] [thread 2771] [8.0] [cxt 0] Table 'MyIngress.pkt_forward': miss
[06:40:42.582] [bmv2] [D] [thread 2771] [8.0] [cxt 0] Action entry is NoAction - 
[06:40:42.582] [bmv2] [T] [thread 2771] [8.0] [cxt 0] Action NoAction
[06:40:42.582] [bmv2] [D] [thread 2771] [8.0] [cxt 0] Pipeline 'ingress': end
[06:40:42.582] [bmv2] [D] [thread 2771] [8.0] [cxt 0] Egress port is 0
[06:40:42.582] [bmv2] [D] [thread 2772] [8.0] [cxt 0] Pipeline 'egress': start
[06:40:42.582] [bmv2] [D] [thread 2772] [8.0] [cxt 0] Pipeline 'egress': end
[06:40:42.582] [bmv2] [D] [thread 2772] [8.0] [cxt 0] Deparser 'deparser': start
[06:40:42.582] [bmv2] [D] [thread 2772] [8.0] [cxt 0] Deparsing header 'ethernet'
[06:40:42.582] [bmv2] [D] [thread 2772] [8.0] [cxt 0] Deparser 'deparser': end
[06:40:42.582] [bmv2] [D] [thread 2776] [8.0] [cxt 0] Transmitting packet of size 90 out of port 0
[06:40:42.708] [bmv2] [D] [thread 2771] [9.0] [cxt 0] Processing packet received on port 1
[06:40:42.708] [bmv2] [D] [thread 2771] [9.0] [cxt 0] Parser 'parser': start
[06:40:42.708] [bmv2] [D] [thread 2771] [9.0] [cxt 0] Parser 'parser' entering state 'start'
[06:40:42.708] [bmv2] [D] [thread 2771] [9.0] [cxt 0] Extracting header 'ethernet'
[06:40:42.708] [bmv2] [D] [thread 2771] [9.0] [cxt 0] Parser state 'start': key is 86dd
[06:40:42.708] [bmv2] [T] [thread 2771] [9.0] [cxt 0] Bytes parsed: 14
[06:40:42.708] [bmv2] [D] [thread 2771] [9.0] [cxt 0] Parser 'parser': end
[06:40:42.708] [bmv2] [D] [thread 2771] [9.0] [cxt 0] Pipeline 'ingress': start
[06:40:42.708] [bmv2] [T] [thread 2771] [9.0] [cxt 0] Applying table 'MyIngress.pkt_forward'
[06:40:42.708] [bmv2] [D] [thread 2771] [9.0] [cxt 0] Looking up key:
* hdr.ipv4.dstAddr    : 00000000

[06:40:42.708] [bmv2] [D] [thread 2771] [9.0] [cxt 0] Table 'MyIngress.pkt_forward': miss
[06:40:42.708] [bmv2] [D] [thread 2771] [9.0] [cxt 0] Action entry is NoAction - 
[06:40:42.708] [bmv2] [T] [thread 2771] [9.0] [cxt 0] Action NoAction
[06:40:42.708] [bmv2] [D] [thread 2771] [9.0] [cxt 0] Pipeline 'ingress': end
[06:40:42.708] [bmv2] [D] [thread 2771] [9.0] [cxt 0] Egress port is 0
[06:40:42.708] [bmv2] [D] [thread 2771] [10.0] [cxt 0] Processing packet received on port 1
[06:40:42.708] [bmv2] [D] [thread 2771] [10.0] [cxt 0] Parser 'parser': start
[06:40:42.708] [bmv2] [D] [thread 2771] [10.0] [cxt 0] Parser 'parser' entering state 'start'
[06:40:42.708] [bmv2] [D] [thread 2771] [10.0] [cxt 0] Extracting header 'ethernet'
[06:40:42.708] [bmv2] [D] [thread 2771] [10.0] [cxt 0] Parser state 'start': key is 86dd
[06:40:42.708] [bmv2] [T] [thread 2771] [10.0] [cxt 0] Bytes parsed: 14
[06:40:42.708] [bmv2] [D] [thread 2771] [10.0] [cxt 0] Parser 'parser': end
[06:40:42.708] [bmv2] [D] [thread 2771] [10.0] [cxt 0] Pipeline 'ingress': start
[06:40:42.708] [bmv2] [T] [thread 2771] [10.0] [cxt 0] Applying table 'MyIngress.pkt_forward'
[06:40:42.708] [bmv2] [D] [thread 2771] [10.0] [cxt 0] Looking up key:
* hdr.ipv4.dstAddr    : 00000000

[06:40:42.708] [bmv2] [D] [thread 2771] [10.0] [cxt 0] Table 'MyIngress.pkt_forward': miss
[06:40:42.708] [bmv2] [D] [thread 2771] [10.0] [cxt 0] Action entry is NoAction - 
[06:40:42.708] [bmv2] [T] [thread 2771] [10.0] [cxt 0] Action NoAction
[06:40:42.708] [bmv2] [D] [thread 2771] [10.0] [cxt 0] Pipeline 'ingress': end
[06:40:42.708] [bmv2] [D] [thread 2771] [10.0] [cxt 0] Egress port is 0
[06:40:42.708] [bmv2] [D] [thread 2772] [9.0] [cxt 0] Pipeline 'egress': start
[06:40:42.708] [bmv2] [D] [thread 2772] [9.0] [cxt 0] Pipeline 'egress': end
[06:40:42.708] [bmv2] [D] [thread 2772] [9.0] [cxt 0] Deparser 'deparser': start
[06:40:42.708] [bmv2] [D] [thread 2772] [9.0] [cxt 0] Deparsing header 'ethernet'
[06:40:42.708] [bmv2] [D] [thread 2772] [9.0] [cxt 0] Deparser 'deparser': end
[06:40:42.708] [bmv2] [D] [thread 2772] [10.0] [cxt 0] Pipeline 'egress': start
[06:40:42.708] [bmv2] [D] [thread 2772] [10.0] [cxt 0] Pipeline 'egress': end
[06:40:42.708] [bmv2] [D] [thread 2772] [10.0] [cxt 0] Deparser 'deparser': start
[06:40:42.709] [bmv2] [D] [thread 2772] [10.0] [cxt 0] Deparsing header 'ethernet'
[06:40:42.709] [bmv2] [D] [thread 2772] [10.0] [cxt 0] Deparser 'deparser': end
[06:40:42.709] [bmv2] [D] [thread 2776] [9.0] [cxt 0] Transmitting packet of size 90 out of port 0
[06:40:42.709] [bmv2] [D] [thread 2776] [10.0] [cxt 0] Transmitting packet of size 70 out of port 0
[06:40:44.022] [bmv2] [T] [thread 2850] bm_get_config
[06:40:44.025] [bmv2] [T] [thread 2850] bm_table_add_entry
[06:40:44.026] [bmv2] [D] [thread 2850] Entry 0 added to table 'MyIngress.pkt_forward'
[06:40:44.026] [bmv2] [D] [thread 2850] Dumping entry 0
Match key:
* hdr.ipv4.dstAddr    : EXACT     0a000101
Action entry: MyIngress.ipv4_forward - a000101,1,

[06:40:44.026] [bmv2] [T] [thread 2850] bm_table_add_entry
[06:40:44.026] [bmv2] [D] [thread 2850] Entry 1 added to table 'MyIngress.pkt_forward'
[06:40:44.026] [bmv2] [D] [thread 2850] Dumping entry 1
Match key:
* hdr.ipv4.dstAddr    : EXACT     0a000102
Action entry: MyIngress.ipv4_forward - a000102,2,

[06:40:44.027] [bmv2] [T] [thread 2850] bm_table_add_entry
[06:40:44.027] [bmv2] [D] [thread 2850] Entry 2 added to table 'MyIngress.pkt_forward'
[06:40:44.027] [bmv2] [D] [thread 2850] Dumping entry 2
Match key:
* hdr.ipv4.dstAddr    : EXACT     0a000103
Action entry: MyIngress.ipv4_forward - a000103,3,

