Warning: you requested the nanomsg event logger, but bmv2 was compiled without -DBMELOG, and the event logger cannot be activated
Calling target program-options parser
[12:37:26.672] [bmv2] [D] [thread 5121] Set default default entry for table 'MyIngress.pkt_forward': NoAction - 
[12:37:26.673] [bmv2] [D] [thread 5121] Set default default entry for table 'tbl_get_flowId': MyIngress.get_flowId - 
[12:37:26.673] [bmv2] [D] [thread 5121] Set default default entry for table 'tbl_basic213': basic213 - 
[12:37:26.673] [bmv2] [D] [thread 5121] Set default default entry for table 'tbl_basic215': basic215 - 
[12:37:26.673] [bmv2] [D] [thread 5121] Set default default entry for table 'tbl_basic221': basic221 - 
[12:37:26.673] [bmv2] [D] [thread 5121] Set default default entry for table 'tbl_basic225': basic225 - 
[12:37:26.673] [bmv2] [D] [thread 5121] Set default default entry for table 'tbl_basic230': basic230 - 
[12:37:26.673] [bmv2] [D] [thread 5121] Set default default entry for table 'tbl_basic235': basic235 - 
[12:37:26.673] [bmv2] [D] [thread 5121] Set default default entry for table 'tbl_basic242': basic242 - 
[12:37:26.673] [bmv2] [D] [thread 5121] Set default default entry for table 'tbl_basic249': basic249 - 
Adding interface s1-eth1 as port 1
[12:37:26.675] [bmv2] [D] [thread 5121] Adding interface s1-eth1 as port 1
Adding interface s1-eth2 as port 2
[12:37:26.735] [bmv2] [D] [thread 5121] Adding interface s1-eth2 as port 2
Adding interface s1-eth3 as port 3
[12:37:26.784] [bmv2] [D] [thread 5121] Adding interface s1-eth3 as port 3
Adding interface s1-cpu-eth0 as port 4
[12:37:26.845] [bmv2] [D] [thread 5121] Adding interface s1-cpu-eth0 as port 4
[12:37:26.900] [bmv2] [I] [thread 5121] Starting Thrift server on port 9090
[12:37:26.902] [bmv2] [I] [thread 5121] Thrift server was started
[12:37:26.903] [bmv2] [D] [thread 5127] [0.0] [cxt 0] Processing packet received on port 2
[12:37:26.904] [bmv2] [D] [thread 5127] [0.0] [cxt 0] Parser 'parser': start
[12:37:26.904] [bmv2] [D] [thread 5127] [0.0] [cxt 0] Parser 'parser' entering state 'start'
[12:37:26.904] [bmv2] [D] [thread 5127] [0.0] [cxt 0] Extracting header 'ethernet'
[12:37:26.904] [bmv2] [D] [thread 5127] [0.0] [cxt 0] Parser state 'start': key is 86dd
[12:37:26.904] [bmv2] [T] [thread 5127] [0.0] [cxt 0] Bytes parsed: 14
[12:37:26.904] [bmv2] [T] [thread 5127] [0.0] [cxt 0] Skipping checksum 'cksum_0' verification because target field invalid
[12:37:26.904] [bmv2] [D] [thread 5127] [0.0] [cxt 0] Parser 'parser': end
[12:37:26.904] [bmv2] [D] [thread 5127] [0.0] [cxt 0] Pipeline 'ingress': start
[12:37:26.904] [bmv2] [T] [thread 5127] [0.0] [cxt 0] Applying table 'MyIngress.pkt_forward'
[12:37:26.904] [bmv2] [D] [thread 5127] [0.0] [cxt 0] Looking up key:
* hdr.ipv4.dstAddr    : 00000000

[12:37:26.904] [bmv2] [D] [thread 5127] [0.0] [cxt 0] Table 'MyIngress.pkt_forward': miss
[12:37:26.904] [bmv2] [D] [thread 5127] [0.0] [cxt 0] Action entry is NoAction - 
[12:37:26.904] [bmv2] [T] [thread 5127] [0.0] [cxt 0] Action NoAction
[12:37:26.904] [bmv2] [T] [thread 5127] [0.0] [cxt 0] Applying table 'tbl_get_flowId'
[12:37:26.904] [bmv2] [D] [thread 5127] [0.0] [cxt 0] Looking up key:

[12:37:26.904] [bmv2] [D] [thread 5127] [0.0] [cxt 0] Table 'tbl_get_flowId': miss
[12:37:26.904] [bmv2] [D] [thread 5127] [0.0] [cxt 0] Action entry is MyIngress.get_flowId - 
[12:37:26.904] [bmv2] [T] [thread 5127] [0.0] [cxt 0] Action MyIngress.get_flowId
[12:37:26.904] [bmv2] [T] [thread 5127] [0.0] [cxt 0] basic.p4(183) Primitive hash(flowId, HashAlgorithm.crc32, 32w0, {hdr.ipv4.srcAddr,hdr.ipv4.dstAddr, meta.l4_ports.src_port, meta.l4_ports.dst_port, hdr.ipv4.protocol}, maxFlows)
[12:37:26.904] [bmv2] [T] [thread 5127] [0.0] [cxt 0] hash(base=0, max=10) = 2
[12:37:26.904] [bmv2] [T] [thread 5127] [0.0] [cxt 0] Applying table 'tbl_basic213'
[12:37:26.904] [bmv2] [D] [thread 5127] [0.0] [cxt 0] Looking up key:

[12:37:26.904] [bmv2] [D] [thread 5127] [0.0] [cxt 0] Table 'tbl_basic213': miss
[12:37:26.904] [bmv2] [D] [thread 5127] [0.0] [cxt 0] Action entry is basic213 - 
[12:37:26.904] [bmv2] [T] [thread 5127] [0.0] [cxt 0] Action basic213
[12:37:26.904] [bmv2] [T] [thread 5127] [0.0] [cxt 0] basic.p4(213) Primitive isSeen.read(_isSeen, flowId)
[12:37:26.904] [bmv2] [T] [thread 5127] [0.0] [cxt 0] Read register 'MyIngress.isSeen' at index 2 read value 0
[12:37:26.904] [bmv2] [T] [thread 5127] [0.0] [cxt 0] basic.p4(214) Condition "_isSeen==0" (node_5) is true
[12:37:26.904] [bmv2] [T] [thread 5127] [0.0] [cxt 0] Applying table 'tbl_basic215'
[12:37:26.904] [bmv2] [D] [thread 5127] [0.0] [cxt 0] Looking up key:

[12:37:26.904] [bmv2] [D] [thread 5127] [0.0] [cxt 0] Table 'tbl_basic215': miss
[12:37:26.904] [bmv2] [D] [thread 5127] [0.0] [cxt 0] Action entry is basic215 - 
[12:37:26.904] [bmv2] [T] [thread 5127] [0.0] [cxt 0] Action basic215
[12:37:26.904] [bmv2] [T] [thread 5127] [0.0] [cxt 0] basic.p4(215) Primitive startTime.write(flowId, standard_metadata.ingress_global_timestamp)
[12:37:26.904] [bmv2] [T] [thread 5127] [0.0] [cxt 0] Wrote register 'MyIngress.startTime' at index 2 with value 238161
[12:37:26.904] [bmv2] [T] [thread 5127] [0.0] [cxt 0] basic.p4(216) Primitive isSeen.write(flowId,1)
[12:37:26.904] [bmv2] [T] [thread 5127] [0.0] [cxt 0] Wrote register 'MyIngress.isSeen' at index 2 with value 1
[12:37:26.904] [bmv2] [T] [thread 5127] [0.0] [cxt 0] Applying table 'tbl_basic221'
[12:37:26.904] [bmv2] [D] [thread 5127] [0.0] [cxt 0] Looking up key:

[12:37:26.904] [bmv2] [D] [thread 5127] [0.0] [cxt 0] Table 'tbl_basic221': miss
[12:37:26.904] [bmv2] [D] [thread 5127] [0.0] [cxt 0] Action entry is basic221 - 
[12:37:26.904] [bmv2] [T] [thread 5127] [0.0] [cxt 0] Action basic221
[12:37:26.904] [bmv2] [T] [thread 5127] [0.0] [cxt 0] basic.p4(221) Primitive startTime.read(_startTime, flowId)
[12:37:26.904] [bmv2] [T] [thread 5127] [0.0] [cxt 0] Read register 'MyIngress.startTime' at index 2 read value 238161
[12:37:26.904] [bmv2] [T] [thread 5127] [0.0] [cxt 0] basic.p4(222) Condition "standard_metadata.ingress_global_timestamp - _startTime>=flow_level_window" (node_8) is false
[12:37:26.904] [bmv2] [T] [thread 5127] [0.0] [cxt 0] Applying table 'tbl_basic249'
[12:37:26.904] [bmv2] [D] [thread 5127] [0.0] [cxt 0] Looking up key:

[12:37:26.904] [bmv2] [D] [thread 5127] [0.0] [cxt 0] Table 'tbl_basic249': miss
[12:37:26.904] [bmv2] [D] [thread 5127] [0.0] [cxt 0] Action entry is basic249 - 
[12:37:26.904] [bmv2] [T] [thread 5127] [0.0] [cxt 0] Action basic249
[12:37:26.904] [bmv2] [T] [thread 5127] [0.0] [cxt 0] basic.p4(249) Primitive (bit<32>)standard_metadata.ingress_port
[12:37:26.904] [bmv2] [T] [thread 5127] [0.0] [cxt 0] basic.p4(249) Primitive linkLoad.read(link_load,(bit<32>)standard_metadata.ingress_port)
[12:37:26.904] [bmv2] [T] [thread 5127] [0.0] [cxt 0] Read register 'MyIngress.linkLoad' at index 2 read value 0
[12:37:26.904] [bmv2] [T] [thread 5127] [0.0] [cxt 0] basic.p4(250) Primitive (bit<32>)standard_metadata.ingress_port
[12:37:26.904] [bmv2] [T] [thread 5127] [0.0] [cxt 0] basic.p4(250) Primitive link_load+standard_metadata.packet_length
[12:37:26.904] [bmv2] [T] [thread 5127] [0.0] [cxt 0] basic.p4(250) Primitive linkLoad.write((bit<32>)standard_metadata.ingress_port, link_load+standard_metadata.packet_length)
[12:37:26.904] [bmv2] [T] [thread 5127] [0.0] [cxt 0] Wrote register 'MyIngress.linkLoad' at index 2 with value 78
[12:37:26.904] [bmv2] [T] [thread 5127] [0.0] [cxt 0] basic.p4(253) Primitive bytesReceived.read(incomming,flowId)
[12:37:26.904] [bmv2] [T] [thread 5127] [0.0] [cxt 0] Read register 'MyIngress.bytesReceived' at index 2 read value 0
[12:37:26.904] [bmv2] [T] [thread 5127] [0.0] [cxt 0] basic.p4(254) Primitive incomming+standard_metadata.packet_length
[12:37:26.904] [bmv2] [T] [thread 5127] [0.0] [cxt 0] basic.p4(254) Primitive bytesReceived.write(flowId,incomming+standard_metadata.packet_length)
[12:37:26.904] [bmv2] [T] [thread 5127] [0.0] [cxt 0] Wrote register 'MyIngress.bytesReceived' at index 2 with value 78
[12:37:26.904] [bmv2] [D] [thread 5127] [0.0] [cxt 0] Pipeline 'ingress': end
[12:37:26.904] [bmv2] [D] [thread 5127] [0.0] [cxt 0] Egress port is 0
[12:37:26.904] [bmv2] [D] [thread 5128] [0.0] [cxt 0] Pipeline 'egress': start
[12:37:26.904] [bmv2] [D] [thread 5128] [0.0] [cxt 0] Pipeline 'egress': end
[12:37:26.904] [bmv2] [D] [thread 5128] [0.0] [cxt 0] Deparser 'deparser': start
[12:37:26.904] [bmv2] [T] [thread 5128] [0.0] [cxt 0] Skipping checksum 'cksum' update because condition not met
[12:37:26.904] [bmv2] [D] [thread 5128] [0.0] [cxt 0] Deparsing header 'ethernet'
[12:37:26.904] [bmv2] [D] [thread 5128] [0.0] [cxt 0] Deparser 'deparser': end
[12:37:26.904] [bmv2] [D] [thread 5132] [0.0] [cxt 0] Transmitting packet of size 78 out of port 0
[12:37:26.907] [bmv2] [D] [thread 5127] [1.0] [cxt 0] Processing packet received on port 2
[12:37:26.907] [bmv2] [D] [thread 5127] [1.0] [cxt 0] Parser 'parser': start
[12:37:26.907] [bmv2] [D] [thread 5127] [1.0] [cxt 0] Parser 'parser' entering state 'start'
[12:37:26.907] [bmv2] [D] [thread 5127] [1.0] [cxt 0] Extracting header 'ethernet'
[12:37:26.907] [bmv2] [D] [thread 5127] [1.0] [cxt 0] Parser state 'start': key is 86dd
[12:37:26.907] [bmv2] [T] [thread 5127] [1.0] [cxt 0] Bytes parsed: 14
[12:37:26.907] [bmv2] [T] [thread 5127] [1.0] [cxt 0] Skipping checksum 'cksum_0' verification because target field invalid
[12:37:26.907] [bmv2] [D] [thread 5127] [1.0] [cxt 0] Parser 'parser': end
[12:37:26.907] [bmv2] [D] [thread 5127] [1.0] [cxt 0] Pipeline 'ingress': start
[12:37:26.907] [bmv2] [T] [thread 5127] [1.0] [cxt 0] Applying table 'MyIngress.pkt_forward'
[12:37:26.907] [bmv2] [D] [thread 5127] [1.0] [cxt 0] Looking up key:
* hdr.ipv4.dstAddr    : 00000000

[12:37:26.907] [bmv2] [D] [thread 5127] [1.0] [cxt 0] Table 'MyIngress.pkt_forward': miss
[12:37:26.907] [bmv2] [D] [thread 5127] [1.0] [cxt 0] Action entry is NoAction - 
[12:37:26.907] [bmv2] [T] [thread 5127] [1.0] [cxt 0] Action NoAction
[12:37:26.907] [bmv2] [T] [thread 5127] [1.0] [cxt 0] Applying table 'tbl_get_flowId'
[12:37:26.907] [bmv2] [D] [thread 5127] [1.0] [cxt 0] Looking up key:

[12:37:26.907] [bmv2] [D] [thread 5127] [1.0] [cxt 0] Table 'tbl_get_flowId': miss
[12:37:26.907] [bmv2] [D] [thread 5127] [1.0] [cxt 0] Action entry is MyIngress.get_flowId - 
[12:37:26.907] [bmv2] [T] [thread 5127] [1.0] [cxt 0] Action MyIngress.get_flowId
[12:37:26.907] [bmv2] [T] [thread 5127] [1.0] [cxt 0] basic.p4(183) Primitive hash(flowId, HashAlgorithm.crc32, 32w0, {hdr.ipv4.srcAddr,hdr.ipv4.dstAddr, meta.l4_ports.src_port, meta.l4_ports.dst_port, hdr.ipv4.protocol}, maxFlows)
[12:37:26.907] [bmv2] [T] [thread 5127] [1.0] [cxt 0] hash(base=0, max=10) = 2
[12:37:26.907] [bmv2] [T] [thread 5127] [1.0] [cxt 0] Applying table 'tbl_basic213'
[12:37:26.907] [bmv2] [D] [thread 5127] [1.0] [cxt 0] Looking up key:

[12:37:26.907] [bmv2] [D] [thread 5127] [1.0] [cxt 0] Table 'tbl_basic213': miss
[12:37:26.907] [bmv2] [D] [thread 5127] [1.0] [cxt 0] Action entry is basic213 - 
[12:37:26.907] [bmv2] [T] [thread 5127] [1.0] [cxt 0] Action basic213
[12:37:26.907] [bmv2] [T] [thread 5127] [1.0] [cxt 0] basic.p4(213) Primitive isSeen.read(_isSeen, flowId)
[12:37:26.907] [bmv2] [T] [thread 5127] [1.0] [cxt 0] Read register 'MyIngress.isSeen' at index 2 read value 1
[12:37:26.907] [bmv2] [T] [thread 5127] [1.0] [cxt 0] basic.p4(214) Condition "_isSeen==0" (node_5) is false
[12:37:26.907] [bmv2] [T] [thread 5127] [1.0] [cxt 0] Applying table 'tbl_basic221'
[12:37:26.907] [bmv2] [D] [thread 5127] [1.0] [cxt 0] Looking up key:

[12:37:26.907] [bmv2] [D] [thread 5127] [1.0] [cxt 0] Table 'tbl_basic221': miss
[12:37:26.907] [bmv2] [D] [thread 5127] [1.0] [cxt 0] Action entry is basic221 - 
[12:37:26.907] [bmv2] [T] [thread 5127] [1.0] [cxt 0] Action basic221
[12:37:26.907] [bmv2] [T] [thread 5127] [1.0] [cxt 0] basic.p4(221) Primitive startTime.read(_startTime, flowId)
[12:37:26.907] [bmv2] [T] [thread 5127] [1.0] [cxt 0] Read register 'MyIngress.startTime' at index 2 read value 238161
[12:37:26.907] [bmv2] [T] [thread 5127] [1.0] [cxt 0] basic.p4(222) Condition "standard_metadata.ingress_global_timestamp - _startTime>=flow_level_window" (node_8) is false
[12:37:26.907] [bmv2] [T] [thread 5127] [1.0] [cxt 0] Applying table 'tbl_basic249'
[12:37:26.907] [bmv2] [D] [thread 5127] [1.0] [cxt 0] Looking up key:

[12:37:26.907] [bmv2] [D] [thread 5127] [1.0] [cxt 0] Table 'tbl_basic249': miss
[12:37:26.907] [bmv2] [D] [thread 5127] [1.0] [cxt 0] Action entry is basic249 - 
[12:37:26.907] [bmv2] [T] [thread 5127] [1.0] [cxt 0] Action basic249
[12:37:26.907] [bmv2] [T] [thread 5127] [1.0] [cxt 0] basic.p4(249) Primitive (bit<32>)standard_metadata.ingress_port
[12:37:26.907] [bmv2] [T] [thread 5127] [1.0] [cxt 0] basic.p4(249) Primitive linkLoad.read(link_load,(bit<32>)standard_metadata.ingress_port)
[12:37:26.907] [bmv2] [T] [thread 5127] [1.0] [cxt 0] Read register 'MyIngress.linkLoad' at index 2 read value 78
[12:37:26.907] [bmv2] [T] [thread 5127] [1.0] [cxt 0] basic.p4(250) Primitive (bit<32>)standard_metadata.ingress_port
[12:37:26.907] [bmv2] [T] [thread 5127] [1.0] [cxt 0] basic.p4(250) Primitive link_load+standard_metadata.packet_length
[12:37:26.907] [bmv2] [T] [thread 5127] [1.0] [cxt 0] basic.p4(250) Primitive linkLoad.write((bit<32>)standard_metadata.ingress_port, link_load+standard_metadata.packet_length)
[12:37:26.907] [bmv2] [T] [thread 5127] [1.0] [cxt 0] Wrote register 'MyIngress.linkLoad' at index 2 with value 168
[12:37:26.907] [bmv2] [T] [thread 5127] [1.0] [cxt 0] basic.p4(253) Primitive bytesReceived.read(incomming,flowId)
[12:37:26.907] [bmv2] [T] [thread 5127] [1.0] [cxt 0] Read register 'MyIngress.bytesReceived' at index 2 read value 78
[12:37:26.907] [bmv2] [T] [thread 5127] [1.0] [cxt 0] basic.p4(254) Primitive incomming+standard_metadata.packet_length
[12:37:26.907] [bmv2] [T] [thread 5127] [1.0] [cxt 0] basic.p4(254) Primitive bytesReceived.write(flowId,incomming+standard_metadata.packet_length)
[12:37:26.907] [bmv2] [T] [thread 5127] [1.0] [cxt 0] Wrote register 'MyIngress.bytesReceived' at index 2 with value 168
[12:37:26.907] [bmv2] [D] [thread 5127] [1.0] [cxt 0] Pipeline 'ingress': end
[12:37:26.907] [bmv2] [D] [thread 5127] [1.0] [cxt 0] Egress port is 0
[12:37:26.907] [bmv2] [D] [thread 5128] [1.0] [cxt 0] Pipeline 'egress': start
[12:37:26.907] [bmv2] [D] [thread 5128] [1.0] [cxt 0] Pipeline 'egress': end
[12:37:26.907] [bmv2] [D] [thread 5128] [1.0] [cxt 0] Deparser 'deparser': start
[12:37:26.907] [bmv2] [T] [thread 5128] [1.0] [cxt 0] Skipping checksum 'cksum' update because condition not met
[12:37:26.907] [bmv2] [D] [thread 5128] [1.0] [cxt 0] Deparsing header 'ethernet'
[12:37:26.907] [bmv2] [D] [thread 5128] [1.0] [cxt 0] Deparser 'deparser': end
[12:37:26.907] [bmv2] [D] [thread 5132] [1.0] [cxt 0] Transmitting packet of size 90 out of port 0
[12:37:27.037] [bmv2] [D] [thread 5127] [2.0] [cxt 0] Processing packet received on port 1
[12:37:27.037] [bmv2] [D] [thread 5127] [2.0] [cxt 0] Parser 'parser': start
[12:37:27.037] [bmv2] [D] [thread 5127] [2.0] [cxt 0] Parser 'parser' entering state 'start'
[12:37:27.037] [bmv2] [D] [thread 5127] [2.0] [cxt 0] Extracting header 'ethernet'
[12:37:27.037] [bmv2] [D] [thread 5127] [2.0] [cxt 0] Parser state 'start': key is 86dd
[12:37:27.037] [bmv2] [T] [thread 5127] [2.0] [cxt 0] Bytes parsed: 14
[12:37:27.037] [bmv2] [T] [thread 5127] [2.0] [cxt 0] Skipping checksum 'cksum_0' verification because target field invalid
[12:37:27.037] [bmv2] [D] [thread 5127] [2.0] [cxt 0] Parser 'parser': end
[12:37:27.037] [bmv2] [D] [thread 5127] [2.0] [cxt 0] Pipeline 'ingress': start
[12:37:27.037] [bmv2] [T] [thread 5127] [2.0] [cxt 0] Applying table 'MyIngress.pkt_forward'
[12:37:27.037] [bmv2] [D] [thread 5127] [2.0] [cxt 0] Looking up key:
* hdr.ipv4.dstAddr    : 00000000

[12:37:27.037] [bmv2] [D] [thread 5127] [2.0] [cxt 0] Table 'MyIngress.pkt_forward': miss
[12:37:27.037] [bmv2] [D] [thread 5127] [2.0] [cxt 0] Action entry is NoAction - 
[12:37:27.037] [bmv2] [T] [thread 5127] [2.0] [cxt 0] Action NoAction
[12:37:27.037] [bmv2] [T] [thread 5127] [2.0] [cxt 0] Applying table 'tbl_get_flowId'
[12:37:27.037] [bmv2] [D] [thread 5127] [2.0] [cxt 0] Looking up key:

[12:37:27.037] [bmv2] [D] [thread 5127] [2.0] [cxt 0] Table 'tbl_get_flowId': miss
[12:37:27.037] [bmv2] [D] [thread 5127] [2.0] [cxt 0] Action entry is MyIngress.get_flowId - 
[12:37:27.037] [bmv2] [T] [thread 5127] [2.0] [cxt 0] Action MyIngress.get_flowId
[12:37:27.037] [bmv2] [T] [thread 5127] [2.0] [cxt 0] basic.p4(183) Primitive hash(flowId, HashAlgorithm.crc32, 32w0, {hdr.ipv4.srcAddr,hdr.ipv4.dstAddr, meta.l4_ports.src_port, meta.l4_ports.dst_port, hdr.ipv4.protocol}, maxFlows)
[12:37:27.037] [bmv2] [T] [thread 5127] [2.0] [cxt 0] hash(base=0, max=10) = 2
[12:37:27.037] [bmv2] [T] [thread 5127] [2.0] [cxt 0] Applying table 'tbl_basic213'
[12:37:27.037] [bmv2] [D] [thread 5127] [2.0] [cxt 0] Looking up key:

[12:37:27.037] [bmv2] [D] [thread 5127] [2.0] [cxt 0] Table 'tbl_basic213': miss
[12:37:27.037] [bmv2] [D] [thread 5127] [2.0] [cxt 0] Action entry is basic213 - 
[12:37:27.037] [bmv2] [T] [thread 5127] [2.0] [cxt 0] Action basic213
[12:37:27.037] [bmv2] [T] [thread 5127] [2.0] [cxt 0] basic.p4(213) Primitive isSeen.read(_isSeen, flowId)
[12:37:27.037] [bmv2] [T] [thread 5127] [2.0] [cxt 0] Read register 'MyIngress.isSeen' at index 2 read value 1
[12:37:27.037] [bmv2] [T] [thread 5127] [2.0] [cxt 0] basic.p4(214) Condition "_isSeen==0" (node_5) is false
[12:37:27.037] [bmv2] [T] [thread 5127] [2.0] [cxt 0] Applying table 'tbl_basic221'
[12:37:27.037] [bmv2] [D] [thread 5127] [2.0] [cxt 0] Looking up key:

[12:37:27.037] [bmv2] [D] [thread 5127] [2.0] [cxt 0] Table 'tbl_basic221': miss
[12:37:27.037] [bmv2] [D] [thread 5127] [2.0] [cxt 0] Action entry is basic221 - 
[12:37:27.037] [bmv2] [T] [thread 5127] [2.0] [cxt 0] Action basic221
[12:37:27.037] [bmv2] [T] [thread 5127] [2.0] [cxt 0] basic.p4(221) Primitive startTime.read(_startTime, flowId)
[12:37:27.037] [bmv2] [T] [thread 5127] [2.0] [cxt 0] Read register 'MyIngress.startTime' at index 2 read value 238161
[12:37:27.037] [bmv2] [T] [thread 5127] [2.0] [cxt 0] basic.p4(222) Condition "standard_metadata.ingress_global_timestamp - _startTime>=flow_level_window" (node_8) is false
[12:37:27.037] [bmv2] [T] [thread 5127] [2.0] [cxt 0] Applying table 'tbl_basic249'
[12:37:27.037] [bmv2] [D] [thread 5127] [2.0] [cxt 0] Looking up key:

[12:37:27.037] [bmv2] [D] [thread 5127] [2.0] [cxt 0] Table 'tbl_basic249': miss
[12:37:27.037] [bmv2] [D] [thread 5127] [2.0] [cxt 0] Action entry is basic249 - 
[12:37:27.037] [bmv2] [T] [thread 5127] [2.0] [cxt 0] Action basic249
[12:37:27.037] [bmv2] [T] [thread 5127] [2.0] [cxt 0] basic.p4(249) Primitive (bit<32>)standard_metadata.ingress_port
[12:37:27.037] [bmv2] [T] [thread 5127] [2.0] [cxt 0] basic.p4(249) Primitive linkLoad.read(link_load,(bit<32>)standard_metadata.ingress_port)
[12:37:27.037] [bmv2] [T] [thread 5127] [2.0] [cxt 0] Read register 'MyIngress.linkLoad' at index 1 read value 0
[12:37:27.037] [bmv2] [T] [thread 5127] [2.0] [cxt 0] basic.p4(250) Primitive (bit<32>)standard_metadata.ingress_port
[12:37:27.037] [bmv2] [T] [thread 5127] [2.0] [cxt 0] basic.p4(250) Primitive link_load+standard_metadata.packet_length
[12:37:27.037] [bmv2] [T] [thread 5127] [2.0] [cxt 0] basic.p4(250) Primitive linkLoad.write((bit<32>)standard_metadata.ingress_port, link_load+standard_metadata.packet_length)
[12:37:27.037] [bmv2] [T] [thread 5127] [2.0] [cxt 0] Wrote register 'MyIngress.linkLoad' at index 1 with value 90
[12:37:27.037] [bmv2] [T] [thread 5127] [2.0] [cxt 0] basic.p4(253) Primitive bytesReceived.read(incomming,flowId)
[12:37:27.037] [bmv2] [T] [thread 5127] [2.0] [cxt 0] Read register 'MyIngress.bytesReceived' at index 2 read value 168
[12:37:27.037] [bmv2] [T] [thread 5127] [2.0] [cxt 0] basic.p4(254) Primitive incomming+standard_metadata.packet_length
[12:37:27.037] [bmv2] [T] [thread 5127] [2.0] [cxt 0] basic.p4(254) Primitive bytesReceived.write(flowId,incomming+standard_metadata.packet_length)
[12:37:27.037] [bmv2] [T] [thread 5127] [2.0] [cxt 0] Wrote register 'MyIngress.bytesReceived' at index 2 with value 258
[12:37:27.037] [bmv2] [D] [thread 5127] [2.0] [cxt 0] Pipeline 'ingress': end
[12:37:27.037] [bmv2] [D] [thread 5127] [2.0] [cxt 0] Egress port is 0
[12:37:27.037] [bmv2] [D] [thread 5128] [2.0] [cxt 0] Pipeline 'egress': start
[12:37:27.037] [bmv2] [D] [thread 5128] [2.0] [cxt 0] Pipeline 'egress': end
[12:37:27.037] [bmv2] [D] [thread 5128] [2.0] [cxt 0] Deparser 'deparser': start
[12:37:27.037] [bmv2] [T] [thread 5128] [2.0] [cxt 0] Skipping checksum 'cksum' update because condition not met
[12:37:27.037] [bmv2] [D] [thread 5128] [2.0] [cxt 0] Deparsing header 'ethernet'
[12:37:27.037] [bmv2] [D] [thread 5128] [2.0] [cxt 0] Deparser 'deparser': end
[12:37:27.037] [bmv2] [D] [thread 5132] [2.0] [cxt 0] Transmitting packet of size 90 out of port 0
[12:37:27.143] [bmv2] [D] [thread 5127] [3.0] [cxt 0] Processing packet received on port 1
[12:37:27.143] [bmv2] [D] [thread 5127] [3.0] [cxt 0] Parser 'parser': start
[12:37:27.143] [bmv2] [D] [thread 5127] [3.0] [cxt 0] Parser 'parser' entering state 'start'
[12:37:27.143] [bmv2] [D] [thread 5127] [3.0] [cxt 0] Extracting header 'ethernet'
[12:37:27.143] [bmv2] [D] [thread 5127] [3.0] [cxt 0] Parser state 'start': key is 86dd
[12:37:27.143] [bmv2] [T] [thread 5127] [3.0] [cxt 0] Bytes parsed: 14
[12:37:27.143] [bmv2] [T] [thread 5127] [3.0] [cxt 0] Skipping checksum 'cksum_0' verification because target field invalid
[12:37:27.143] [bmv2] [D] [thread 5127] [3.0] [cxt 0] Parser 'parser': end
[12:37:27.143] [bmv2] [D] [thread 5127] [3.0] [cxt 0] Pipeline 'ingress': start
[12:37:27.143] [bmv2] [T] [thread 5127] [3.0] [cxt 0] Applying table 'MyIngress.pkt_forward'
[12:37:27.143] [bmv2] [D] [thread 5127] [3.0] [cxt 0] Looking up key:
* hdr.ipv4.dstAddr    : 00000000

[12:37:27.143] [bmv2] [D] [thread 5127] [3.0] [cxt 0] Table 'MyIngress.pkt_forward': miss
[12:37:27.143] [bmv2] [D] [thread 5127] [3.0] [cxt 0] Action entry is NoAction - 
[12:37:27.143] [bmv2] [T] [thread 5127] [3.0] [cxt 0] Action NoAction
[12:37:27.143] [bmv2] [T] [thread 5127] [3.0] [cxt 0] Applying table 'tbl_get_flowId'
[12:37:27.143] [bmv2] [D] [thread 5127] [3.0] [cxt 0] Looking up key:

[12:37:27.143] [bmv2] [D] [thread 5127] [3.0] [cxt 0] Table 'tbl_get_flowId': miss
[12:37:27.143] [bmv2] [D] [thread 5127] [3.0] [cxt 0] Action entry is MyIngress.get_flowId - 
[12:37:27.143] [bmv2] [T] [thread 5127] [3.0] [cxt 0] Action MyIngress.get_flowId
[12:37:27.143] [bmv2] [T] [thread 5127] [3.0] [cxt 0] basic.p4(183) Primitive hash(flowId, HashAlgorithm.crc32, 32w0, {hdr.ipv4.srcAddr,hdr.ipv4.dstAddr, meta.l4_ports.src_port, meta.l4_ports.dst_port, hdr.ipv4.protocol}, maxFlows)
[12:37:27.143] [bmv2] [T] [thread 5127] [3.0] [cxt 0] hash(base=0, max=10) = 2
[12:37:27.143] [bmv2] [T] [thread 5127] [3.0] [cxt 0] Applying table 'tbl_basic213'
[12:37:27.143] [bmv2] [D] [thread 5127] [3.0] [cxt 0] Looking up key:

[12:37:27.143] [bmv2] [D] [thread 5127] [3.0] [cxt 0] Table 'tbl_basic213': miss
[12:37:27.143] [bmv2] [D] [thread 5127] [3.0] [cxt 0] Action entry is basic213 - 
[12:37:27.143] [bmv2] [T] [thread 5127] [3.0] [cxt 0] Action basic213
[12:37:27.143] [bmv2] [T] [thread 5127] [3.0] [cxt 0] basic.p4(213) Primitive isSeen.read(_isSeen, flowId)
[12:37:27.143] [bmv2] [T] [thread 5127] [3.0] [cxt 0] Read register 'MyIngress.isSeen' at index 2 read value 1
[12:37:27.143] [bmv2] [T] [thread 5127] [3.0] [cxt 0] basic.p4(214) Condition "_isSeen==0" (node_5) is false
[12:37:27.143] [bmv2] [T] [thread 5127] [3.0] [cxt 0] Applying table 'tbl_basic221'
[12:37:27.143] [bmv2] [D] [thread 5127] [3.0] [cxt 0] Looking up key:

[12:37:27.143] [bmv2] [D] [thread 5127] [3.0] [cxt 0] Table 'tbl_basic221': miss
[12:37:27.143] [bmv2] [D] [thread 5127] [3.0] [cxt 0] Action entry is basic221 - 
[12:37:27.143] [bmv2] [T] [thread 5127] [3.0] [cxt 0] Action basic221
[12:37:27.143] [bmv2] [T] [thread 5127] [3.0] [cxt 0] basic.p4(221) Primitive startTime.read(_startTime, flowId)
[12:37:27.143] [bmv2] [T] [thread 5127] [3.0] [cxt 0] Read register 'MyIngress.startTime' at index 2 read value 238161
[12:37:27.143] [bmv2] [T] [thread 5127] [3.0] [cxt 0] basic.p4(222) Condition "standard_metadata.ingress_global_timestamp - _startTime>=flow_level_window" (node_8) is false
[12:37:27.143] [bmv2] [T] [thread 5127] [3.0] [cxt 0] Applying table 'tbl_basic249'
[12:37:27.144] [bmv2] [D] [thread 5127] [3.0] [cxt 0] Looking up key:

[12:37:27.144] [bmv2] [D] [thread 5127] [3.0] [cxt 0] Table 'tbl_basic249': miss
[12:37:27.144] [bmv2] [D] [thread 5127] [3.0] [cxt 0] Action entry is basic249 - 
[12:37:27.144] [bmv2] [T] [thread 5127] [3.0] [cxt 0] Action basic249
[12:37:27.144] [bmv2] [T] [thread 5127] [3.0] [cxt 0] basic.p4(249) Primitive (bit<32>)standard_metadata.ingress_port
[12:37:27.144] [bmv2] [T] [thread 5127] [3.0] [cxt 0] basic.p4(249) Primitive linkLoad.read(link_load,(bit<32>)standard_metadata.ingress_port)
[12:37:27.144] [bmv2] [T] [thread 5127] [3.0] [cxt 0] Read register 'MyIngress.linkLoad' at index 1 read value 90
[12:37:27.144] [bmv2] [T] [thread 5127] [3.0] [cxt 0] basic.p4(250) Primitive (bit<32>)standard_metadata.ingress_port
[12:37:27.144] [bmv2] [T] [thread 5127] [3.0] [cxt 0] basic.p4(250) Primitive link_load+standard_metadata.packet_length
[12:37:27.144] [bmv2] [T] [thread 5127] [3.0] [cxt 0] basic.p4(250) Primitive linkLoad.write((bit<32>)standard_metadata.ingress_port, link_load+standard_metadata.packet_length)
[12:37:27.144] [bmv2] [T] [thread 5127] [3.0] [cxt 0] Wrote register 'MyIngress.linkLoad' at index 1 with value 168
[12:37:27.144] [bmv2] [T] [thread 5127] [3.0] [cxt 0] basic.p4(253) Primitive bytesReceived.read(incomming,flowId)
[12:37:27.144] [bmv2] [T] [thread 5127] [3.0] [cxt 0] Read register 'MyIngress.bytesReceived' at index 2 read value 258
[12:37:27.144] [bmv2] [T] [thread 5127] [3.0] [cxt 0] basic.p4(254) Primitive incomming+standard_metadata.packet_length
[12:37:27.144] [bmv2] [T] [thread 5127] [3.0] [cxt 0] basic.p4(254) Primitive bytesReceived.write(flowId,incomming+standard_metadata.packet_length)
[12:37:27.144] [bmv2] [T] [thread 5127] [3.0] [cxt 0] Wrote register 'MyIngress.bytesReceived' at index 2 with value 336
[12:37:27.144] [bmv2] [D] [thread 5127] [3.0] [cxt 0] Pipeline 'ingress': end
[12:37:27.144] [bmv2] [D] [thread 5127] [3.0] [cxt 0] Egress port is 0
[12:37:27.144] [bmv2] [D] [thread 5128] [3.0] [cxt 0] Pipeline 'egress': start
[12:37:27.144] [bmv2] [D] [thread 5128] [3.0] [cxt 0] Pipeline 'egress': end
[12:37:27.144] [bmv2] [D] [thread 5128] [3.0] [cxt 0] Deparser 'deparser': start
[12:37:27.144] [bmv2] [T] [thread 5128] [3.0] [cxt 0] Skipping checksum 'cksum' update because condition not met
[12:37:27.144] [bmv2] [D] [thread 5128] [3.0] [cxt 0] Deparsing header 'ethernet'
[12:37:27.144] [bmv2] [D] [thread 5128] [3.0] [cxt 0] Deparser 'deparser': end
[12:37:27.144] [bmv2] [D] [thread 5132] [3.0] [cxt 0] Transmitting packet of size 78 out of port 0
[12:37:27.363] [bmv2] [D] [thread 5127] [4.0] [cxt 0] Processing packet received on port 4
[12:37:27.364] [bmv2] [D] [thread 5127] [4.0] [cxt 0] Parser 'parser': start
[12:37:27.364] [bmv2] [D] [thread 5127] [4.0] [cxt 0] Parser 'parser' entering state 'start'
[12:37:27.364] [bmv2] [D] [thread 5127] [4.0] [cxt 0] Extracting header 'ethernet'
[12:37:27.364] [bmv2] [D] [thread 5127] [4.0] [cxt 0] Parser state 'start': key is 86dd
[12:37:27.364] [bmv2] [T] [thread 5127] [4.0] [cxt 0] Bytes parsed: 14
[12:37:27.364] [bmv2] [T] [thread 5127] [4.0] [cxt 0] Skipping checksum 'cksum_0' verification because target field invalid
[12:37:27.364] [bmv2] [D] [thread 5127] [4.0] [cxt 0] Parser 'parser': end
[12:37:27.364] [bmv2] [D] [thread 5127] [4.0] [cxt 0] Pipeline 'ingress': start
[12:37:27.364] [bmv2] [T] [thread 5127] [4.0] [cxt 0] Applying table 'MyIngress.pkt_forward'
[12:37:27.364] [bmv2] [D] [thread 5127] [4.0] [cxt 0] Looking up key:
* hdr.ipv4.dstAddr    : 00000000

[12:37:27.364] [bmv2] [D] [thread 5127] [4.0] [cxt 0] Table 'MyIngress.pkt_forward': miss
[12:37:27.364] [bmv2] [D] [thread 5127] [4.0] [cxt 0] Action entry is NoAction - 
[12:37:27.364] [bmv2] [T] [thread 5127] [4.0] [cxt 0] Action NoAction
[12:37:27.364] [bmv2] [T] [thread 5127] [4.0] [cxt 0] Applying table 'tbl_get_flowId'
[12:37:27.364] [bmv2] [D] [thread 5127] [4.0] [cxt 0] Looking up key:

[12:37:27.364] [bmv2] [D] [thread 5127] [4.0] [cxt 0] Table 'tbl_get_flowId': miss
[12:37:27.364] [bmv2] [D] [thread 5127] [4.0] [cxt 0] Action entry is MyIngress.get_flowId - 
[12:37:27.364] [bmv2] [T] [thread 5127] [4.0] [cxt 0] Action MyIngress.get_flowId
[12:37:27.364] [bmv2] [T] [thread 5127] [4.0] [cxt 0] basic.p4(183) Primitive hash(flowId, HashAlgorithm.crc32, 32w0, {hdr.ipv4.srcAddr,hdr.ipv4.dstAddr, meta.l4_ports.src_port, meta.l4_ports.dst_port, hdr.ipv4.protocol}, maxFlows)
[12:37:27.364] [bmv2] [T] [thread 5127] [4.0] [cxt 0] hash(base=0, max=10) = 2
[12:37:27.364] [bmv2] [T] [thread 5127] [4.0] [cxt 0] Applying table 'tbl_basic213'
[12:37:27.364] [bmv2] [D] [thread 5127] [4.0] [cxt 0] Looking up key:

[12:37:27.364] [bmv2] [D] [thread 5127] [4.0] [cxt 0] Table 'tbl_basic213': miss
[12:37:27.364] [bmv2] [D] [thread 5127] [4.0] [cxt 0] Action entry is basic213 - 
[12:37:27.364] [bmv2] [T] [thread 5127] [4.0] [cxt 0] Action basic213
[12:37:27.364] [bmv2] [T] [thread 5127] [4.0] [cxt 0] basic.p4(213) Primitive isSeen.read(_isSeen, flowId)
[12:37:27.364] [bmv2] [T] [thread 5127] [4.0] [cxt 0] Read register 'MyIngress.isSeen' at index 2 read value 1
[12:37:27.364] [bmv2] [T] [thread 5127] [4.0] [cxt 0] basic.p4(214) Condition "_isSeen==0" (node_5) is false
[12:37:27.364] [bmv2] [T] [thread 5127] [4.0] [cxt 0] Applying table 'tbl_basic221'
[12:37:27.364] [bmv2] [D] [thread 5127] [4.0] [cxt 0] Looking up key:

[12:37:27.364] [bmv2] [D] [thread 5127] [4.0] [cxt 0] Table 'tbl_basic221': miss
[12:37:27.364] [bmv2] [D] [thread 5127] [4.0] [cxt 0] Action entry is basic221 - 
[12:37:27.364] [bmv2] [T] [thread 5127] [4.0] [cxt 0] Action basic221
[12:37:27.364] [bmv2] [T] [thread 5127] [4.0] [cxt 0] basic.p4(221) Primitive startTime.read(_startTime, flowId)
[12:37:27.364] [bmv2] [T] [thread 5127] [4.0] [cxt 0] Read register 'MyIngress.startTime' at index 2 read value 238161
[12:37:27.364] [bmv2] [T] [thread 5127] [4.0] [cxt 0] basic.p4(222) Condition "standard_metadata.ingress_global_timestamp - _startTime>=flow_level_window" (node_8) is false
[12:37:27.364] [bmv2] [T] [thread 5127] [4.0] [cxt 0] Applying table 'tbl_basic249'
[12:37:27.364] [bmv2] [D] [thread 5127] [4.0] [cxt 0] Looking up key:

[12:37:27.364] [bmv2] [D] [thread 5127] [4.0] [cxt 0] Table 'tbl_basic249': miss
[12:37:27.364] [bmv2] [D] [thread 5127] [4.0] [cxt 0] Action entry is basic249 - 
[12:37:27.364] [bmv2] [T] [thread 5127] [4.0] [cxt 0] Action basic249
[12:37:27.364] [bmv2] [T] [thread 5127] [4.0] [cxt 0] basic.p4(249) Primitive (bit<32>)standard_metadata.ingress_port
[12:37:27.364] [bmv2] [T] [thread 5127] [4.0] [cxt 0] basic.p4(249) Primitive linkLoad.read(link_load,(bit<32>)standard_metadata.ingress_port)
[12:37:27.364] [bmv2] [E] [thread 5127] [4.0] [cxt 0] Attempted to read register 'MyIngress.linkLoad' with size 3 at out-of-bounds index 4.  Dest field was not updated.
[12:37:27.364] [bmv2] [T] [thread 5127] [4.0] [cxt 0] basic.p4(250) Primitive (bit<32>)standard_metadata.ingress_port
[12:37:27.364] [bmv2] [T] [thread 5127] [4.0] [cxt 0] basic.p4(250) Primitive link_load+standard_metadata.packet_length
[12:37:27.364] [bmv2] [T] [thread 5127] [4.0] [cxt 0] basic.p4(250) Primitive linkLoad.write((bit<32>)standard_metadata.ingress_port, link_load+standard_metadata.packet_length)
[12:37:27.364] [bmv2] [E] [thread 5127] [4.0] [cxt 0] Attempted to write register 'MyIngress.linkLoad' with size 3 at out-of-bounds index 4.  No register array elements were updated.
[12:37:27.364] [bmv2] [T] [thread 5127] [4.0] [cxt 0] basic.p4(253) Primitive bytesReceived.read(incomming,flowId)
[12:37:27.364] [bmv2] [T] [thread 5127] [4.0] [cxt 0] Read register 'MyIngress.bytesReceived' at index 2 read value 336
[12:37:27.364] [bmv2] [T] [thread 5127] [4.0] [cxt 0] basic.p4(254) Primitive incomming+standard_metadata.packet_length
[12:37:27.365] [bmv2] [T] [thread 5127] [4.0] [cxt 0] basic.p4(254) Primitive bytesReceived.write(flowId,incomming+standard_metadata.packet_length)
[12:37:27.365] [bmv2] [T] [thread 5127] [4.0] [cxt 0] Wrote register 'MyIngress.bytesReceived' at index 2 with value 426
[12:37:27.365] [bmv2] [D] [thread 5127] [4.0] [cxt 0] Pipeline 'ingress': end
[12:37:27.365] [bmv2] [D] [thread 5127] [4.0] [cxt 0] Egress port is 0
[12:37:27.365] [bmv2] [D] [thread 5128] [4.0] [cxt 0] Pipeline 'egress': start
[12:37:27.365] [bmv2] [D] [thread 5128] [4.0] [cxt 0] Pipeline 'egress': end
[12:37:27.365] [bmv2] [D] [thread 5128] [4.0] [cxt 0] Deparser 'deparser': start
[12:37:27.365] [bmv2] [T] [thread 5128] [4.0] [cxt 0] Skipping checksum 'cksum' update because condition not met
[12:37:27.365] [bmv2] [D] [thread 5128] [4.0] [cxt 0] Deparsing header 'ethernet'
[12:37:27.365] [bmv2] [D] [thread 5128] [4.0] [cxt 0] Deparser 'deparser': end
[12:37:27.365] [bmv2] [D] [thread 5132] [4.0] [cxt 0] Transmitting packet of size 90 out of port 0
[12:37:27.395] [bmv2] [D] [thread 5127] [5.0] [cxt 0] Processing packet received on port 3
[12:37:27.395] [bmv2] [D] [thread 5127] [5.0] [cxt 0] Parser 'parser': start
[12:37:27.395] [bmv2] [D] [thread 5127] [5.0] [cxt 0] Parser 'parser' entering state 'start'
[12:37:27.395] [bmv2] [D] [thread 5127] [5.0] [cxt 0] Extracting header 'ethernet'
[12:37:27.395] [bmv2] [D] [thread 5127] [5.0] [cxt 0] Parser state 'start': key is 86dd
[12:37:27.395] [bmv2] [T] [thread 5127] [5.0] [cxt 0] Bytes parsed: 14
[12:37:27.395] [bmv2] [T] [thread 5127] [5.0] [cxt 0] Skipping checksum 'cksum_0' verification because target field invalid
[12:37:27.395] [bmv2] [D] [thread 5127] [5.0] [cxt 0] Parser 'parser': end
[12:37:27.395] [bmv2] [D] [thread 5127] [5.0] [cxt 0] Pipeline 'ingress': start
[12:37:27.395] [bmv2] [T] [thread 5127] [5.0] [cxt 0] Applying table 'MyIngress.pkt_forward'
[12:37:27.395] [bmv2] [D] [thread 5127] [5.0] [cxt 0] Looking up key:
* hdr.ipv4.dstAddr    : 00000000

[12:37:27.395] [bmv2] [D] [thread 5127] [5.0] [cxt 0] Table 'MyIngress.pkt_forward': miss
[12:37:27.395] [bmv2] [D] [thread 5127] [5.0] [cxt 0] Action entry is NoAction - 
[12:37:27.395] [bmv2] [T] [thread 5127] [5.0] [cxt 0] Action NoAction
[12:37:27.395] [bmv2] [T] [thread 5127] [5.0] [cxt 0] Applying table 'tbl_get_flowId'
[12:37:27.395] [bmv2] [D] [thread 5127] [5.0] [cxt 0] Looking up key:

[12:37:27.395] [bmv2] [D] [thread 5127] [5.0] [cxt 0] Table 'tbl_get_flowId': miss
[12:37:27.395] [bmv2] [D] [thread 5127] [5.0] [cxt 0] Action entry is MyIngress.get_flowId - 
[12:37:27.395] [bmv2] [T] [thread 5127] [5.0] [cxt 0] Action MyIngress.get_flowId
[12:37:27.395] [bmv2] [T] [thread 5127] [5.0] [cxt 0] basic.p4(183) Primitive hash(flowId, HashAlgorithm.crc32, 32w0, {hdr.ipv4.srcAddr,hdr.ipv4.dstAddr, meta.l4_ports.src_port, meta.l4_ports.dst_port, hdr.ipv4.protocol}, maxFlows)
[12:37:27.395] [bmv2] [T] [thread 5127] [5.0] [cxt 0] hash(base=0, max=10) = 2
[12:37:27.395] [bmv2] [T] [thread 5127] [5.0] [cxt 0] Applying table 'tbl_basic213'
[12:37:27.395] [bmv2] [D] [thread 5127] [5.0] [cxt 0] Looking up key:

[12:37:27.395] [bmv2] [D] [thread 5127] [5.0] [cxt 0] Table 'tbl_basic213': miss
[12:37:27.395] [bmv2] [D] [thread 5127] [5.0] [cxt 0] Action entry is basic213 - 
[12:37:27.395] [bmv2] [T] [thread 5127] [5.0] [cxt 0] Action basic213
[12:37:27.395] [bmv2] [T] [thread 5127] [5.0] [cxt 0] basic.p4(213) Primitive isSeen.read(_isSeen, flowId)
[12:37:27.395] [bmv2] [T] [thread 5127] [5.0] [cxt 0] Read register 'MyIngress.isSeen' at index 2 read value 1
[12:37:27.395] [bmv2] [T] [thread 5127] [5.0] [cxt 0] basic.p4(214) Condition "_isSeen==0" (node_5) is false
[12:37:27.395] [bmv2] [T] [thread 5127] [5.0] [cxt 0] Applying table 'tbl_basic221'
[12:37:27.395] [bmv2] [D] [thread 5127] [5.0] [cxt 0] Looking up key:

[12:37:27.395] [bmv2] [D] [thread 5127] [5.0] [cxt 0] Table 'tbl_basic221': miss
[12:37:27.395] [bmv2] [D] [thread 5127] [5.0] [cxt 0] Action entry is basic221 - 
[12:37:27.395] [bmv2] [T] [thread 5127] [5.0] [cxt 0] Action basic221
[12:37:27.395] [bmv2] [T] [thread 5127] [5.0] [cxt 0] basic.p4(221) Primitive startTime.read(_startTime, flowId)
[12:37:27.395] [bmv2] [T] [thread 5127] [5.0] [cxt 0] Read register 'MyIngress.startTime' at index 2 read value 238161
[12:37:27.395] [bmv2] [T] [thread 5127] [5.0] [cxt 0] basic.p4(222) Condition "standard_metadata.ingress_global_timestamp - _startTime>=flow_level_window" (node_8) is false
[12:37:27.395] [bmv2] [T] [thread 5127] [5.0] [cxt 0] Applying table 'tbl_basic249'
[12:37:27.396] [bmv2] [D] [thread 5127] [5.0] [cxt 0] Looking up key:

[12:37:27.396] [bmv2] [D] [thread 5127] [5.0] [cxt 0] Table 'tbl_basic249': miss
[12:37:27.396] [bmv2] [D] [thread 5127] [5.0] [cxt 0] Action entry is basic249 - 
[12:37:27.396] [bmv2] [T] [thread 5127] [5.0] [cxt 0] Action basic249
[12:37:27.396] [bmv2] [T] [thread 5127] [5.0] [cxt 0] basic.p4(249) Primitive (bit<32>)standard_metadata.ingress_port
[12:37:27.396] [bmv2] [T] [thread 5127] [5.0] [cxt 0] basic.p4(249) Primitive linkLoad.read(link_load,(bit<32>)standard_metadata.ingress_port)
[12:37:27.396] [bmv2] [E] [thread 5127] [5.0] [cxt 0] Attempted to read register 'MyIngress.linkLoad' with size 3 at out-of-bounds index 3.  Dest field was not updated.
[12:37:27.396] [bmv2] [T] [thread 5127] [5.0] [cxt 0] basic.p4(250) Primitive (bit<32>)standard_metadata.ingress_port
[12:37:27.396] [bmv2] [T] [thread 5127] [5.0] [cxt 0] basic.p4(250) Primitive link_load+standard_metadata.packet_length
[12:37:27.396] [bmv2] [T] [thread 5127] [5.0] [cxt 0] basic.p4(250) Primitive linkLoad.write((bit<32>)standard_metadata.ingress_port, link_load+standard_metadata.packet_length)
[12:37:27.396] [bmv2] [E] [thread 5127] [5.0] [cxt 0] Attempted to write register 'MyIngress.linkLoad' with size 3 at out-of-bounds index 3.  No register array elements were updated.
[12:37:27.396] [bmv2] [T] [thread 5127] [5.0] [cxt 0] basic.p4(253) Primitive bytesReceived.read(incomming,flowId)
[12:37:27.396] [bmv2] [T] [thread 5127] [5.0] [cxt 0] Read register 'MyIngress.bytesReceived' at index 2 read value 426
[12:37:27.396] [bmv2] [T] [thread 5127] [5.0] [cxt 0] basic.p4(254) Primitive incomming+standard_metadata.packet_length
[12:37:27.396] [bmv2] [T] [thread 5127] [5.0] [cxt 0] basic.p4(254) Primitive bytesReceived.write(flowId,incomming+standard_metadata.packet_length)
[12:37:27.396] [bmv2] [T] [thread 5127] [5.0] [cxt 0] Wrote register 'MyIngress.bytesReceived' at index 2 with value 504
[12:37:27.396] [bmv2] [D] [thread 5127] [5.0] [cxt 0] Pipeline 'ingress': end
[12:37:27.396] [bmv2] [D] [thread 5127] [5.0] [cxt 0] Egress port is 0
[12:37:27.396] [bmv2] [D] [thread 5128] [5.0] [cxt 0] Pipeline 'egress': start
[12:37:27.396] [bmv2] [D] [thread 5128] [5.0] [cxt 0] Pipeline 'egress': end
[12:37:27.396] [bmv2] [D] [thread 5128] [5.0] [cxt 0] Deparser 'deparser': start
[12:37:27.396] [bmv2] [T] [thread 5128] [5.0] [cxt 0] Skipping checksum 'cksum' update because condition not met
[12:37:27.396] [bmv2] [D] [thread 5128] [5.0] [cxt 0] Deparsing header 'ethernet'
[12:37:27.396] [bmv2] [D] [thread 5128] [5.0] [cxt 0] Deparser 'deparser': end
[12:37:27.396] [bmv2] [D] [thread 5132] [5.0] [cxt 0] Transmitting packet of size 78 out of port 0
[12:37:27.566] [bmv2] [D] [thread 5127] [6.0] [cxt 0] Processing packet received on port 4
[12:37:27.566] [bmv2] [D] [thread 5127] [6.0] [cxt 0] Parser 'parser': start
[12:37:27.566] [bmv2] [D] [thread 5127] [6.0] [cxt 0] Parser 'parser' entering state 'start'
[12:37:27.566] [bmv2] [D] [thread 5127] [6.0] [cxt 0] Extracting header 'ethernet'
[12:37:27.566] [bmv2] [D] [thread 5127] [6.0] [cxt 0] Parser state 'start': key is 86dd
[12:37:27.566] [bmv2] [T] [thread 5127] [6.0] [cxt 0] Bytes parsed: 14
[12:37:27.566] [bmv2] [T] [thread 5127] [6.0] [cxt 0] Skipping checksum 'cksum_0' verification because target field invalid
[12:37:27.566] [bmv2] [D] [thread 5127] [6.0] [cxt 0] Parser 'parser': end
[12:37:27.566] [bmv2] [D] [thread 5127] [6.0] [cxt 0] Pipeline 'ingress': start
[12:37:27.566] [bmv2] [T] [thread 5127] [6.0] [cxt 0] Applying table 'MyIngress.pkt_forward'
[12:37:27.566] [bmv2] [D] [thread 5127] [6.0] [cxt 0] Looking up key:
* hdr.ipv4.dstAddr    : 00000000

[12:37:27.566] [bmv2] [D] [thread 5127] [6.0] [cxt 0] Table 'MyIngress.pkt_forward': miss
[12:37:27.566] [bmv2] [D] [thread 5127] [6.0] [cxt 0] Action entry is NoAction - 
[12:37:27.566] [bmv2] [T] [thread 5127] [6.0] [cxt 0] Action NoAction
[12:37:27.566] [bmv2] [T] [thread 5127] [6.0] [cxt 0] Applying table 'tbl_get_flowId'
[12:37:27.566] [bmv2] [D] [thread 5127] [6.0] [cxt 0] Looking up key:

[12:37:27.566] [bmv2] [D] [thread 5127] [6.0] [cxt 0] Table 'tbl_get_flowId': miss
[12:37:27.566] [bmv2] [D] [thread 5127] [6.0] [cxt 0] Action entry is MyIngress.get_flowId - 
[12:37:27.566] [bmv2] [T] [thread 5127] [6.0] [cxt 0] Action MyIngress.get_flowId
[12:37:27.566] [bmv2] [T] [thread 5127] [6.0] [cxt 0] basic.p4(183) Primitive hash(flowId, HashAlgorithm.crc32, 32w0, {hdr.ipv4.srcAddr,hdr.ipv4.dstAddr, meta.l4_ports.src_port, meta.l4_ports.dst_port, hdr.ipv4.protocol}, maxFlows)
[12:37:27.566] [bmv2] [T] [thread 5127] [6.0] [cxt 0] hash(base=0, max=10) = 2
[12:37:27.566] [bmv2] [T] [thread 5127] [6.0] [cxt 0] Applying table 'tbl_basic213'
[12:37:27.566] [bmv2] [D] [thread 5127] [6.0] [cxt 0] Looking up key:

[12:37:27.566] [bmv2] [D] [thread 5127] [6.0] [cxt 0] Table 'tbl_basic213': miss
[12:37:27.566] [bmv2] [D] [thread 5127] [6.0] [cxt 0] Action entry is basic213 - 
[12:37:27.566] [bmv2] [T] [thread 5127] [6.0] [cxt 0] Action basic213
[12:37:27.566] [bmv2] [T] [thread 5127] [6.0] [cxt 0] basic.p4(213) Primitive isSeen.read(_isSeen, flowId)
[12:37:27.566] [bmv2] [T] [thread 5127] [6.0] [cxt 0] Read register 'MyIngress.isSeen' at index 2 read value 1
[12:37:27.566] [bmv2] [T] [thread 5127] [6.0] [cxt 0] basic.p4(214) Condition "_isSeen==0" (node_5) is false
[12:37:27.566] [bmv2] [T] [thread 5127] [6.0] [cxt 0] Applying table 'tbl_basic221'
[12:37:27.566] [bmv2] [D] [thread 5127] [6.0] [cxt 0] Looking up key:

[12:37:27.566] [bmv2] [D] [thread 5127] [6.0] [cxt 0] Table 'tbl_basic221': miss
[12:37:27.566] [bmv2] [D] [thread 5127] [6.0] [cxt 0] Action entry is basic221 - 
[12:37:27.566] [bmv2] [T] [thread 5127] [6.0] [cxt 0] Action basic221
[12:37:27.566] [bmv2] [T] [thread 5127] [6.0] [cxt 0] basic.p4(221) Primitive startTime.read(_startTime, flowId)
[12:37:27.566] [bmv2] [T] [thread 5127] [6.0] [cxt 0] Read register 'MyIngress.startTime' at index 2 read value 238161
[12:37:27.566] [bmv2] [T] [thread 5127] [6.0] [cxt 0] basic.p4(222) Condition "standard_metadata.ingress_global_timestamp - _startTime>=flow_level_window" (node_8) is false
[12:37:27.566] [bmv2] [T] [thread 5127] [6.0] [cxt 0] Applying table 'tbl_basic249'
[12:37:27.566] [bmv2] [D] [thread 5127] [6.0] [cxt 0] Looking up key:

[12:37:27.566] [bmv2] [D] [thread 5127] [6.0] [cxt 0] Table 'tbl_basic249': miss
[12:37:27.566] [bmv2] [D] [thread 5127] [6.0] [cxt 0] Action entry is basic249 - 
[12:37:27.566] [bmv2] [T] [thread 5127] [6.0] [cxt 0] Action basic249
[12:37:27.566] [bmv2] [T] [thread 5127] [6.0] [cxt 0] basic.p4(249) Primitive (bit<32>)standard_metadata.ingress_port
[12:37:27.566] [bmv2] [T] [thread 5127] [6.0] [cxt 0] basic.p4(249) Primitive linkLoad.read(link_load,(bit<32>)standard_metadata.ingress_port)
[12:37:27.566] [bmv2] [E] [thread 5127] [6.0] [cxt 0] Attempted to read register 'MyIngress.linkLoad' with size 3 at out-of-bounds index 4.  Dest field was not updated.
[12:37:27.566] [bmv2] [T] [thread 5127] [6.0] [cxt 0] basic.p4(250) Primitive (bit<32>)standard_metadata.ingress_port
[12:37:27.566] [bmv2] [T] [thread 5127] [6.0] [cxt 0] basic.p4(250) Primitive link_load+standard_metadata.packet_length
[12:37:27.566] [bmv2] [T] [thread 5127] [6.0] [cxt 0] basic.p4(250) Primitive linkLoad.write((bit<32>)standard_metadata.ingress_port, link_load+standard_metadata.packet_length)
[12:37:27.566] [bmv2] [E] [thread 5127] [6.0] [cxt 0] Attempted to write register 'MyIngress.linkLoad' with size 3 at out-of-bounds index 4.  No register array elements were updated.
[12:37:27.566] [bmv2] [T] [thread 5127] [6.0] [cxt 0] basic.p4(253) Primitive bytesReceived.read(incomming,flowId)
[12:37:27.566] [bmv2] [T] [thread 5127] [6.0] [cxt 0] Read register 'MyIngress.bytesReceived' at index 2 read value 504
[12:37:27.566] [bmv2] [T] [thread 5127] [6.0] [cxt 0] basic.p4(254) Primitive incomming+standard_metadata.packet_length
[12:37:27.566] [bmv2] [T] [thread 5127] [6.0] [cxt 0] basic.p4(254) Primitive bytesReceived.write(flowId,incomming+standard_metadata.packet_length)
[12:37:27.566] [bmv2] [T] [thread 5127] [6.0] [cxt 0] Wrote register 'MyIngress.bytesReceived' at index 2 with value 594
[12:37:27.566] [bmv2] [D] [thread 5127] [6.0] [cxt 0] Pipeline 'ingress': end
[12:37:27.566] [bmv2] [D] [thread 5127] [6.0] [cxt 0] Egress port is 0
[12:37:27.566] [bmv2] [D] [thread 5128] [6.0] [cxt 0] Pipeline 'egress': start
[12:37:27.566] [bmv2] [D] [thread 5128] [6.0] [cxt 0] Pipeline 'egress': end
[12:37:27.566] [bmv2] [D] [thread 5128] [6.0] [cxt 0] Deparser 'deparser': start
[12:37:27.566] [bmv2] [T] [thread 5128] [6.0] [cxt 0] Skipping checksum 'cksum' update because condition not met
[12:37:27.566] [bmv2] [D] [thread 5128] [6.0] [cxt 0] Deparsing header 'ethernet'
[12:37:27.566] [bmv2] [D] [thread 5128] [6.0] [cxt 0] Deparser 'deparser': end
[12:37:27.566] [bmv2] [D] [thread 5132] [6.0] [cxt 0] Transmitting packet of size 90 out of port 0
[12:37:27.566] [bmv2] [D] [thread 5127] [7.0] [cxt 0] Processing packet received on port 4
[12:37:27.566] [bmv2] [D] [thread 5127] [7.0] [cxt 0] Parser 'parser': start
[12:37:27.566] [bmv2] [D] [thread 5127] [7.0] [cxt 0] Parser 'parser' entering state 'start'
[12:37:27.566] [bmv2] [D] [thread 5127] [7.0] [cxt 0] Extracting header 'ethernet'
[12:37:27.566] [bmv2] [D] [thread 5127] [7.0] [cxt 0] Parser state 'start': key is 86dd
[12:37:27.566] [bmv2] [T] [thread 5127] [7.0] [cxt 0] Bytes parsed: 14
[12:37:27.566] [bmv2] [T] [thread 5127] [7.0] [cxt 0] Skipping checksum 'cksum_0' verification because target field invalid
[12:37:27.566] [bmv2] [D] [thread 5127] [7.0] [cxt 0] Parser 'parser': end
[12:37:27.566] [bmv2] [D] [thread 5127] [7.0] [cxt 0] Pipeline 'ingress': start
[12:37:27.566] [bmv2] [T] [thread 5127] [7.0] [cxt 0] Applying table 'MyIngress.pkt_forward'
[12:37:27.566] [bmv2] [D] [thread 5127] [7.0] [cxt 0] Looking up key:
* hdr.ipv4.dstAddr    : 00000000

[12:37:27.566] [bmv2] [D] [thread 5127] [7.0] [cxt 0] Table 'MyIngress.pkt_forward': miss
[12:37:27.566] [bmv2] [D] [thread 5127] [7.0] [cxt 0] Action entry is NoAction - 
[12:37:27.566] [bmv2] [T] [thread 5127] [7.0] [cxt 0] Action NoAction
[12:37:27.566] [bmv2] [T] [thread 5127] [7.0] [cxt 0] Applying table 'tbl_get_flowId'
[12:37:27.566] [bmv2] [D] [thread 5127] [7.0] [cxt 0] Looking up key:

[12:37:27.566] [bmv2] [D] [thread 5127] [7.0] [cxt 0] Table 'tbl_get_flowId': miss
[12:37:27.567] [bmv2] [D] [thread 5127] [7.0] [cxt 0] Action entry is MyIngress.get_flowId - 
[12:37:27.567] [bmv2] [T] [thread 5127] [7.0] [cxt 0] Action MyIngress.get_flowId
[12:37:27.567] [bmv2] [T] [thread 5127] [7.0] [cxt 0] basic.p4(183) Primitive hash(flowId, HashAlgorithm.crc32, 32w0, {hdr.ipv4.srcAddr,hdr.ipv4.dstAddr, meta.l4_ports.src_port, meta.l4_ports.dst_port, hdr.ipv4.protocol}, maxFlows)
[12:37:27.567] [bmv2] [T] [thread 5127] [7.0] [cxt 0] hash(base=0, max=10) = 2
[12:37:27.567] [bmv2] [T] [thread 5127] [7.0] [cxt 0] Applying table 'tbl_basic213'
[12:37:27.567] [bmv2] [D] [thread 5127] [7.0] [cxt 0] Looking up key:

[12:37:27.567] [bmv2] [D] [thread 5127] [7.0] [cxt 0] Table 'tbl_basic213': miss
[12:37:27.567] [bmv2] [D] [thread 5127] [7.0] [cxt 0] Action entry is basic213 - 
[12:37:27.567] [bmv2] [T] [thread 5127] [7.0] [cxt 0] Action basic213
[12:37:27.567] [bmv2] [T] [thread 5127] [7.0] [cxt 0] basic.p4(213) Primitive isSeen.read(_isSeen, flowId)
[12:37:27.567] [bmv2] [T] [thread 5127] [7.0] [cxt 0] Read register 'MyIngress.isSeen' at index 2 read value 1
[12:37:27.567] [bmv2] [T] [thread 5127] [7.0] [cxt 0] basic.p4(214) Condition "_isSeen==0" (node_5) is false
[12:37:27.567] [bmv2] [T] [thread 5127] [7.0] [cxt 0] Applying table 'tbl_basic221'
[12:37:27.567] [bmv2] [D] [thread 5127] [7.0] [cxt 0] Looking up key:

[12:37:27.567] [bmv2] [D] [thread 5127] [7.0] [cxt 0] Table 'tbl_basic221': miss
[12:37:27.567] [bmv2] [D] [thread 5127] [7.0] [cxt 0] Action entry is basic221 - 
[12:37:27.567] [bmv2] [T] [thread 5127] [7.0] [cxt 0] Action basic221
[12:37:27.567] [bmv2] [T] [thread 5127] [7.0] [cxt 0] basic.p4(221) Primitive startTime.read(_startTime, flowId)
[12:37:27.567] [bmv2] [T] [thread 5127] [7.0] [cxt 0] Read register 'MyIngress.startTime' at index 2 read value 238161
[12:37:27.567] [bmv2] [T] [thread 5127] [7.0] [cxt 0] basic.p4(222) Condition "standard_metadata.ingress_global_timestamp - _startTime>=flow_level_window" (node_8) is false
[12:37:27.567] [bmv2] [T] [thread 5127] [7.0] [cxt 0] Applying table 'tbl_basic249'
[12:37:27.567] [bmv2] [D] [thread 5127] [7.0] [cxt 0] Looking up key:

[12:37:27.567] [bmv2] [D] [thread 5127] [7.0] [cxt 0] Table 'tbl_basic249': miss
[12:37:27.567] [bmv2] [D] [thread 5127] [7.0] [cxt 0] Action entry is basic249 - 
[12:37:27.567] [bmv2] [T] [thread 5127] [7.0] [cxt 0] Action basic249
[12:37:27.567] [bmv2] [T] [thread 5127] [7.0] [cxt 0] basic.p4(249) Primitive (bit<32>)standard_metadata.ingress_port
[12:37:27.567] [bmv2] [T] [thread 5127] [7.0] [cxt 0] basic.p4(249) Primitive linkLoad.read(link_load,(bit<32>)standard_metadata.ingress_port)
[12:37:27.567] [bmv2] [E] [thread 5127] [7.0] [cxt 0] Attempted to read register 'MyIngress.linkLoad' with size 3 at out-of-bounds index 4.  Dest field was not updated.
[12:37:27.567] [bmv2] [T] [thread 5127] [7.0] [cxt 0] basic.p4(250) Primitive (bit<32>)standard_metadata.ingress_port
[12:37:27.567] [bmv2] [T] [thread 5127] [7.0] [cxt 0] basic.p4(250) Primitive link_load+standard_metadata.packet_length
[12:37:27.567] [bmv2] [T] [thread 5127] [7.0] [cxt 0] basic.p4(250) Primitive linkLoad.write((bit<32>)standard_metadata.ingress_port, link_load+standard_metadata.packet_length)
[12:37:27.567] [bmv2] [E] [thread 5127] [7.0] [cxt 0] Attempted to write register 'MyIngress.linkLoad' with size 3 at out-of-bounds index 4.  No register array elements were updated.
[12:37:27.567] [bmv2] [T] [thread 5127] [7.0] [cxt 0] basic.p4(253) Primitive bytesReceived.read(incomming,flowId)
[12:37:27.567] [bmv2] [T] [thread 5127] [7.0] [cxt 0] Read register 'MyIngress.bytesReceived' at index 2 read value 594
[12:37:27.567] [bmv2] [T] [thread 5127] [7.0] [cxt 0] basic.p4(254) Primitive incomming+standard_metadata.packet_length
[12:37:27.567] [bmv2] [T] [thread 5127] [7.0] [cxt 0] basic.p4(254) Primitive bytesReceived.write(flowId,incomming+standard_metadata.packet_length)
[12:37:27.567] [bmv2] [T] [thread 5127] [7.0] [cxt 0] Wrote register 'MyIngress.bytesReceived' at index 2 with value 684
[12:37:27.567] [bmv2] [D] [thread 5127] [7.0] [cxt 0] Pipeline 'ingress': end
[12:37:27.567] [bmv2] [D] [thread 5127] [7.0] [cxt 0] Egress port is 0
[12:37:27.567] [bmv2] [D] [thread 5128] [7.0] [cxt 0] Pipeline 'egress': start
[12:37:27.567] [bmv2] [D] [thread 5128] [7.0] [cxt 0] Pipeline 'egress': end
[12:37:27.567] [bmv2] [D] [thread 5128] [7.0] [cxt 0] Deparser 'deparser': start
[12:37:27.567] [bmv2] [T] [thread 5128] [7.0] [cxt 0] Skipping checksum 'cksum' update because condition not met
[12:37:27.567] [bmv2] [D] [thread 5128] [7.0] [cxt 0] Deparsing header 'ethernet'
[12:37:27.567] [bmv2] [D] [thread 5128] [7.0] [cxt 0] Deparser 'deparser': end
[12:37:27.567] [bmv2] [D] [thread 5132] [7.0] [cxt 0] Transmitting packet of size 90 out of port 0
[12:37:27.567] [bmv2] [D] [thread 5127] [8.0] [cxt 0] Processing packet received on port 4
[12:37:27.567] [bmv2] [D] [thread 5127] [8.0] [cxt 0] Parser 'parser': start
[12:37:27.567] [bmv2] [D] [thread 5127] [8.0] [cxt 0] Parser 'parser' entering state 'start'
[12:37:27.567] [bmv2] [D] [thread 5127] [8.0] [cxt 0] Extracting header 'ethernet'
[12:37:27.567] [bmv2] [D] [thread 5127] [8.0] [cxt 0] Parser state 'start': key is 86dd
[12:37:27.567] [bmv2] [T] [thread 5127] [8.0] [cxt 0] Bytes parsed: 14
[12:37:27.567] [bmv2] [T] [thread 5127] [8.0] [cxt 0] Skipping checksum 'cksum_0' verification because target field invalid
[12:37:27.567] [bmv2] [D] [thread 5127] [8.0] [cxt 0] Parser 'parser': end
[12:37:27.567] [bmv2] [D] [thread 5127] [8.0] [cxt 0] Pipeline 'ingress': start
[12:37:27.567] [bmv2] [T] [thread 5127] [8.0] [cxt 0] Applying table 'MyIngress.pkt_forward'
[12:37:27.567] [bmv2] [D] [thread 5127] [8.0] [cxt 0] Looking up key:
* hdr.ipv4.dstAddr    : 00000000

[12:37:27.567] [bmv2] [D] [thread 5127] [8.0] [cxt 0] Table 'MyIngress.pkt_forward': miss
[12:37:27.567] [bmv2] [D] [thread 5127] [8.0] [cxt 0] Action entry is NoAction - 
[12:37:27.567] [bmv2] [T] [thread 5127] [8.0] [cxt 0] Action NoAction
[12:37:27.567] [bmv2] [T] [thread 5127] [8.0] [cxt 0] Applying table 'tbl_get_flowId'
[12:37:27.567] [bmv2] [D] [thread 5127] [8.0] [cxt 0] Looking up key:

[12:37:27.567] [bmv2] [D] [thread 5127] [8.0] [cxt 0] Table 'tbl_get_flowId': miss
[12:37:27.567] [bmv2] [D] [thread 5127] [8.0] [cxt 0] Action entry is MyIngress.get_flowId - 
[12:37:27.567] [bmv2] [T] [thread 5127] [8.0] [cxt 0] Action MyIngress.get_flowId
[12:37:27.567] [bmv2] [T] [thread 5127] [8.0] [cxt 0] basic.p4(183) Primitive hash(flowId, HashAlgorithm.crc32, 32w0, {hdr.ipv4.srcAddr,hdr.ipv4.dstAddr, meta.l4_ports.src_port, meta.l4_ports.dst_port, hdr.ipv4.protocol}, maxFlows)
[12:37:27.567] [bmv2] [T] [thread 5127] [8.0] [cxt 0] hash(base=0, max=10) = 2
[12:37:27.567] [bmv2] [T] [thread 5127] [8.0] [cxt 0] Applying table 'tbl_basic213'
[12:37:27.567] [bmv2] [D] [thread 5127] [8.0] [cxt 0] Looking up key:

[12:37:27.567] [bmv2] [D] [thread 5127] [8.0] [cxt 0] Table 'tbl_basic213': miss
[12:37:27.567] [bmv2] [D] [thread 5127] [8.0] [cxt 0] Action entry is basic213 - 
[12:37:27.567] [bmv2] [T] [thread 5127] [8.0] [cxt 0] Action basic213
[12:37:27.567] [bmv2] [T] [thread 5127] [8.0] [cxt 0] basic.p4(213) Primitive isSeen.read(_isSeen, flowId)
[12:37:27.567] [bmv2] [T] [thread 5127] [8.0] [cxt 0] Read register 'MyIngress.isSeen' at index 2 read value 1
[12:37:27.567] [bmv2] [T] [thread 5127] [8.0] [cxt 0] basic.p4(214) Condition "_isSeen==0" (node_5) is false
[12:37:27.567] [bmv2] [T] [thread 5127] [8.0] [cxt 0] Applying table 'tbl_basic221'
[12:37:27.567] [bmv2] [D] [thread 5127] [8.0] [cxt 0] Looking up key:

[12:37:27.567] [bmv2] [D] [thread 5127] [8.0] [cxt 0] Table 'tbl_basic221': miss
[12:37:27.567] [bmv2] [D] [thread 5127] [8.0] [cxt 0] Action entry is basic221 - 
[12:37:27.567] [bmv2] [T] [thread 5127] [8.0] [cxt 0] Action basic221
[12:37:27.567] [bmv2] [T] [thread 5127] [8.0] [cxt 0] basic.p4(221) Primitive startTime.read(_startTime, flowId)
[12:37:27.567] [bmv2] [T] [thread 5127] [8.0] [cxt 0] Read register 'MyIngress.startTime' at index 2 read value 238161
[12:37:27.567] [bmv2] [T] [thread 5127] [8.0] [cxt 0] basic.p4(222) Condition "standard_metadata.ingress_global_timestamp - _startTime>=flow_level_window" (node_8) is false
[12:37:27.567] [bmv2] [T] [thread 5127] [8.0] [cxt 0] Applying table 'tbl_basic249'
[12:37:27.567] [bmv2] [D] [thread 5127] [8.0] [cxt 0] Looking up key:

[12:37:27.567] [bmv2] [D] [thread 5127] [8.0] [cxt 0] Table 'tbl_basic249': miss
[12:37:27.567] [bmv2] [D] [thread 5127] [8.0] [cxt 0] Action entry is basic249 - 
[12:37:27.567] [bmv2] [T] [thread 5127] [8.0] [cxt 0] Action basic249
[12:37:27.567] [bmv2] [T] [thread 5127] [8.0] [cxt 0] basic.p4(249) Primitive (bit<32>)standard_metadata.ingress_port
[12:37:27.567] [bmv2] [T] [thread 5127] [8.0] [cxt 0] basic.p4(249) Primitive linkLoad.read(link_load,(bit<32>)standard_metadata.ingress_port)
[12:37:27.567] [bmv2] [E] [thread 5127] [8.0] [cxt 0] Attempted to read register 'MyIngress.linkLoad' with size 3 at out-of-bounds index 4.  Dest field was not updated.
[12:37:27.567] [bmv2] [T] [thread 5127] [8.0] [cxt 0] basic.p4(250) Primitive (bit<32>)standard_metadata.ingress_port
[12:37:27.568] [bmv2] [T] [thread 5127] [8.0] [cxt 0] basic.p4(250) Primitive link_load+standard_metadata.packet_length
[12:37:27.568] [bmv2] [T] [thread 5127] [8.0] [cxt 0] basic.p4(250) Primitive linkLoad.write((bit<32>)standard_metadata.ingress_port, link_load+standard_metadata.packet_length)
[12:37:27.568] [bmv2] [E] [thread 5127] [8.0] [cxt 0] Attempted to write register 'MyIngress.linkLoad' with size 3 at out-of-bounds index 4.  No register array elements were updated.
[12:37:27.568] [bmv2] [T] [thread 5127] [8.0] [cxt 0] basic.p4(253) Primitive bytesReceived.read(incomming,flowId)
[12:37:27.568] [bmv2] [T] [thread 5127] [8.0] [cxt 0] Read register 'MyIngress.bytesReceived' at index 2 read value 684
[12:37:27.568] [bmv2] [T] [thread 5127] [8.0] [cxt 0] basic.p4(254) Primitive incomming+standard_metadata.packet_length
[12:37:27.568] [bmv2] [T] [thread 5127] [8.0] [cxt 0] basic.p4(254) Primitive bytesReceived.write(flowId,incomming+standard_metadata.packet_length)
[12:37:27.568] [bmv2] [T] [thread 5127] [8.0] [cxt 0] Wrote register 'MyIngress.bytesReceived' at index 2 with value 754
[12:37:27.568] [bmv2] [D] [thread 5127] [8.0] [cxt 0] Pipeline 'ingress': end
[12:37:27.568] [bmv2] [D] [thread 5127] [8.0] [cxt 0] Egress port is 0
[12:37:27.568] [bmv2] [D] [thread 5128] [8.0] [cxt 0] Pipeline 'egress': start
[12:37:27.568] [bmv2] [D] [thread 5128] [8.0] [cxt 0] Pipeline 'egress': end
[12:37:27.568] [bmv2] [D] [thread 5128] [8.0] [cxt 0] Deparser 'deparser': start
[12:37:27.568] [bmv2] [T] [thread 5128] [8.0] [cxt 0] Skipping checksum 'cksum' update because condition not met
[12:37:27.568] [bmv2] [D] [thread 5128] [8.0] [cxt 0] Deparsing header 'ethernet'
[12:37:27.568] [bmv2] [D] [thread 5128] [8.0] [cxt 0] Deparser 'deparser': end
[12:37:27.568] [bmv2] [D] [thread 5132] [8.0] [cxt 0] Transmitting packet of size 70 out of port 0
[12:37:27.732] [bmv2] [D] [thread 5127] [9.0] [cxt 0] Processing packet received on port 4
[12:37:27.732] [bmv2] [D] [thread 5127] [9.0] [cxt 0] Parser 'parser': start
[12:37:27.732] [bmv2] [D] [thread 5127] [9.0] [cxt 0] Parser 'parser' entering state 'start'
[12:37:27.732] [bmv2] [D] [thread 5127] [9.0] [cxt 0] Extracting header 'ethernet'
[12:37:27.733] [bmv2] [D] [thread 5127] [9.0] [cxt 0] Parser state 'start': key is 86dd
[12:37:27.733] [bmv2] [T] [thread 5127] [9.0] [cxt 0] Bytes parsed: 14
[12:37:27.733] [bmv2] [T] [thread 5127] [9.0] [cxt 0] Skipping checksum 'cksum_0' verification because target field invalid
[12:37:27.733] [bmv2] [D] [thread 5127] [9.0] [cxt 0] Parser 'parser': end
[12:37:27.733] [bmv2] [D] [thread 5127] [9.0] [cxt 0] Pipeline 'ingress': start
[12:37:27.733] [bmv2] [T] [thread 5127] [9.0] [cxt 0] Applying table 'MyIngress.pkt_forward'
[12:37:27.733] [bmv2] [D] [thread 5127] [9.0] [cxt 0] Looking up key:
* hdr.ipv4.dstAddr    : 00000000

[12:37:27.733] [bmv2] [D] [thread 5127] [9.0] [cxt 0] Table 'MyIngress.pkt_forward': miss
[12:37:27.733] [bmv2] [D] [thread 5127] [9.0] [cxt 0] Action entry is NoAction - 
[12:37:27.733] [bmv2] [T] [thread 5127] [9.0] [cxt 0] Action NoAction
[12:37:27.733] [bmv2] [T] [thread 5127] [9.0] [cxt 0] Applying table 'tbl_get_flowId'
[12:37:27.733] [bmv2] [D] [thread 5127] [9.0] [cxt 0] Looking up key:

[12:37:27.733] [bmv2] [D] [thread 5127] [9.0] [cxt 0] Table 'tbl_get_flowId': miss
[12:37:27.733] [bmv2] [D] [thread 5127] [9.0] [cxt 0] Action entry is MyIngress.get_flowId - 
[12:37:27.733] [bmv2] [T] [thread 5127] [9.0] [cxt 0] Action MyIngress.get_flowId
[12:37:27.733] [bmv2] [T] [thread 5127] [9.0] [cxt 0] basic.p4(183) Primitive hash(flowId, HashAlgorithm.crc32, 32w0, {hdr.ipv4.srcAddr,hdr.ipv4.dstAddr, meta.l4_ports.src_port, meta.l4_ports.dst_port, hdr.ipv4.protocol}, maxFlows)
[12:37:27.733] [bmv2] [T] [thread 5127] [9.0] [cxt 0] hash(base=0, max=10) = 2
[12:37:27.733] [bmv2] [T] [thread 5127] [9.0] [cxt 0] Applying table 'tbl_basic213'
[12:37:27.733] [bmv2] [D] [thread 5127] [9.0] [cxt 0] Looking up key:

[12:37:27.733] [bmv2] [D] [thread 5127] [9.0] [cxt 0] Table 'tbl_basic213': miss
[12:37:27.733] [bmv2] [D] [thread 5127] [9.0] [cxt 0] Action entry is basic213 - 
[12:37:27.733] [bmv2] [T] [thread 5127] [9.0] [cxt 0] Action basic213
[12:37:27.733] [bmv2] [T] [thread 5127] [9.0] [cxt 0] basic.p4(213) Primitive isSeen.read(_isSeen, flowId)
[12:37:27.733] [bmv2] [T] [thread 5127] [9.0] [cxt 0] Read register 'MyIngress.isSeen' at index 2 read value 1
[12:37:27.733] [bmv2] [T] [thread 5127] [9.0] [cxt 0] basic.p4(214) Condition "_isSeen==0" (node_5) is false
[12:37:27.733] [bmv2] [T] [thread 5127] [9.0] [cxt 0] Applying table 'tbl_basic221'
[12:37:27.733] [bmv2] [D] [thread 5127] [9.0] [cxt 0] Looking up key:

[12:37:27.733] [bmv2] [D] [thread 5127] [9.0] [cxt 0] Table 'tbl_basic221': miss
[12:37:27.733] [bmv2] [D] [thread 5127] [9.0] [cxt 0] Action entry is basic221 - 
[12:37:27.733] [bmv2] [T] [thread 5127] [9.0] [cxt 0] Action basic221
[12:37:27.733] [bmv2] [T] [thread 5127] [9.0] [cxt 0] basic.p4(221) Primitive startTime.read(_startTime, flowId)
[12:37:27.733] [bmv2] [T] [thread 5127] [9.0] [cxt 0] Read register 'MyIngress.startTime' at index 2 read value 238161
[12:37:27.733] [bmv2] [T] [thread 5127] [9.0] [cxt 0] basic.p4(222) Condition "standard_metadata.ingress_global_timestamp - _startTime>=flow_level_window" (node_8) is false
[12:37:27.733] [bmv2] [T] [thread 5127] [9.0] [cxt 0] Applying table 'tbl_basic249'
[12:37:27.733] [bmv2] [D] [thread 5127] [9.0] [cxt 0] Looking up key:

[12:37:27.733] [bmv2] [D] [thread 5127] [9.0] [cxt 0] Table 'tbl_basic249': miss
[12:37:27.733] [bmv2] [D] [thread 5127] [9.0] [cxt 0] Action entry is basic249 - 
[12:37:27.733] [bmv2] [T] [thread 5127] [9.0] [cxt 0] Action basic249
[12:37:27.733] [bmv2] [T] [thread 5127] [9.0] [cxt 0] basic.p4(249) Primitive (bit<32>)standard_metadata.ingress_port
[12:37:27.733] [bmv2] [T] [thread 5127] [9.0] [cxt 0] basic.p4(249) Primitive linkLoad.read(link_load,(bit<32>)standard_metadata.ingress_port)
[12:37:27.733] [bmv2] [E] [thread 5127] [9.0] [cxt 0] Attempted to read register 'MyIngress.linkLoad' with size 3 at out-of-bounds index 4.  Dest field was not updated.
[12:37:27.733] [bmv2] [T] [thread 5127] [9.0] [cxt 0] basic.p4(250) Primitive (bit<32>)standard_metadata.ingress_port
[12:37:27.733] [bmv2] [T] [thread 5127] [9.0] [cxt 0] basic.p4(250) Primitive link_load+standard_metadata.packet_length
[12:37:27.733] [bmv2] [T] [thread 5127] [9.0] [cxt 0] basic.p4(250) Primitive linkLoad.write((bit<32>)standard_metadata.ingress_port, link_load+standard_metadata.packet_length)
[12:37:27.733] [bmv2] [E] [thread 5127] [9.0] [cxt 0] Attempted to write register 'MyIngress.linkLoad' with size 3 at out-of-bounds index 4.  No register array elements were updated.
[12:37:27.733] [bmv2] [T] [thread 5127] [9.0] [cxt 0] basic.p4(253) Primitive bytesReceived.read(incomming,flowId)
[12:37:27.733] [bmv2] [T] [thread 5127] [9.0] [cxt 0] Read register 'MyIngress.bytesReceived' at index 2 read value 754
[12:37:27.733] [bmv2] [T] [thread 5127] [9.0] [cxt 0] basic.p4(254) Primitive incomming+standard_metadata.packet_length
[12:37:27.733] [bmv2] [T] [thread 5127] [9.0] [cxt 0] basic.p4(254) Primitive bytesReceived.write(flowId,incomming+standard_metadata.packet_length)
[12:37:27.733] [bmv2] [T] [thread 5127] [9.0] [cxt 0] Wrote register 'MyIngress.bytesReceived' at index 2 with value 844
[12:37:27.733] [bmv2] [D] [thread 5127] [9.0] [cxt 0] Pipeline 'ingress': end
[12:37:27.733] [bmv2] [D] [thread 5127] [9.0] [cxt 0] Egress port is 0
[12:37:27.733] [bmv2] [D] [thread 5127] [10.0] [cxt 0] Processing packet received on port 4
[12:37:27.733] [bmv2] [D] [thread 5127] [10.0] [cxt 0] Parser 'parser': start
[12:37:27.733] [bmv2] [D] [thread 5127] [10.0] [cxt 0] Parser 'parser' entering state 'start'
[12:37:27.733] [bmv2] [D] [thread 5127] [10.0] [cxt 0] Extracting header 'ethernet'
[12:37:27.733] [bmv2] [D] [thread 5127] [10.0] [cxt 0] Parser state 'start': key is 86dd
[12:37:27.733] [bmv2] [T] [thread 5127] [10.0] [cxt 0] Bytes parsed: 14
[12:37:27.733] [bmv2] [T] [thread 5127] [10.0] [cxt 0] Skipping checksum 'cksum_0' verification because target field invalid
[12:37:27.733] [bmv2] [D] [thread 5127] [10.0] [cxt 0] Parser 'parser': end
[12:37:27.733] [bmv2] [D] [thread 5127] [10.0] [cxt 0] Pipeline 'ingress': start
[12:37:27.733] [bmv2] [T] [thread 5127] [10.0] [cxt 0] Applying table 'MyIngress.pkt_forward'
[12:37:27.733] [bmv2] [D] [thread 5127] [10.0] [cxt 0] Looking up key:
* hdr.ipv4.dstAddr    : 00000000

[12:37:27.733] [bmv2] [D] [thread 5127] [10.0] [cxt 0] Table 'MyIngress.pkt_forward': miss
[12:37:27.733] [bmv2] [D] [thread 5127] [10.0] [cxt 0] Action entry is NoAction - 
[12:37:27.733] [bmv2] [T] [thread 5127] [10.0] [cxt 0] Action NoAction
[12:37:27.733] [bmv2] [T] [thread 5127] [10.0] [cxt 0] Applying table 'tbl_get_flowId'
[12:37:27.733] [bmv2] [D] [thread 5127] [10.0] [cxt 0] Looking up key:

[12:37:27.733] [bmv2] [D] [thread 5127] [10.0] [cxt 0] Table 'tbl_get_flowId': miss
[12:37:27.733] [bmv2] [D] [thread 5127] [10.0] [cxt 0] Action entry is MyIngress.get_flowId - 
[12:37:27.733] [bmv2] [T] [thread 5127] [10.0] [cxt 0] Action MyIngress.get_flowId
[12:37:27.733] [bmv2] [T] [thread 5127] [10.0] [cxt 0] basic.p4(183) Primitive hash(flowId, HashAlgorithm.crc32, 32w0, {hdr.ipv4.srcAddr,hdr.ipv4.dstAddr, meta.l4_ports.src_port, meta.l4_ports.dst_port, hdr.ipv4.protocol}, maxFlows)
[12:37:27.733] [bmv2] [T] [thread 5127] [10.0] [cxt 0] hash(base=0, max=10) = 2
[12:37:27.733] [bmv2] [T] [thread 5127] [10.0] [cxt 0] Applying table 'tbl_basic213'
[12:37:27.733] [bmv2] [D] [thread 5127] [10.0] [cxt 0] Looking up key:

[12:37:27.733] [bmv2] [D] [thread 5127] [10.0] [cxt 0] Table 'tbl_basic213': miss
[12:37:27.733] [bmv2] [D] [thread 5127] [10.0] [cxt 0] Action entry is basic213 - 
[12:37:27.733] [bmv2] [T] [thread 5127] [10.0] [cxt 0] Action basic213
[12:37:27.733] [bmv2] [T] [thread 5127] [10.0] [cxt 0] basic.p4(213) Primitive isSeen.read(_isSeen, flowId)
[12:37:27.733] [bmv2] [T] [thread 5127] [10.0] [cxt 0] Read register 'MyIngress.isSeen' at index 2 read value 1
[12:37:27.733] [bmv2] [T] [thread 5127] [10.0] [cxt 0] basic.p4(214) Condition "_isSeen==0" (node_5) is false
[12:37:27.733] [bmv2] [T] [thread 5127] [10.0] [cxt 0] Applying table 'tbl_basic221'
[12:37:27.733] [bmv2] [D] [thread 5127] [10.0] [cxt 0] Looking up key:

[12:37:27.733] [bmv2] [D] [thread 5127] [10.0] [cxt 0] Table 'tbl_basic221': miss
[12:37:27.733] [bmv2] [D] [thread 5127] [10.0] [cxt 0] Action entry is basic221 - 
[12:37:27.733] [bmv2] [T] [thread 5127] [10.0] [cxt 0] Action basic221
[12:37:27.733] [bmv2] [T] [thread 5127] [10.0] [cxt 0] basic.p4(221) Primitive startTime.read(_startTime, flowId)
[12:37:27.733] [bmv2] [T] [thread 5127] [10.0] [cxt 0] Read register 'MyIngress.startTime' at index 2 read value 238161
[12:37:27.733] [bmv2] [T] [thread 5127] [10.0] [cxt 0] basic.p4(222) Condition "standard_metadata.ingress_global_timestamp - _startTime>=flow_level_window" (node_8) is false
[12:37:27.733] [bmv2] [T] [thread 5127] [10.0] [cxt 0] Applying table 'tbl_basic249'
[12:37:27.733] [bmv2] [D] [thread 5127] [10.0] [cxt 0] Looking up key:

[12:37:27.733] [bmv2] [D] [thread 5127] [10.0] [cxt 0] Table 'tbl_basic249': miss
[12:37:27.733] [bmv2] [D] [thread 5127] [10.0] [cxt 0] Action entry is basic249 - 
[12:37:27.733] [bmv2] [T] [thread 5127] [10.0] [cxt 0] Action basic249
[12:37:27.733] [bmv2] [T] [thread 5127] [10.0] [cxt 0] basic.p4(249) Primitive (bit<32>)standard_metadata.ingress_port
[12:37:27.733] [bmv2] [T] [thread 5127] [10.0] [cxt 0] basic.p4(249) Primitive linkLoad.read(link_load,(bit<32>)standard_metadata.ingress_port)
[12:37:27.733] [bmv2] [E] [thread 5127] [10.0] [cxt 0] Attempted to read register 'MyIngress.linkLoad' with size 3 at out-of-bounds index 4.  Dest field was not updated.
[12:37:27.733] [bmv2] [T] [thread 5127] [10.0] [cxt 0] basic.p4(250) Primitive (bit<32>)standard_metadata.ingress_port
[12:37:27.733] [bmv2] [T] [thread 5127] [10.0] [cxt 0] basic.p4(250) Primitive link_load+standard_metadata.packet_length
[12:37:27.733] [bmv2] [T] [thread 5127] [10.0] [cxt 0] basic.p4(250) Primitive linkLoad.write((bit<32>)standard_metadata.ingress_port, link_load+standard_metadata.packet_length)
[12:37:27.733] [bmv2] [E] [thread 5127] [10.0] [cxt 0] Attempted to write register 'MyIngress.linkLoad' with size 3 at out-of-bounds index 4.  No register array elements were updated.
[12:37:27.733] [bmv2] [T] [thread 5127] [10.0] [cxt 0] basic.p4(253) Primitive bytesReceived.read(incomming,flowId)
[12:37:27.734] [bmv2] [T] [thread 5127] [10.0] [cxt 0] Read register 'MyIngress.bytesReceived' at index 2 read value 844
[12:37:27.734] [bmv2] [T] [thread 5127] [10.0] [cxt 0] basic.p4(254) Primitive incomming+standard_metadata.packet_length
[12:37:27.734] [bmv2] [T] [thread 5127] [10.0] [cxt 0] basic.p4(254) Primitive bytesReceived.write(flowId,incomming+standard_metadata.packet_length)
[12:37:27.734] [bmv2] [T] [thread 5127] [10.0] [cxt 0] Wrote register 'MyIngress.bytesReceived' at index 2 with value 914
[12:37:27.734] [bmv2] [D] [thread 5127] [10.0] [cxt 0] Pipeline 'ingress': end
[12:37:27.734] [bmv2] [D] [thread 5127] [10.0] [cxt 0] Egress port is 0
[12:37:27.734] [bmv2] [D] [thread 5128] [9.0] [cxt 0] Pipeline 'egress': start
[12:37:27.734] [bmv2] [D] [thread 5128] [9.0] [cxt 0] Pipeline 'egress': end
[12:37:27.734] [bmv2] [D] [thread 5128] [9.0] [cxt 0] Deparser 'deparser': start
[12:37:27.734] [bmv2] [T] [thread 5128] [9.0] [cxt 0] Skipping checksum 'cksum' update because condition not met
[12:37:27.734] [bmv2] [D] [thread 5128] [9.0] [cxt 0] Deparsing header 'ethernet'
[12:37:27.734] [bmv2] [D] [thread 5128] [9.0] [cxt 0] Deparser 'deparser': end
[12:37:27.734] [bmv2] [D] [thread 5128] [10.0] [cxt 0] Pipeline 'egress': start
[12:37:27.734] [bmv2] [D] [thread 5128] [10.0] [cxt 0] Pipeline 'egress': end
[12:37:27.734] [bmv2] [D] [thread 5128] [10.0] [cxt 0] Deparser 'deparser': start
[12:37:27.734] [bmv2] [T] [thread 5128] [10.0] [cxt 0] Skipping checksum 'cksum' update because condition not met
[12:37:27.734] [bmv2] [D] [thread 5128] [10.0] [cxt 0] Deparsing header 'ethernet'
[12:37:27.734] [bmv2] [D] [thread 5128] [10.0] [cxt 0] Deparser 'deparser': end
[12:37:27.734] [bmv2] [D] [thread 5132] [9.0] [cxt 0] Transmitting packet of size 90 out of port 0
[12:37:27.734] [bmv2] [D] [thread 5132] [10.0] [cxt 0] Transmitting packet of size 70 out of port 0
[12:37:28.914] [bmv2] [T] [thread 5206] bm_get_config
[12:37:28.921] [bmv2] [T] [thread 5206] bm_table_add_entry
[12:37:28.921] [bmv2] [D] [thread 5206] Entry 0 added to table 'MyIngress.pkt_forward'
[12:37:28.921] [bmv2] [D] [thread 5206] Dumping entry 0
Match key:
* hdr.ipv4.dstAddr    : EXACT     0a000101
Action entry: MyIngress.ipv4_forward - a000101,1,

[12:37:28.922] [bmv2] [T] [thread 5206] bm_table_add_entry
[12:37:28.922] [bmv2] [D] [thread 5206] Entry 1 added to table 'MyIngress.pkt_forward'
[12:37:28.922] [bmv2] [D] [thread 5206] Dumping entry 1
Match key:
* hdr.ipv4.dstAddr    : EXACT     0a000102
Action entry: MyIngress.ipv4_forward - a000102,2,

[12:37:28.923] [bmv2] [T] [thread 5206] bm_table_add_entry
[12:37:28.923] [bmv2] [D] [thread 5206] Entry 2 added to table 'MyIngress.pkt_forward'
[12:37:28.923] [bmv2] [D] [thread 5206] Dumping entry 2
Match key:
* hdr.ipv4.dstAddr    : EXACT     0a000103
Action entry: MyIngress.ipv4_forward - a000103,3,

